epoch=400, cos=True, batch_size=128*2

2023-08-08 13:15:41,263 DEBUG Data statistics: {0: {0: 351, 1: 2517, 4: 1070, 5: 893, 6: 127, 7: 241}, 1: {0: 152, 1: 125, 2: 1323, 3: 973, 4: 941, 5: 406, 7: 474, 8: 1297}, 2: {0: 11, 1: 54, 2: 354, 3: 23, 4: 329, 5: 1474, 6: 65, 7: 59, 8: 278, 9: 126}, 3: {0: 66, 1: 318, 2: 25, 3: 152, 4: 679, 6: 104, 7: 1569, 8: 1034, 9: 917}, 4: {0: 21, 1: 970, 2: 60, 3: 154, 4: 2, 5: 54, 6: 2737, 7: 372, 8: 91, 9: 2398}, 5: {0: 1733, 1: 94, 2: 77, 3: 90, 4: 41, 5: 1007, 6: 63, 7: 57, 8: 1997}, 6: {2: 27, 3: 72, 4: 439, 5: 827, 6: 236, 7: 2025, 8: 276, 9: 1481}, 7: {0: 1350, 1: 801, 2: 302, 4: 254, 5: 1, 6: 8, 7: 202, 8: 27, 9: 78}, 8: {0: 848, 1: 6, 2: 2759, 3: 868, 4: 1237}, 9: {0: 468, 1: 115, 2: 73, 3: 2668, 4: 8, 5: 338, 6: 1660, 7: 1}}
2023-08-08 13:15:41,263 DEBUG SFL-Moco-microbatch (Moco-V2, Hetero: True, Sample_Ratio: 1.0) Train on cifar10 with cutlayer 1 and 10 clients with 1.0-data-distribution: total epochs: 400, total number of batches for each client is 41
2023-08-08 13:15:41,263 DEBUG Data statistics: {0: {0: 351, 1: 2517, 4: 1070, 5: 893, 6: 127, 7: 241}, 1: {0: 152, 1: 125, 2: 1323, 3: 973, 4: 941, 5: 406, 7: 474, 8: 1297}, 2: {0: 11, 1: 54, 2: 354, 3: 23, 4: 329, 5: 1474, 6: 65, 7: 59, 8: 278, 9: 126}, 3: {0: 66, 1: 318, 2: 25, 3: 152, 4: 679, 6: 104, 7: 1569, 8: 1034, 9: 917}, 4: {0: 21, 1: 970, 2: 60, 3: 154, 4: 2, 5: 54, 6: 2737, 7: 372, 8: 91, 9: 2398}, 5: {0: 1733, 1: 94, 2: 77, 3: 90, 4: 41, 5: 1007, 6: 63, 7: 57, 8: 1997}, 6: {2: 27, 3: 72, 4: 439, 5: 827, 6: 236, 7: 2025, 8: 276, 9: 1481}, 7: {0: 1350, 1: 801, 2: 302, 4: 254, 5: 1, 6: 8, 7: 202, 8: 27, 9: 78}, 8: {0: 848, 1: 6, 2: 2759, 3: 868, 4: 1237}, 9: {0: 468, 1: 115, 2: 73, 3: 2668, 4: 8, 5: 338, 6: 1660, 7: 1}}
2023-08-08 13:15:41,264 DEBUG SFL-Moco-microbatch (Moco-V2, Hetero: True, Sample_Ratio: 1.0) Train on cifar10 with cutlayer 1 and 10 clients with 1.0-data-distribution: total epochs: 400, total number of batches for each client is 41
2023-08-08 13:16:15,617 DEBUG epoch:1, knn_val_accu: 28.24, contrast_loss: 14.27, contrast_acc: 0.49
2023-08-08 13:16:15,800 DEBUG epoch:1, knn_val_accu: 28.24, contrast_loss: 14.27, contrast_acc: 0.49
2023-08-08 13:16:51,551 DEBUG epoch:2, knn_val_accu: 32.63, contrast_loss: 14.03, contrast_acc: 0.43
2023-08-08 13:16:51,720 DEBUG epoch:2, knn_val_accu: 32.63, contrast_loss: 14.03, contrast_acc: 0.43
2023-08-08 13:17:27,897 DEBUG epoch:3, knn_val_accu: 34.88, contrast_loss: 13.75, contrast_acc: 0.75
2023-08-08 13:17:27,897 DEBUG epoch:3, knn_val_accu: 34.88, contrast_loss: 13.75, contrast_acc: 0.75
2023-08-08 13:18:04,059 DEBUG epoch:4, knn_val_accu: 36.50, contrast_loss: 13.56, contrast_acc: 1.52
2023-08-08 13:18:04,059 DEBUG epoch:4, knn_val_accu: 36.50, contrast_loss: 13.56, contrast_acc: 1.52
2023-08-08 13:18:39,671 DEBUG epoch:5, knn_val_accu: 37.15, contrast_loss: 13.44, contrast_acc: 2.47
2023-08-08 13:18:39,679 DEBUG epoch:5, knn_val_accu: 37.15, contrast_loss: 13.44, contrast_acc: 2.47
2023-08-08 13:19:15,685 DEBUG epoch:6, knn_val_accu: 39.05, contrast_loss: 13.36, contrast_acc: 3.62
2023-08-08 13:19:15,685 DEBUG epoch:6, knn_val_accu: 39.05, contrast_loss: 13.36, contrast_acc: 3.62
2023-08-08 13:19:51,898 DEBUG epoch:7, knn_val_accu: 39.48, contrast_loss: 13.30, contrast_acc: 4.57
2023-08-08 13:19:51,935 DEBUG epoch:7, knn_val_accu: 39.48, contrast_loss: 13.30, contrast_acc: 4.57
2023-08-08 13:20:27,831 DEBUG epoch:8, knn_val_accu: 39.51, contrast_loss: 13.25, contrast_acc: 5.63
2023-08-08 13:20:28,009 DEBUG epoch:8, knn_val_accu: 39.51, contrast_loss: 13.25, contrast_acc: 5.63
2023-08-08 13:21:03,756 DEBUG epoch:9, knn_val_accu: 40.50, contrast_loss: 13.21, contrast_acc: 6.47
2023-08-08 13:21:03,761 DEBUG epoch:9, knn_val_accu: 40.50, contrast_loss: 13.21, contrast_acc: 6.47
2023-08-08 13:21:39,392 DEBUG epoch:10, knn_val_accu: 40.61, contrast_loss: 13.18, contrast_acc: 7.31
2023-08-08 13:21:39,573 DEBUG epoch:10, knn_val_accu: 40.61, contrast_loss: 13.18, contrast_acc: 7.31
2023-08-08 13:22:15,487 DEBUG epoch:11, knn_val_accu: 41.22, contrast_loss: 13.17, contrast_acc: 7.44
2023-08-08 13:22:15,489 DEBUG epoch:11, knn_val_accu: 41.22, contrast_loss: 13.17, contrast_acc: 7.44
2023-08-08 13:22:51,646 DEBUG epoch:12, knn_val_accu: 41.62, contrast_loss: 13.14, contrast_acc: 8.01
2023-08-08 13:22:51,646 DEBUG epoch:12, knn_val_accu: 41.62, contrast_loss: 13.14, contrast_acc: 8.01
2023-08-08 13:23:27,858 DEBUG epoch:13, knn_val_accu: 42.05, contrast_loss: 13.13, contrast_acc: 8.45
2023-08-08 13:23:27,877 DEBUG epoch:13, knn_val_accu: 42.05, contrast_loss: 13.13, contrast_acc: 8.45
2023-08-08 13:24:03,502 DEBUG epoch:14, knn_val_accu: 42.54, contrast_loss: 13.11, contrast_acc: 9.30
2023-08-08 13:24:03,504 DEBUG epoch:14, knn_val_accu: 42.54, contrast_loss: 13.11, contrast_acc: 9.30
2023-08-08 13:24:39,214 DEBUG epoch:15, knn_val_accu: 43.04, contrast_loss: 13.09, contrast_acc: 9.64
2023-08-08 13:24:39,385 DEBUG epoch:15, knn_val_accu: 43.04, contrast_loss: 13.09, contrast_acc: 9.64
2023-08-08 13:25:15,179 DEBUG epoch:16, knn_val_accu: 44.20, contrast_loss: 13.09, contrast_acc: 9.72
2023-08-08 13:25:15,349 DEBUG epoch:16, knn_val_accu: 44.20, contrast_loss: 13.09, contrast_acc: 9.72
2023-08-08 13:25:51,471 DEBUG epoch:17, knn_val_accu: 44.61, contrast_loss: 13.07, contrast_acc: 10.25
2023-08-08 13:25:51,479 DEBUG epoch:17, knn_val_accu: 44.61, contrast_loss: 13.07, contrast_acc: 10.25
2023-08-08 13:26:27,466 DEBUG epoch:18, knn_val_accu: 45.11, contrast_loss: 13.06, contrast_acc: 10.75
2023-08-08 13:26:27,470 DEBUG epoch:18, knn_val_accu: 45.11, contrast_loss: 13.06, contrast_acc: 10.75
2023-08-08 13:27:03,269 DEBUG epoch:19, knn_val_accu: 45.54, contrast_loss: 13.04, contrast_acc: 11.77
2023-08-08 13:27:03,289 DEBUG epoch:19, knn_val_accu: 45.54, contrast_loss: 13.04, contrast_acc: 11.77
2023-08-08 13:27:39,550 DEBUG epoch:20, knn_val_accu: 45.95, contrast_loss: 13.04, contrast_acc: 11.75
2023-08-08 13:27:39,551 DEBUG epoch:20, knn_val_accu: 45.95, contrast_loss: 13.04, contrast_acc: 11.75
2023-08-08 13:28:15,386 DEBUG epoch:21, knn_val_accu: 46.26, contrast_loss: 13.04, contrast_acc: 12.15
2023-08-08 13:28:15,389 DEBUG epoch:21, knn_val_accu: 46.26, contrast_loss: 13.04, contrast_acc: 12.15
2023-08-08 13:28:51,680 DEBUG epoch:22, knn_val_accu: 47.00, contrast_loss: 13.03, contrast_acc: 12.29
2023-08-08 13:28:51,892 DEBUG epoch:22, knn_val_accu: 47.00, contrast_loss: 13.03, contrast_acc: 12.29
2023-08-08 13:29:27,498 DEBUG epoch:23, knn_val_accu: 47.72, contrast_loss: 13.02, contrast_acc: 12.68
2023-08-08 13:29:27,498 DEBUG epoch:23, knn_val_accu: 47.72, contrast_loss: 13.02, contrast_acc: 12.68
2023-08-08 13:30:03,728 DEBUG epoch:24, knn_val_accu: 47.80, contrast_loss: 13.01, contrast_acc: 12.91
2023-08-08 13:30:03,730 DEBUG epoch:24, knn_val_accu: 47.80, contrast_loss: 13.01, contrast_acc: 12.91
2023-08-08 13:30:39,832 DEBUG epoch:25, knn_val_accu: 48.97, contrast_loss: 13.00, contrast_acc: 13.82
2023-08-08 13:30:39,832 DEBUG epoch:25, knn_val_accu: 48.97, contrast_loss: 13.00, contrast_acc: 13.82
2023-08-08 13:31:16,341 DEBUG epoch:26, knn_val_accu: 49.15, contrast_loss: 13.00, contrast_acc: 13.91
2023-08-08 13:31:16,342 DEBUG epoch:26, knn_val_accu: 49.15, contrast_loss: 13.00, contrast_acc: 13.91
2023-08-08 13:31:52,183 DEBUG epoch:27, knn_val_accu: 49.51, contrast_loss: 12.99, contrast_acc: 14.60
2023-08-08 13:31:52,398 DEBUG epoch:27, knn_val_accu: 49.51, contrast_loss: 12.99, contrast_acc: 14.60
2023-08-08 13:32:28,365 DEBUG epoch:28, knn_val_accu: 50.15, contrast_loss: 12.98, contrast_acc: 15.01
2023-08-08 13:32:28,366 DEBUG epoch:28, knn_val_accu: 50.15, contrast_loss: 12.98, contrast_acc: 15.01
2023-08-08 13:33:04,269 DEBUG epoch:29, knn_val_accu: 50.65, contrast_loss: 12.97, contrast_acc: 15.76
2023-08-08 13:33:04,308 DEBUG epoch:29, knn_val_accu: 50.65, contrast_loss: 12.97, contrast_acc: 15.76
2023-08-08 13:33:39,637 DEBUG epoch:30, knn_val_accu: 51.24, contrast_loss: 12.97, contrast_acc: 15.71
2023-08-08 13:33:39,639 DEBUG epoch:30, knn_val_accu: 51.24, contrast_loss: 12.97, contrast_acc: 15.71
2023-08-08 13:34:15,418 DEBUG epoch:31, knn_val_accu: 51.61, contrast_loss: 12.96, contrast_acc: 15.54
2023-08-08 13:34:15,445 DEBUG epoch:31, knn_val_accu: 51.61, contrast_loss: 12.96, contrast_acc: 15.54
2023-08-08 13:34:51,738 DEBUG epoch:32, knn_val_accu: 52.01, contrast_loss: 12.96, contrast_acc: 16.34
2023-08-08 13:34:51,942 DEBUG epoch:32, knn_val_accu: 52.01, contrast_loss: 12.96, contrast_acc: 16.34
2023-08-08 13:35:27,794 DEBUG epoch:33, knn_val_accu: 52.17, contrast_loss: 12.95, contrast_acc: 16.84
2023-08-08 13:35:27,813 DEBUG epoch:33, knn_val_accu: 52.17, contrast_loss: 12.95, contrast_acc: 16.84
2023-08-08 13:36:03,949 DEBUG epoch:34, knn_val_accu: 53.31, contrast_loss: 12.94, contrast_acc: 17.63
2023-08-08 13:36:03,963 DEBUG epoch:34, knn_val_accu: 53.31, contrast_loss: 12.94, contrast_acc: 17.63
2023-08-08 13:36:40,172 DEBUG epoch:35, knn_val_accu: 53.35, contrast_loss: 12.94, contrast_acc: 17.66
2023-08-08 13:36:40,367 DEBUG epoch:35, knn_val_accu: 53.35, contrast_loss: 12.94, contrast_acc: 17.66
2023-08-08 13:37:16,184 DEBUG epoch:36, knn_val_accu: 53.91, contrast_loss: 12.93, contrast_acc: 17.69
2023-08-08 13:37:16,186 DEBUG epoch:36, knn_val_accu: 53.91, contrast_loss: 12.93, contrast_acc: 17.69
2023-08-08 13:37:51,822 DEBUG epoch:37, knn_val_accu: 53.78, contrast_loss: 12.93, contrast_acc: 18.10
2023-08-08 13:37:51,854 DEBUG epoch:37, knn_val_accu: 53.78, contrast_loss: 12.93, contrast_acc: 18.10
2023-08-08 13:38:27,942 DEBUG epoch:38, knn_val_accu: 54.46, contrast_loss: 12.93, contrast_acc: 18.38
2023-08-08 13:38:27,942 DEBUG epoch:38, knn_val_accu: 54.46, contrast_loss: 12.93, contrast_acc: 18.38
2023-08-08 13:39:04,362 DEBUG epoch:39, knn_val_accu: 54.51, contrast_loss: 12.92, contrast_acc: 18.80
2023-08-08 13:39:04,362 DEBUG epoch:39, knn_val_accu: 54.51, contrast_loss: 12.92, contrast_acc: 18.80
2023-08-08 13:39:40,194 DEBUG epoch:40, knn_val_accu: 55.02, contrast_loss: 12.92, contrast_acc: 18.92
2023-08-08 13:39:40,194 DEBUG epoch:40, knn_val_accu: 55.02, contrast_loss: 12.92, contrast_acc: 18.92
2023-08-08 13:40:16,697 DEBUG epoch:41, knn_val_accu: 56.00, contrast_loss: 12.91, contrast_acc: 19.48
2023-08-08 13:40:16,884 DEBUG epoch:41, knn_val_accu: 56.00, contrast_loss: 12.91, contrast_acc: 19.48
2023-08-08 13:40:51,876 DEBUG epoch:42, knn_val_accu: 55.96, contrast_loss: 12.91, contrast_acc: 19.23
2023-08-08 13:40:51,979 DEBUG epoch:42, knn_val_accu: 55.96, contrast_loss: 12.91, contrast_acc: 19.23
2023-08-08 13:41:27,918 DEBUG epoch:43, knn_val_accu: 55.97, contrast_loss: 12.91, contrast_acc: 20.06
2023-08-08 13:41:28,050 DEBUG epoch:43, knn_val_accu: 55.97, contrast_loss: 12.91, contrast_acc: 20.06
2023-08-08 13:42:03,646 DEBUG epoch:44, knn_val_accu: 56.50, contrast_loss: 12.90, contrast_acc: 20.10
2023-08-08 13:42:03,646 DEBUG epoch:44, knn_val_accu: 56.50, contrast_loss: 12.90, contrast_acc: 20.10
2023-08-08 13:42:39,390 DEBUG epoch:45, knn_val_accu: 56.96, contrast_loss: 12.90, contrast_acc: 21.01
2023-08-08 13:42:39,390 DEBUG epoch:45, knn_val_accu: 56.96, contrast_loss: 12.90, contrast_acc: 21.01
2023-08-08 13:43:14,921 DEBUG epoch:46, knn_val_accu: 56.93, contrast_loss: 12.90, contrast_acc: 20.76
2023-08-08 13:43:14,950 DEBUG epoch:46, knn_val_accu: 56.93, contrast_loss: 12.90, contrast_acc: 20.76
2023-08-08 13:43:51,166 DEBUG epoch:47, knn_val_accu: 57.12, contrast_loss: 12.89, contrast_acc: 20.95
2023-08-08 13:43:51,167 DEBUG epoch:47, knn_val_accu: 57.12, contrast_loss: 12.89, contrast_acc: 20.95
2023-08-08 13:44:27,426 DEBUG epoch:48, knn_val_accu: 57.71, contrast_loss: 12.89, contrast_acc: 20.91
2023-08-08 13:44:27,426 DEBUG epoch:48, knn_val_accu: 57.71, contrast_loss: 12.89, contrast_acc: 20.91
2023-08-08 13:45:03,279 DEBUG epoch:49, knn_val_accu: 57.51, contrast_loss: 12.89, contrast_acc: 21.42
2023-08-08 13:45:03,280 DEBUG epoch:49, knn_val_accu: 57.51, contrast_loss: 12.89, contrast_acc: 21.42
2023-08-08 13:45:39,231 DEBUG epoch:50, knn_val_accu: 58.29, contrast_loss: 12.89, contrast_acc: 21.00
2023-08-08 13:45:39,404 DEBUG epoch:50, knn_val_accu: 58.29, contrast_loss: 12.89, contrast_acc: 21.00
2023-08-08 13:46:15,297 DEBUG epoch:51, knn_val_accu: 58.39, contrast_loss: 12.88, contrast_acc: 21.77
2023-08-08 13:46:15,305 DEBUG epoch:51, knn_val_accu: 58.39, contrast_loss: 12.88, contrast_acc: 21.77
2023-08-08 13:46:51,541 DEBUG epoch:52, knn_val_accu: 58.57, contrast_loss: 12.88, contrast_acc: 22.40
2023-08-08 13:46:51,542 DEBUG epoch:52, knn_val_accu: 58.57, contrast_loss: 12.88, contrast_acc: 22.40
2023-08-08 13:47:27,254 DEBUG epoch:53, knn_val_accu: 58.95, contrast_loss: 12.87, contrast_acc: 22.51
2023-08-08 13:47:27,313 DEBUG epoch:53, knn_val_accu: 58.95, contrast_loss: 12.87, contrast_acc: 22.51
2023-08-08 13:48:03,303 DEBUG epoch:54, knn_val_accu: 59.05, contrast_loss: 12.88, contrast_acc: 22.03
2023-08-08 13:48:03,482 DEBUG epoch:54, knn_val_accu: 59.05, contrast_loss: 12.88, contrast_acc: 22.03
2023-08-08 13:48:39,618 DEBUG epoch:55, knn_val_accu: 59.62, contrast_loss: 12.87, contrast_acc: 22.90
2023-08-08 13:48:39,800 DEBUG epoch:55, knn_val_accu: 59.62, contrast_loss: 12.87, contrast_acc: 22.90
2023-08-08 13:49:15,474 DEBUG epoch:56, knn_val_accu: 59.73, contrast_loss: 12.87, contrast_acc: 22.92
2023-08-08 13:49:15,503 DEBUG epoch:56, knn_val_accu: 59.73, contrast_loss: 12.87, contrast_acc: 22.92
2023-08-08 13:49:51,697 DEBUG epoch:57, knn_val_accu: 60.06, contrast_loss: 12.86, contrast_acc: 22.96
2023-08-08 13:49:51,720 DEBUG epoch:57, knn_val_accu: 60.06, contrast_loss: 12.86, contrast_acc: 22.96
2023-08-08 13:50:27,441 DEBUG epoch:58, knn_val_accu: 60.36, contrast_loss: 12.86, contrast_acc: 23.26
2023-08-08 13:50:27,441 DEBUG epoch:58, knn_val_accu: 60.36, contrast_loss: 12.86, contrast_acc: 23.26
2023-08-08 13:51:03,031 DEBUG epoch:59, knn_val_accu: 60.53, contrast_loss: 12.86, contrast_acc: 22.78
2023-08-08 13:51:03,031 DEBUG epoch:59, knn_val_accu: 60.53, contrast_loss: 12.86, contrast_acc: 22.78
2023-08-08 13:51:38,532 DEBUG epoch:60, knn_val_accu: 60.46, contrast_loss: 12.86, contrast_acc: 23.04
2023-08-08 13:51:38,540 DEBUG epoch:60, knn_val_accu: 60.46, contrast_loss: 12.86, contrast_acc: 23.04
2023-08-08 13:52:14,517 DEBUG epoch:61, knn_val_accu: 60.48, contrast_loss: 12.86, contrast_acc: 23.16
2023-08-08 13:52:14,533 DEBUG epoch:61, knn_val_accu: 60.48, contrast_loss: 12.86, contrast_acc: 23.16
2023-08-08 13:52:50,272 DEBUG epoch:62, knn_val_accu: 60.75, contrast_loss: 12.85, contrast_acc: 23.14
2023-08-08 13:52:50,459 DEBUG epoch:62, knn_val_accu: 60.75, contrast_loss: 12.85, contrast_acc: 23.14
2023-08-08 13:53:26,458 DEBUG epoch:63, knn_val_accu: 60.92, contrast_loss: 12.86, contrast_acc: 23.60
2023-08-08 13:53:26,458 DEBUG epoch:63, knn_val_accu: 60.92, contrast_loss: 12.86, contrast_acc: 23.60
2023-08-08 13:54:02,909 DEBUG epoch:64, knn_val_accu: 61.54, contrast_loss: 12.84, contrast_acc: 24.33
2023-08-08 13:54:02,910 DEBUG epoch:64, knn_val_accu: 61.54, contrast_loss: 12.84, contrast_acc: 24.33
2023-08-08 13:54:38,608 DEBUG epoch:65, knn_val_accu: 61.44, contrast_loss: 12.85, contrast_acc: 23.98
2023-08-08 13:54:38,622 DEBUG epoch:65, knn_val_accu: 61.44, contrast_loss: 12.85, contrast_acc: 23.98
2023-08-08 13:55:14,743 DEBUG epoch:66, knn_val_accu: 61.62, contrast_loss: 12.84, contrast_acc: 24.10
2023-08-08 13:55:14,743 DEBUG epoch:66, knn_val_accu: 61.62, contrast_loss: 12.84, contrast_acc: 24.10
2023-08-08 13:55:50,297 DEBUG epoch:67, knn_val_accu: 61.87, contrast_loss: 12.84, contrast_acc: 24.47
2023-08-08 13:55:50,346 DEBUG epoch:67, knn_val_accu: 61.87, contrast_loss: 12.84, contrast_acc: 24.47
2023-08-08 13:56:26,457 DEBUG epoch:68, knn_val_accu: 61.78, contrast_loss: 12.84, contrast_acc: 24.76
2023-08-08 13:56:26,635 DEBUG epoch:68, knn_val_accu: 61.78, contrast_loss: 12.84, contrast_acc: 24.76
2023-08-08 13:57:02,359 DEBUG epoch:69, knn_val_accu: 62.32, contrast_loss: 12.84, contrast_acc: 24.40
2023-08-08 13:57:02,529 DEBUG epoch:69, knn_val_accu: 62.32, contrast_loss: 12.84, contrast_acc: 24.40
2023-08-08 13:57:38,377 DEBUG epoch:70, knn_val_accu: 61.96, contrast_loss: 12.84, contrast_acc: 24.30
2023-08-08 13:57:38,417 DEBUG epoch:70, knn_val_accu: 61.96, contrast_loss: 12.84, contrast_acc: 24.30
2023-08-08 13:58:14,247 DEBUG epoch:71, knn_val_accu: 62.72, contrast_loss: 12.84, contrast_acc: 24.59
2023-08-08 13:58:14,247 DEBUG epoch:71, knn_val_accu: 62.72, contrast_loss: 12.84, contrast_acc: 24.59
2023-08-08 13:58:50,352 DEBUG epoch:72, knn_val_accu: 62.53, contrast_loss: 12.84, contrast_acc: 24.84
2023-08-08 13:58:50,396 DEBUG epoch:72, knn_val_accu: 62.53, contrast_loss: 12.84, contrast_acc: 24.84
2023-08-08 13:59:26,446 DEBUG epoch:73, knn_val_accu: 63.00, contrast_loss: 12.83, contrast_acc: 25.48
2023-08-08 13:59:26,687 DEBUG epoch:73, knn_val_accu: 63.00, contrast_loss: 12.83, contrast_acc: 25.48
2023-08-08 14:00:01,862 DEBUG epoch:74, knn_val_accu: 63.65, contrast_loss: 12.83, contrast_acc: 25.10
2023-08-08 14:00:01,862 DEBUG epoch:74, knn_val_accu: 63.65, contrast_loss: 12.83, contrast_acc: 25.10
2023-08-08 14:00:38,018 DEBUG epoch:75, knn_val_accu: 62.92, contrast_loss: 12.83, contrast_acc: 25.57
2023-08-08 14:00:38,135 DEBUG epoch:75, knn_val_accu: 62.92, contrast_loss: 12.83, contrast_acc: 25.57
2023-08-08 14:01:13,815 DEBUG epoch:76, knn_val_accu: 63.07, contrast_loss: 12.83, contrast_acc: 24.70
2023-08-08 14:01:13,917 DEBUG epoch:76, knn_val_accu: 63.07, contrast_loss: 12.83, contrast_acc: 24.70
2023-08-08 14:01:50,203 DEBUG epoch:77, knn_val_accu: 63.25, contrast_loss: 12.82, contrast_acc: 25.48
2023-08-08 14:01:50,232 DEBUG epoch:77, knn_val_accu: 63.25, contrast_loss: 12.82, contrast_acc: 25.48
2023-08-08 14:02:26,097 DEBUG epoch:78, knn_val_accu: 63.64, contrast_loss: 12.83, contrast_acc: 25.49
2023-08-08 14:02:26,167 DEBUG epoch:78, knn_val_accu: 63.64, contrast_loss: 12.83, contrast_acc: 25.49
2023-08-08 14:03:01,733 DEBUG epoch:79, knn_val_accu: 63.55, contrast_loss: 12.82, contrast_acc: 25.45
2023-08-08 14:03:01,764 DEBUG epoch:79, knn_val_accu: 63.55, contrast_loss: 12.82, contrast_acc: 25.45
2023-08-08 14:03:37,745 DEBUG epoch:80, knn_val_accu: 64.53, contrast_loss: 12.82, contrast_acc: 26.31
2023-08-08 14:03:37,745 DEBUG epoch:80, knn_val_accu: 64.53, contrast_loss: 12.82, contrast_acc: 26.31
2023-08-08 14:04:14,111 DEBUG epoch:81, knn_val_accu: 64.14, contrast_loss: 12.82, contrast_acc: 25.91
2023-08-08 14:04:14,124 DEBUG epoch:81, knn_val_accu: 64.14, contrast_loss: 12.82, contrast_acc: 25.91
2023-08-08 14:04:50,516 DEBUG epoch:82, knn_val_accu: 64.02, contrast_loss: 12.82, contrast_acc: 25.77
2023-08-08 14:04:50,532 DEBUG epoch:82, knn_val_accu: 64.02, contrast_loss: 12.82, contrast_acc: 25.77
2023-08-08 14:05:26,018 DEBUG epoch:83, knn_val_accu: 64.76, contrast_loss: 12.81, contrast_acc: 26.46
2023-08-08 14:05:26,191 DEBUG epoch:83, knn_val_accu: 64.76, contrast_loss: 12.81, contrast_acc: 26.46
2023-08-08 14:06:01,452 DEBUG epoch:84, knn_val_accu: 64.67, contrast_loss: 12.82, contrast_acc: 25.80
2023-08-08 14:06:01,470 DEBUG epoch:84, knn_val_accu: 64.67, contrast_loss: 12.82, contrast_acc: 25.80
2023-08-08 14:06:37,392 DEBUG epoch:85, knn_val_accu: 64.81, contrast_loss: 12.81, contrast_acc: 26.26
2023-08-08 14:06:37,590 DEBUG epoch:85, knn_val_accu: 64.81, contrast_loss: 12.81, contrast_acc: 26.26
2023-08-08 14:07:13,756 DEBUG epoch:86, knn_val_accu: 64.83, contrast_loss: 12.81, contrast_acc: 26.19
2023-08-08 14:07:13,764 DEBUG epoch:86, knn_val_accu: 64.83, contrast_loss: 12.81, contrast_acc: 26.19
2023-08-08 14:07:49,803 DEBUG epoch:87, knn_val_accu: 65.10, contrast_loss: 12.81, contrast_acc: 26.46
2023-08-08 14:07:49,804 DEBUG epoch:87, knn_val_accu: 65.10, contrast_loss: 12.81, contrast_acc: 26.46
2023-08-08 14:08:24,911 DEBUG epoch:88, knn_val_accu: 65.45, contrast_loss: 12.81, contrast_acc: 26.53
2023-08-08 14:08:24,911 DEBUG epoch:88, knn_val_accu: 65.45, contrast_loss: 12.81, contrast_acc: 26.53
2023-08-08 14:09:00,818 DEBUG epoch:89, knn_val_accu: 65.00, contrast_loss: 12.81, contrast_acc: 26.92
2023-08-08 14:09:00,918 DEBUG epoch:89, knn_val_accu: 65.00, contrast_loss: 12.81, contrast_acc: 26.92
2023-08-08 14:09:36,851 DEBUG epoch:90, knn_val_accu: 65.20, contrast_loss: 12.81, contrast_acc: 26.34
2023-08-08 14:09:36,943 DEBUG epoch:90, knn_val_accu: 65.20, contrast_loss: 12.81, contrast_acc: 26.34
2023-08-08 14:10:13,034 DEBUG epoch:91, knn_val_accu: 65.70, contrast_loss: 12.81, contrast_acc: 26.45
2023-08-08 14:10:13,036 DEBUG epoch:91, knn_val_accu: 65.70, contrast_loss: 12.81, contrast_acc: 26.45
2023-08-08 14:10:48,872 DEBUG epoch:92, knn_val_accu: 65.93, contrast_loss: 12.81, contrast_acc: 26.89
2023-08-08 14:10:48,876 DEBUG epoch:92, knn_val_accu: 65.93, contrast_loss: 12.81, contrast_acc: 26.89
2023-08-08 14:11:24,373 DEBUG epoch:93, knn_val_accu: 65.93, contrast_loss: 12.80, contrast_acc: 27.47
2023-08-08 14:11:24,461 DEBUG epoch:93, knn_val_accu: 65.93, contrast_loss: 12.80, contrast_acc: 27.47
2023-08-08 14:12:00,352 DEBUG epoch:94, knn_val_accu: 65.87, contrast_loss: 12.80, contrast_acc: 27.06
2023-08-08 14:12:00,381 DEBUG epoch:94, knn_val_accu: 65.87, contrast_loss: 12.80, contrast_acc: 27.06
2023-08-08 14:12:36,471 DEBUG epoch:95, knn_val_accu: 66.09, contrast_loss: 12.80, contrast_acc: 27.21
2023-08-08 14:12:36,497 DEBUG epoch:95, knn_val_accu: 66.09, contrast_loss: 12.80, contrast_acc: 27.21
2023-08-08 14:13:12,486 DEBUG epoch:96, knn_val_accu: 66.37, contrast_loss: 12.80, contrast_acc: 27.41
2023-08-08 14:13:12,696 DEBUG epoch:96, knn_val_accu: 66.37, contrast_loss: 12.80, contrast_acc: 27.41
2023-08-08 14:13:48,542 DEBUG epoch:97, knn_val_accu: 66.44, contrast_loss: 12.80, contrast_acc: 27.42
2023-08-08 14:13:48,542 DEBUG epoch:97, knn_val_accu: 66.44, contrast_loss: 12.80, contrast_acc: 27.42
2023-08-08 14:14:24,223 DEBUG epoch:98, knn_val_accu: 66.06, contrast_loss: 12.80, contrast_acc: 27.10
2023-08-08 14:14:24,272 DEBUG epoch:98, knn_val_accu: 66.06, contrast_loss: 12.80, contrast_acc: 27.10
2023-08-08 14:15:00,268 DEBUG epoch:99, knn_val_accu: 66.22, contrast_loss: 12.80, contrast_acc: 27.00
2023-08-08 14:15:00,297 DEBUG epoch:99, knn_val_accu: 66.22, contrast_loss: 12.80, contrast_acc: 27.00
2023-08-08 14:15:36,135 DEBUG epoch:100, knn_val_accu: 66.37, contrast_loss: 12.80, contrast_acc: 26.80
2023-08-08 14:15:36,224 DEBUG epoch:100, knn_val_accu: 66.37, contrast_loss: 12.80, contrast_acc: 26.80
2023-08-08 14:16:12,202 DEBUG epoch:101, knn_val_accu: 67.29, contrast_loss: 12.79, contrast_acc: 27.29
2023-08-08 14:16:12,202 DEBUG epoch:101, knn_val_accu: 67.29, contrast_loss: 12.79, contrast_acc: 27.29
2023-08-08 14:16:47,719 DEBUG epoch:102, knn_val_accu: 66.83, contrast_loss: 12.79, contrast_acc: 27.54
2023-08-08 14:16:47,789 DEBUG epoch:102, knn_val_accu: 66.83, contrast_loss: 12.79, contrast_acc: 27.54
2023-08-08 14:17:23,417 DEBUG epoch:103, knn_val_accu: 66.57, contrast_loss: 12.79, contrast_acc: 27.65
2023-08-08 14:17:23,456 DEBUG epoch:103, knn_val_accu: 66.57, contrast_loss: 12.79, contrast_acc: 27.65
2023-08-08 14:17:59,568 DEBUG epoch:104, knn_val_accu: 67.32, contrast_loss: 12.79, contrast_acc: 27.80
2023-08-08 14:17:59,777 DEBUG epoch:104, knn_val_accu: 67.32, contrast_loss: 12.79, contrast_acc: 27.80
2023-08-08 14:18:35,282 DEBUG epoch:105, knn_val_accu: 66.97, contrast_loss: 12.79, contrast_acc: 27.32
2023-08-08 14:18:35,347 DEBUG epoch:105, knn_val_accu: 66.97, contrast_loss: 12.79, contrast_acc: 27.32
2023-08-08 14:19:10,822 DEBUG epoch:106, knn_val_accu: 67.49, contrast_loss: 12.80, contrast_acc: 27.02
2023-08-08 14:19:10,823 DEBUG epoch:106, knn_val_accu: 67.49, contrast_loss: 12.80, contrast_acc: 27.02
2023-08-08 14:19:46,993 DEBUG epoch:107, knn_val_accu: 67.69, contrast_loss: 12.79, contrast_acc: 27.35
2023-08-08 14:19:46,993 DEBUG epoch:107, knn_val_accu: 67.69, contrast_loss: 12.79, contrast_acc: 27.35
2023-08-08 14:20:22,848 DEBUG epoch:108, knn_val_accu: 67.63, contrast_loss: 12.79, contrast_acc: 27.27
2023-08-08 14:20:22,879 DEBUG epoch:108, knn_val_accu: 67.63, contrast_loss: 12.79, contrast_acc: 27.27
2023-08-08 14:20:58,596 DEBUG epoch:109, knn_val_accu: 67.63, contrast_loss: 12.79, contrast_acc: 27.22
2023-08-08 14:20:58,613 DEBUG epoch:109, knn_val_accu: 67.63, contrast_loss: 12.79, contrast_acc: 27.22
2023-08-08 14:21:34,791 DEBUG epoch:110, knn_val_accu: 67.77, contrast_loss: 12.79, contrast_acc: 27.65
2023-08-08 14:21:34,791 DEBUG epoch:110, knn_val_accu: 67.77, contrast_loss: 12.79, contrast_acc: 27.65
2023-08-08 14:22:10,478 DEBUG epoch:111, knn_val_accu: 67.94, contrast_loss: 12.79, contrast_acc: 27.18
2023-08-08 14:22:10,478 DEBUG epoch:111, knn_val_accu: 67.94, contrast_loss: 12.79, contrast_acc: 27.18
2023-08-08 14:22:46,410 DEBUG epoch:112, knn_val_accu: 67.73, contrast_loss: 12.79, contrast_acc: 27.59
2023-08-08 14:22:46,475 DEBUG epoch:112, knn_val_accu: 67.73, contrast_loss: 12.79, contrast_acc: 27.59
2023-08-08 14:23:22,506 DEBUG epoch:113, knn_val_accu: 68.14, contrast_loss: 12.79, contrast_acc: 27.61
2023-08-08 14:23:22,714 DEBUG epoch:113, knn_val_accu: 68.14, contrast_loss: 12.79, contrast_acc: 27.61
2023-08-08 14:23:58,704 DEBUG epoch:114, knn_val_accu: 68.23, contrast_loss: 12.78, contrast_acc: 28.70
2023-08-08 14:23:58,711 DEBUG epoch:114, knn_val_accu: 68.23, contrast_loss: 12.78, contrast_acc: 28.70
2023-08-08 14:24:34,280 DEBUG epoch:115, knn_val_accu: 67.53, contrast_loss: 12.79, contrast_acc: 27.66
2023-08-08 14:24:34,312 DEBUG epoch:115, knn_val_accu: 67.53, contrast_loss: 12.79, contrast_acc: 27.66
2023-08-08 14:25:10,379 DEBUG epoch:116, knn_val_accu: 68.77, contrast_loss: 12.78, contrast_acc: 28.16
2023-08-08 14:25:10,391 DEBUG epoch:116, knn_val_accu: 68.77, contrast_loss: 12.78, contrast_acc: 28.16
2023-08-08 14:25:46,045 DEBUG epoch:117, knn_val_accu: 68.64, contrast_loss: 12.78, contrast_acc: 27.93
2023-08-08 14:25:46,272 DEBUG epoch:117, knn_val_accu: 68.64, contrast_loss: 12.78, contrast_acc: 27.93
2023-08-08 14:26:21,604 DEBUG epoch:118, knn_val_accu: 68.51, contrast_loss: 12.78, contrast_acc: 28.02
2023-08-08 14:26:21,604 DEBUG epoch:118, knn_val_accu: 68.51, contrast_loss: 12.78, contrast_acc: 28.02
2023-08-08 14:26:57,449 DEBUG epoch:119, knn_val_accu: 68.36, contrast_loss: 12.78, contrast_acc: 27.47
2023-08-08 14:26:57,626 DEBUG epoch:119, knn_val_accu: 68.36, contrast_loss: 12.78, contrast_acc: 27.47
2023-08-08 14:27:32,927 DEBUG epoch:120, knn_val_accu: 68.54, contrast_loss: 12.78, contrast_acc: 27.60
2023-08-08 14:27:32,983 DEBUG epoch:120, knn_val_accu: 68.54, contrast_loss: 12.78, contrast_acc: 27.60
2023-08-08 14:28:09,442 DEBUG epoch:121, knn_val_accu: 68.63, contrast_loss: 12.78, contrast_acc: 27.56
2023-08-08 14:28:09,550 DEBUG epoch:121, knn_val_accu: 68.63, contrast_loss: 12.78, contrast_acc: 27.56
2023-08-08 14:28:45,692 DEBUG epoch:122, knn_val_accu: 68.77, contrast_loss: 12.78, contrast_acc: 28.18
2023-08-08 14:28:45,706 DEBUG epoch:122, knn_val_accu: 68.77, contrast_loss: 12.78, contrast_acc: 28.18
2023-08-08 14:29:21,485 DEBUG epoch:123, knn_val_accu: 68.70, contrast_loss: 12.78, contrast_acc: 28.13
2023-08-08 14:29:21,529 DEBUG epoch:123, knn_val_accu: 68.70, contrast_loss: 12.78, contrast_acc: 28.13
2023-08-08 14:29:57,259 DEBUG epoch:124, knn_val_accu: 69.25, contrast_loss: 12.78, contrast_acc: 28.32
2023-08-08 14:29:57,486 DEBUG epoch:124, knn_val_accu: 69.25, contrast_loss: 12.78, contrast_acc: 28.32
2023-08-08 14:30:32,976 DEBUG epoch:125, knn_val_accu: 69.23, contrast_loss: 12.78, contrast_acc: 28.03
2023-08-08 14:30:33,034 DEBUG epoch:125, knn_val_accu: 69.23, contrast_loss: 12.78, contrast_acc: 28.03
2023-08-08 14:31:08,565 DEBUG epoch:126, knn_val_accu: 69.38, contrast_loss: 12.77, contrast_acc: 27.97
2023-08-08 14:31:08,587 DEBUG epoch:126, knn_val_accu: 69.38, contrast_loss: 12.77, contrast_acc: 27.97
2023-08-08 14:31:44,637 DEBUG epoch:127, knn_val_accu: 69.36, contrast_loss: 12.77, contrast_acc: 28.15
2023-08-08 14:31:44,658 DEBUG epoch:127, knn_val_accu: 69.36, contrast_loss: 12.77, contrast_acc: 28.15
2023-08-08 14:32:20,639 DEBUG epoch:128, knn_val_accu: 69.21, contrast_loss: 12.78, contrast_acc: 28.15
2023-08-08 14:32:20,665 DEBUG epoch:128, knn_val_accu: 69.21, contrast_loss: 12.78, contrast_acc: 28.15
2023-08-08 14:32:56,178 DEBUG epoch:129, knn_val_accu: 69.88, contrast_loss: 12.77, contrast_acc: 28.44
2023-08-08 14:32:56,191 DEBUG epoch:129, knn_val_accu: 69.88, contrast_loss: 12.77, contrast_acc: 28.44
2023-08-08 14:33:32,141 DEBUG epoch:130, knn_val_accu: 69.39, contrast_loss: 12.77, contrast_acc: 27.96
2023-08-08 14:33:32,182 DEBUG epoch:130, knn_val_accu: 69.39, contrast_loss: 12.77, contrast_acc: 27.96
2023-08-08 14:34:08,110 DEBUG epoch:131, knn_val_accu: 69.72, contrast_loss: 12.77, contrast_acc: 28.41
2023-08-08 14:34:08,204 DEBUG epoch:131, knn_val_accu: 69.72, contrast_loss: 12.77, contrast_acc: 28.41
2023-08-08 14:34:43,656 DEBUG epoch:132, knn_val_accu: 69.66, contrast_loss: 12.77, contrast_acc: 28.66
2023-08-08 14:34:43,779 DEBUG epoch:132, knn_val_accu: 69.66, contrast_loss: 12.77, contrast_acc: 28.66
2023-08-08 14:35:19,348 DEBUG epoch:133, knn_val_accu: 69.88, contrast_loss: 12.77, contrast_acc: 28.31
2023-08-08 14:35:19,470 DEBUG epoch:133, knn_val_accu: 69.88, contrast_loss: 12.77, contrast_acc: 28.31
2023-08-08 14:35:55,119 DEBUG epoch:134, knn_val_accu: 69.92, contrast_loss: 12.77, contrast_acc: 28.37
2023-08-08 14:35:55,121 DEBUG epoch:134, knn_val_accu: 69.92, contrast_loss: 12.77, contrast_acc: 28.37
2023-08-08 14:36:30,882 DEBUG epoch:135, knn_val_accu: 69.66, contrast_loss: 12.77, contrast_acc: 28.79
2023-08-08 14:36:31,031 DEBUG epoch:135, knn_val_accu: 69.66, contrast_loss: 12.77, contrast_acc: 28.79
2023-08-08 14:37:06,871 DEBUG epoch:136, knn_val_accu: 70.31, contrast_loss: 12.77, contrast_acc: 28.76
2023-08-08 14:37:07,098 DEBUG epoch:136, knn_val_accu: 70.31, contrast_loss: 12.77, contrast_acc: 28.76
2023-08-08 14:37:42,839 DEBUG epoch:137, knn_val_accu: 70.67, contrast_loss: 12.77, contrast_acc: 28.48
2023-08-08 14:37:43,044 DEBUG epoch:137, knn_val_accu: 70.67, contrast_loss: 12.77, contrast_acc: 28.48
2023-08-08 14:38:18,447 DEBUG epoch:138, knn_val_accu: 70.46, contrast_loss: 12.77, contrast_acc: 28.49
2023-08-08 14:38:18,518 DEBUG epoch:138, knn_val_accu: 70.46, contrast_loss: 12.77, contrast_acc: 28.49
2023-08-08 14:38:54,344 DEBUG epoch:139, knn_val_accu: 70.21, contrast_loss: 12.77, contrast_acc: 28.34
2023-08-08 14:38:54,356 DEBUG epoch:139, knn_val_accu: 70.21, contrast_loss: 12.77, contrast_acc: 28.34
2023-08-08 14:39:30,465 DEBUG epoch:140, knn_val_accu: 70.19, contrast_loss: 12.77, contrast_acc: 28.24
2023-08-08 14:39:30,483 DEBUG epoch:140, knn_val_accu: 70.19, contrast_loss: 12.77, contrast_acc: 28.24
2023-08-08 14:40:06,650 DEBUG epoch:141, knn_val_accu: 70.80, contrast_loss: 12.77, contrast_acc: 27.97
2023-08-08 14:40:06,650 DEBUG epoch:141, knn_val_accu: 70.80, contrast_loss: 12.77, contrast_acc: 27.97
2023-08-08 14:40:42,412 DEBUG epoch:142, knn_val_accu: 71.09, contrast_loss: 12.77, contrast_acc: 28.86
2023-08-08 14:40:42,668 DEBUG epoch:142, knn_val_accu: 71.09, contrast_loss: 12.77, contrast_acc: 28.86
2023-08-08 14:41:18,201 DEBUG epoch:143, knn_val_accu: 70.61, contrast_loss: 12.76, contrast_acc: 28.55
2023-08-08 14:41:18,324 DEBUG epoch:143, knn_val_accu: 70.61, contrast_loss: 12.76, contrast_acc: 28.55
2023-08-08 14:41:54,028 DEBUG epoch:144, knn_val_accu: 70.68, contrast_loss: 12.77, contrast_acc: 28.40
2023-08-08 14:41:54,189 DEBUG epoch:144, knn_val_accu: 70.68, contrast_loss: 12.77, contrast_acc: 28.40
2023-08-08 14:42:29,909 DEBUG epoch:145, knn_val_accu: 70.97, contrast_loss: 12.76, contrast_acc: 28.69
2023-08-08 14:42:30,021 DEBUG epoch:145, knn_val_accu: 70.97, contrast_loss: 12.76, contrast_acc: 28.69
2023-08-08 14:43:05,551 DEBUG epoch:146, knn_val_accu: 70.86, contrast_loss: 12.76, contrast_acc: 28.70
2023-08-08 14:43:05,594 DEBUG epoch:146, knn_val_accu: 70.86, contrast_loss: 12.76, contrast_acc: 28.70
2023-08-08 14:43:40,658 DEBUG epoch:147, knn_val_accu: 71.32, contrast_loss: 12.76, contrast_acc: 28.60
2023-08-08 14:43:40,888 DEBUG epoch:147, knn_val_accu: 71.32, contrast_loss: 12.76, contrast_acc: 28.60
2023-08-08 14:44:16,476 DEBUG epoch:148, knn_val_accu: 71.58, contrast_loss: 12.77, contrast_acc: 28.39
2023-08-08 14:44:16,702 DEBUG epoch:148, knn_val_accu: 71.58, contrast_loss: 12.77, contrast_acc: 28.39
2023-08-08 14:44:52,576 DEBUG epoch:149, knn_val_accu: 71.40, contrast_loss: 12.76, contrast_acc: 28.43
2023-08-08 14:44:52,660 DEBUG epoch:149, knn_val_accu: 71.40, contrast_loss: 12.76, contrast_acc: 28.43
2023-08-08 14:45:28,438 DEBUG epoch:150, knn_val_accu: 71.10, contrast_loss: 12.76, contrast_acc: 28.42
2023-08-08 14:45:28,624 DEBUG epoch:150, knn_val_accu: 71.10, contrast_loss: 12.76, contrast_acc: 28.42
2023-08-08 14:46:04,106 DEBUG epoch:151, knn_val_accu: 71.44, contrast_loss: 12.76, contrast_acc: 28.25
2023-08-08 14:46:04,208 DEBUG epoch:151, knn_val_accu: 71.44, contrast_loss: 12.76, contrast_acc: 28.25
2023-08-08 14:46:39,788 DEBUG epoch:152, knn_val_accu: 71.97, contrast_loss: 12.76, contrast_acc: 28.67
2023-08-08 14:46:39,802 DEBUG epoch:152, knn_val_accu: 71.97, contrast_loss: 12.76, contrast_acc: 28.67
2023-08-08 14:47:15,749 DEBUG epoch:153, knn_val_accu: 71.39, contrast_loss: 12.76, contrast_acc: 28.73
2023-08-08 14:47:15,908 DEBUG epoch:153, knn_val_accu: 71.39, contrast_loss: 12.76, contrast_acc: 28.73
2023-08-08 14:47:51,829 DEBUG epoch:154, knn_val_accu: 71.75, contrast_loss: 12.76, contrast_acc: 28.26
2023-08-08 14:47:51,946 DEBUG epoch:154, knn_val_accu: 71.75, contrast_loss: 12.76, contrast_acc: 28.26
2023-08-08 14:48:27,480 DEBUG epoch:155, knn_val_accu: 71.53, contrast_loss: 12.76, contrast_acc: 28.83
2023-08-08 14:48:27,625 DEBUG epoch:155, knn_val_accu: 71.53, contrast_loss: 12.76, contrast_acc: 28.83
2023-08-08 14:49:03,393 DEBUG epoch:156, knn_val_accu: 71.97, contrast_loss: 12.76, contrast_acc: 28.92
2023-08-08 14:49:03,501 DEBUG epoch:156, knn_val_accu: 71.97, contrast_loss: 12.76, contrast_acc: 28.92
2023-08-08 14:49:39,108 DEBUG epoch:157, knn_val_accu: 72.13, contrast_loss: 12.76, contrast_acc: 28.95
2023-08-08 14:49:39,297 DEBUG epoch:157, knn_val_accu: 72.13, contrast_loss: 12.76, contrast_acc: 28.95
2023-08-08 14:50:14,904 DEBUG epoch:158, knn_val_accu: 72.09, contrast_loss: 12.76, contrast_acc: 28.89
2023-08-08 14:50:14,969 DEBUG epoch:158, knn_val_accu: 72.09, contrast_loss: 12.76, contrast_acc: 28.89
2023-08-08 14:50:50,601 DEBUG epoch:159, knn_val_accu: 71.88, contrast_loss: 12.76, contrast_acc: 28.45
2023-08-08 14:50:50,610 DEBUG epoch:159, knn_val_accu: 71.88, contrast_loss: 12.76, contrast_acc: 28.45
2023-08-08 14:51:26,210 DEBUG epoch:160, knn_val_accu: 71.95, contrast_loss: 12.76, contrast_acc: 28.80
2023-08-08 14:51:26,380 DEBUG epoch:160, knn_val_accu: 71.95, contrast_loss: 12.76, contrast_acc: 28.80
2023-08-08 14:52:02,435 DEBUG epoch:161, knn_val_accu: 71.81, contrast_loss: 12.76, contrast_acc: 28.89
2023-08-08 14:52:02,672 DEBUG epoch:161, knn_val_accu: 71.81, contrast_loss: 12.76, contrast_acc: 28.89
2023-08-08 14:52:37,783 DEBUG epoch:162, knn_val_accu: 71.97, contrast_loss: 12.75, contrast_acc: 29.31
2023-08-08 14:52:37,917 DEBUG epoch:162, knn_val_accu: 71.97, contrast_loss: 12.75, contrast_acc: 29.31
2023-08-08 14:53:13,717 DEBUG epoch:163, knn_val_accu: 72.21, contrast_loss: 12.76, contrast_acc: 29.25
2023-08-08 14:53:13,912 DEBUG epoch:163, knn_val_accu: 72.21, contrast_loss: 12.76, contrast_acc: 29.25
2023-08-08 14:53:49,406 DEBUG epoch:164, knn_val_accu: 72.25, contrast_loss: 12.75, contrast_acc: 29.39
2023-08-08 14:53:49,630 DEBUG epoch:164, knn_val_accu: 72.25, contrast_loss: 12.75, contrast_acc: 29.39
2023-08-08 14:54:25,411 DEBUG epoch:165, knn_val_accu: 72.14, contrast_loss: 12.76, contrast_acc: 28.92
2023-08-08 14:54:25,542 DEBUG epoch:165, knn_val_accu: 72.14, contrast_loss: 12.76, contrast_acc: 28.92
2023-08-08 14:55:01,138 DEBUG epoch:166, knn_val_accu: 72.41, contrast_loss: 12.75, contrast_acc: 29.16
2023-08-08 14:55:01,200 DEBUG epoch:166, knn_val_accu: 72.41, contrast_loss: 12.75, contrast_acc: 29.16
2023-08-08 14:55:37,169 DEBUG epoch:167, knn_val_accu: 72.49, contrast_loss: 12.75, contrast_acc: 29.03
2023-08-08 14:55:37,169 DEBUG epoch:167, knn_val_accu: 72.49, contrast_loss: 12.75, contrast_acc: 29.03
2023-08-08 14:56:12,225 DEBUG epoch:168, knn_val_accu: 72.43, contrast_loss: 12.75, contrast_acc: 28.68
2023-08-08 14:56:12,347 DEBUG epoch:168, knn_val_accu: 72.43, contrast_loss: 12.75, contrast_acc: 28.68
2023-08-08 14:56:48,481 DEBUG epoch:169, knn_val_accu: 72.95, contrast_loss: 12.76, contrast_acc: 28.86
2023-08-08 14:56:48,482 DEBUG epoch:169, knn_val_accu: 72.95, contrast_loss: 12.76, contrast_acc: 28.86
2023-08-08 14:57:24,161 DEBUG epoch:170, knn_val_accu: 72.59, contrast_loss: 12.75, contrast_acc: 28.88
2023-08-08 14:57:24,259 DEBUG epoch:170, knn_val_accu: 72.59, contrast_loss: 12.75, contrast_acc: 28.88
2023-08-08 14:57:59,812 DEBUG epoch:171, knn_val_accu: 72.62, contrast_loss: 12.75, contrast_acc: 29.21
2023-08-08 14:57:59,887 DEBUG epoch:171, knn_val_accu: 72.62, contrast_loss: 12.75, contrast_acc: 29.21
2023-08-08 14:58:35,759 DEBUG epoch:172, knn_val_accu: 72.63, contrast_loss: 12.75, contrast_acc: 29.42
2023-08-08 14:58:35,802 DEBUG epoch:172, knn_val_accu: 72.63, contrast_loss: 12.75, contrast_acc: 29.42
2023-08-08 14:59:11,317 DEBUG epoch:173, knn_val_accu: 72.82, contrast_loss: 12.75, contrast_acc: 29.34
2023-08-08 14:59:11,432 DEBUG epoch:173, knn_val_accu: 72.82, contrast_loss: 12.75, contrast_acc: 29.34
2023-08-08 14:59:47,503 DEBUG epoch:174, knn_val_accu: 72.55, contrast_loss: 12.75, contrast_acc: 28.85
2023-08-08 14:59:47,544 DEBUG epoch:174, knn_val_accu: 72.55, contrast_loss: 12.75, contrast_acc: 28.85
2023-08-08 15:00:22,937 DEBUG epoch:175, knn_val_accu: 72.58, contrast_loss: 12.75, contrast_acc: 29.02
2023-08-08 15:00:23,096 DEBUG epoch:175, knn_val_accu: 72.58, contrast_loss: 12.75, contrast_acc: 29.02
2023-08-08 15:00:58,218 DEBUG epoch:176, knn_val_accu: 72.94, contrast_loss: 12.75, contrast_acc: 28.94
2023-08-08 15:00:58,447 DEBUG epoch:176, knn_val_accu: 72.94, contrast_loss: 12.75, contrast_acc: 28.94
2023-08-08 15:01:33,802 DEBUG epoch:177, knn_val_accu: 72.70, contrast_loss: 12.75, contrast_acc: 29.74
2023-08-08 15:01:33,880 DEBUG epoch:177, knn_val_accu: 72.70, contrast_loss: 12.75, contrast_acc: 29.74
2023-08-08 15:02:09,877 DEBUG epoch:178, knn_val_accu: 72.54, contrast_loss: 12.75, contrast_acc: 29.17
2023-08-08 15:02:10,007 DEBUG epoch:178, knn_val_accu: 72.54, contrast_loss: 12.75, contrast_acc: 29.17
2023-08-08 15:02:45,960 DEBUG epoch:179, knn_val_accu: 73.34, contrast_loss: 12.75, contrast_acc: 29.57
2023-08-08 15:02:46,152 DEBUG epoch:179, knn_val_accu: 73.34, contrast_loss: 12.75, contrast_acc: 29.57
2023-08-08 15:03:21,420 DEBUG epoch:180, knn_val_accu: 73.19, contrast_loss: 12.75, contrast_acc: 29.40
2023-08-08 15:03:21,563 DEBUG epoch:180, knn_val_accu: 73.19, contrast_loss: 12.75, contrast_acc: 29.40
2023-08-08 15:03:57,632 DEBUG epoch:181, knn_val_accu: 73.37, contrast_loss: 12.75, contrast_acc: 29.17
2023-08-08 15:03:57,802 DEBUG epoch:181, knn_val_accu: 73.37, contrast_loss: 12.75, contrast_acc: 29.17
2023-08-08 15:04:33,642 DEBUG epoch:182, knn_val_accu: 73.90, contrast_loss: 12.75, contrast_acc: 29.40
2023-08-08 15:04:33,841 DEBUG epoch:182, knn_val_accu: 73.90, contrast_loss: 12.75, contrast_acc: 29.40
2023-08-08 15:05:09,813 DEBUG epoch:183, knn_val_accu: 73.36, contrast_loss: 12.75, contrast_acc: 29.17
2023-08-08 15:05:09,908 DEBUG epoch:183, knn_val_accu: 73.36, contrast_loss: 12.75, contrast_acc: 29.17
2023-08-08 15:05:45,354 DEBUG epoch:184, knn_val_accu: 73.74, contrast_loss: 12.75, contrast_acc: 29.57
2023-08-08 15:05:45,458 DEBUG epoch:184, knn_val_accu: 73.74, contrast_loss: 12.75, contrast_acc: 29.57
2023-08-08 15:06:21,673 DEBUG epoch:185, knn_val_accu: 73.50, contrast_loss: 12.75, contrast_acc: 29.79
2023-08-08 15:06:21,752 DEBUG epoch:185, knn_val_accu: 73.50, contrast_loss: 12.75, contrast_acc: 29.79
2023-08-08 15:06:57,245 DEBUG epoch:186, knn_val_accu: 73.26, contrast_loss: 12.74, contrast_acc: 30.16
2023-08-08 15:06:57,276 DEBUG epoch:186, knn_val_accu: 73.26, contrast_loss: 12.74, contrast_acc: 30.16
2023-08-08 15:07:33,669 DEBUG epoch:187, knn_val_accu: 74.04, contrast_loss: 12.74, contrast_acc: 29.87
2023-08-08 15:07:33,671 DEBUG epoch:187, knn_val_accu: 74.04, contrast_loss: 12.74, contrast_acc: 29.87
2023-08-08 15:08:10,137 DEBUG epoch:188, knn_val_accu: 73.88, contrast_loss: 12.74, contrast_acc: 29.50
2023-08-08 15:08:10,138 DEBUG epoch:188, knn_val_accu: 73.88, contrast_loss: 12.74, contrast_acc: 29.50
2023-08-08 15:08:45,633 DEBUG epoch:189, knn_val_accu: 73.62, contrast_loss: 12.74, contrast_acc: 29.36
2023-08-08 15:08:45,671 DEBUG epoch:189, knn_val_accu: 73.62, contrast_loss: 12.74, contrast_acc: 29.36
2023-08-08 15:09:21,404 DEBUG epoch:190, knn_val_accu: 74.53, contrast_loss: 12.74, contrast_acc: 29.46
2023-08-08 15:09:21,592 DEBUG epoch:190, knn_val_accu: 74.53, contrast_loss: 12.74, contrast_acc: 29.46
2023-08-08 15:09:57,164 DEBUG epoch:191, knn_val_accu: 74.13, contrast_loss: 12.74, contrast_acc: 30.02
2023-08-08 15:09:57,335 DEBUG epoch:191, knn_val_accu: 74.13, contrast_loss: 12.74, contrast_acc: 30.02
2023-08-08 15:10:33,087 DEBUG epoch:192, knn_val_accu: 74.07, contrast_loss: 12.73, contrast_acc: 29.94
2023-08-08 15:10:33,241 DEBUG epoch:192, knn_val_accu: 74.07, contrast_loss: 12.73, contrast_acc: 29.94
2023-08-08 15:11:09,123 DEBUG epoch:193, knn_val_accu: 73.73, contrast_loss: 12.74, contrast_acc: 29.83
2023-08-08 15:11:09,263 DEBUG epoch:193, knn_val_accu: 73.73, contrast_loss: 12.74, contrast_acc: 29.83
2023-08-08 15:11:44,947 DEBUG epoch:194, knn_val_accu: 74.13, contrast_loss: 12.74, contrast_acc: 29.79
2023-08-08 15:11:44,998 DEBUG epoch:194, knn_val_accu: 74.13, contrast_loss: 12.74, contrast_acc: 29.79
2023-08-08 15:12:20,806 DEBUG epoch:195, knn_val_accu: 73.89, contrast_loss: 12.74, contrast_acc: 30.11
2023-08-08 15:12:20,870 DEBUG epoch:195, knn_val_accu: 73.89, contrast_loss: 12.74, contrast_acc: 30.11
2023-08-08 15:12:56,807 DEBUG epoch:196, knn_val_accu: 74.27, contrast_loss: 12.74, contrast_acc: 29.67
2023-08-08 15:12:56,958 DEBUG epoch:196, knn_val_accu: 74.27, contrast_loss: 12.74, contrast_acc: 29.67
2023-08-08 15:13:32,771 DEBUG epoch:197, knn_val_accu: 74.35, contrast_loss: 12.74, contrast_acc: 29.64
2023-08-08 15:13:32,824 DEBUG epoch:197, knn_val_accu: 74.35, contrast_loss: 12.74, contrast_acc: 29.64
2023-08-08 15:14:08,364 DEBUG epoch:198, knn_val_accu: 73.81, contrast_loss: 12.74, contrast_acc: 29.85
2023-08-08 15:14:08,443 DEBUG epoch:198, knn_val_accu: 73.81, contrast_loss: 12.74, contrast_acc: 29.85
2023-08-08 15:14:43,993 DEBUG epoch:199, knn_val_accu: 74.50, contrast_loss: 12.74, contrast_acc: 29.72
2023-08-08 15:14:44,088 DEBUG epoch:199, knn_val_accu: 74.50, contrast_loss: 12.74, contrast_acc: 29.72
2023-08-08 15:15:19,908 DEBUG epoch:200, knn_val_accu: 74.54, contrast_loss: 12.74, contrast_acc: 29.83
2023-08-08 15:15:19,908 DEBUG epoch:200, knn_val_accu: 74.54, contrast_loss: 12.74, contrast_acc: 29.83
2023-08-08 15:15:56,177 DEBUG epoch:201, knn_val_accu: 74.52, contrast_loss: 12.74, contrast_acc: 30.38
2023-08-08 15:15:56,283 DEBUG epoch:201, knn_val_accu: 74.52, contrast_loss: 12.74, contrast_acc: 30.38
2023-08-08 15:16:32,121 DEBUG epoch:202, knn_val_accu: 74.46, contrast_loss: 12.73, contrast_acc: 29.91
2023-08-08 15:16:32,227 DEBUG epoch:202, knn_val_accu: 74.46, contrast_loss: 12.73, contrast_acc: 29.91
2023-08-08 15:17:08,301 DEBUG epoch:203, knn_val_accu: 74.58, contrast_loss: 12.73, contrast_acc: 30.66
2023-08-08 15:17:08,302 DEBUG epoch:203, knn_val_accu: 74.58, contrast_loss: 12.73, contrast_acc: 30.66
2023-08-08 15:17:44,110 DEBUG epoch:204, knn_val_accu: 74.77, contrast_loss: 12.73, contrast_acc: 30.48
2023-08-08 15:17:44,308 DEBUG epoch:204, knn_val_accu: 74.77, contrast_loss: 12.73, contrast_acc: 30.48
2023-08-08 15:18:20,107 DEBUG epoch:205, knn_val_accu: 74.67, contrast_loss: 12.73, contrast_acc: 30.82
2023-08-08 15:18:20,243 DEBUG epoch:205, knn_val_accu: 74.67, contrast_loss: 12.73, contrast_acc: 30.82
2023-08-08 15:18:55,475 DEBUG epoch:206, knn_val_accu: 75.06, contrast_loss: 12.73, contrast_acc: 30.77
2023-08-08 15:18:55,511 DEBUG epoch:206, knn_val_accu: 75.06, contrast_loss: 12.73, contrast_acc: 30.77
2023-08-08 15:19:31,217 DEBUG epoch:207, knn_val_accu: 75.10, contrast_loss: 12.73, contrast_acc: 30.71
2023-08-08 15:19:31,391 DEBUG epoch:207, knn_val_accu: 75.10, contrast_loss: 12.73, contrast_acc: 30.71
2023-08-08 15:20:06,882 DEBUG epoch:208, knn_val_accu: 75.09, contrast_loss: 12.73, contrast_acc: 30.46
2023-08-08 15:20:06,999 DEBUG epoch:208, knn_val_accu: 75.09, contrast_loss: 12.73, contrast_acc: 30.46
2023-08-08 15:20:42,983 DEBUG epoch:209, knn_val_accu: 75.19, contrast_loss: 12.73, contrast_acc: 30.43
2023-08-08 15:20:43,159 DEBUG epoch:209, knn_val_accu: 75.19, contrast_loss: 12.73, contrast_acc: 30.43
2023-08-08 15:21:18,498 DEBUG epoch:210, knn_val_accu: 75.25, contrast_loss: 12.73, contrast_acc: 30.76
2023-08-08 15:21:18,518 DEBUG epoch:210, knn_val_accu: 75.25, contrast_loss: 12.73, contrast_acc: 30.76
2023-08-08 15:21:54,270 DEBUG epoch:211, knn_val_accu: 75.39, contrast_loss: 12.73, contrast_acc: 30.48
2023-08-08 15:21:54,440 DEBUG epoch:211, knn_val_accu: 75.39, contrast_loss: 12.73, contrast_acc: 30.48
2023-08-08 15:22:29,870 DEBUG epoch:212, knn_val_accu: 75.52, contrast_loss: 12.73, contrast_acc: 30.42
2023-08-08 15:22:29,870 DEBUG epoch:212, knn_val_accu: 75.52, contrast_loss: 12.73, contrast_acc: 30.42
2023-08-08 15:23:05,452 DEBUG epoch:213, knn_val_accu: 75.24, contrast_loss: 12.73, contrast_acc: 30.47
2023-08-08 15:23:05,526 DEBUG epoch:213, knn_val_accu: 75.24, contrast_loss: 12.73, contrast_acc: 30.47
2023-08-08 15:23:41,138 DEBUG epoch:214, knn_val_accu: 75.28, contrast_loss: 12.73, contrast_acc: 30.85
2023-08-08 15:23:41,144 DEBUG epoch:214, knn_val_accu: 75.28, contrast_loss: 12.73, contrast_acc: 30.85
2023-08-08 15:24:16,846 DEBUG epoch:215, knn_val_accu: 75.35, contrast_loss: 12.72, contrast_acc: 31.02
2023-08-08 15:24:16,961 DEBUG epoch:215, knn_val_accu: 75.35, contrast_loss: 12.72, contrast_acc: 31.02
2023-08-08 15:24:53,139 DEBUG epoch:216, knn_val_accu: 75.56, contrast_loss: 12.73, contrast_acc: 30.94
2023-08-08 15:24:53,139 DEBUG epoch:216, knn_val_accu: 75.56, contrast_loss: 12.73, contrast_acc: 30.94
2023-08-08 15:25:28,550 DEBUG epoch:217, knn_val_accu: 75.80, contrast_loss: 12.72, contrast_acc: 30.96
2023-08-08 15:25:28,550 DEBUG epoch:217, knn_val_accu: 75.80, contrast_loss: 12.72, contrast_acc: 30.96
2023-08-08 15:26:04,460 DEBUG epoch:218, knn_val_accu: 75.75, contrast_loss: 12.72, contrast_acc: 31.25
2023-08-08 15:26:04,510 DEBUG epoch:218, knn_val_accu: 75.75, contrast_loss: 12.72, contrast_acc: 31.25
2023-08-08 15:26:40,268 DEBUG epoch:219, knn_val_accu: 75.87, contrast_loss: 12.72, contrast_acc: 31.22
2023-08-08 15:26:40,317 DEBUG epoch:219, knn_val_accu: 75.87, contrast_loss: 12.72, contrast_acc: 31.22
2023-08-08 15:27:15,694 DEBUG epoch:220, knn_val_accu: 75.89, contrast_loss: 12.73, contrast_acc: 30.75
2023-08-08 15:27:15,913 DEBUG epoch:220, knn_val_accu: 75.89, contrast_loss: 12.73, contrast_acc: 30.75
2023-08-08 15:27:51,421 DEBUG epoch:221, knn_val_accu: 76.01, contrast_loss: 12.72, contrast_acc: 31.00
2023-08-08 15:27:51,613 DEBUG epoch:221, knn_val_accu: 76.01, contrast_loss: 12.72, contrast_acc: 31.00
2023-08-08 15:28:27,479 DEBUG epoch:222, knn_val_accu: 75.97, contrast_loss: 12.73, contrast_acc: 30.20
2023-08-08 15:28:27,564 DEBUG epoch:222, knn_val_accu: 75.97, contrast_loss: 12.73, contrast_acc: 30.20
2023-08-08 15:29:03,485 DEBUG epoch:223, knn_val_accu: 76.07, contrast_loss: 12.72, contrast_acc: 30.98
2023-08-08 15:29:03,669 DEBUG epoch:223, knn_val_accu: 76.07, contrast_loss: 12.72, contrast_acc: 30.98
2023-08-08 15:29:39,826 DEBUG epoch:224, knn_val_accu: 76.21, contrast_loss: 12.72, contrast_acc: 31.27
2023-08-08 15:29:40,016 DEBUG epoch:224, knn_val_accu: 76.21, contrast_loss: 12.72, contrast_acc: 31.27
2023-08-08 15:30:15,769 DEBUG epoch:225, knn_val_accu: 76.04, contrast_loss: 12.73, contrast_acc: 31.61
2023-08-08 15:30:15,876 DEBUG epoch:225, knn_val_accu: 76.04, contrast_loss: 12.73, contrast_acc: 31.61
2023-08-08 15:30:51,289 DEBUG epoch:226, knn_val_accu: 76.23, contrast_loss: 12.72, contrast_acc: 31.51
2023-08-08 15:30:51,573 DEBUG epoch:226, knn_val_accu: 76.23, contrast_loss: 12.72, contrast_acc: 31.51
2023-08-08 15:31:27,574 DEBUG epoch:227, knn_val_accu: 75.71, contrast_loss: 12.72, contrast_acc: 31.46
2023-08-08 15:31:27,694 DEBUG epoch:227, knn_val_accu: 75.71, contrast_loss: 12.72, contrast_acc: 31.46
2023-08-08 15:32:03,806 DEBUG epoch:228, knn_val_accu: 76.33, contrast_loss: 12.72, contrast_acc: 31.78
2023-08-08 15:32:04,016 DEBUG epoch:228, knn_val_accu: 76.33, contrast_loss: 12.72, contrast_acc: 31.78
2023-08-08 15:32:40,203 DEBUG epoch:229, knn_val_accu: 76.26, contrast_loss: 12.72, contrast_acc: 31.24
2023-08-08 15:32:40,397 DEBUG epoch:229, knn_val_accu: 76.26, contrast_loss: 12.72, contrast_acc: 31.24
2023-08-08 15:33:15,893 DEBUG epoch:230, knn_val_accu: 76.80, contrast_loss: 12.72, contrast_acc: 31.17
2023-08-08 15:33:16,132 DEBUG epoch:230, knn_val_accu: 76.80, contrast_loss: 12.72, contrast_acc: 31.17
2023-08-08 15:33:51,903 DEBUG epoch:231, knn_val_accu: 76.52, contrast_loss: 12.72, contrast_acc: 31.59
2023-08-08 15:33:51,999 DEBUG epoch:231, knn_val_accu: 76.52, contrast_loss: 12.72, contrast_acc: 31.59
2023-08-08 15:34:27,862 DEBUG epoch:232, knn_val_accu: 76.43, contrast_loss: 12.72, contrast_acc: 31.78
2023-08-08 15:34:27,995 DEBUG epoch:232, knn_val_accu: 76.43, contrast_loss: 12.72, contrast_acc: 31.78
2023-08-08 15:35:03,852 DEBUG epoch:233, knn_val_accu: 76.70, contrast_loss: 12.72, contrast_acc: 31.78
2023-08-08 15:35:03,918 DEBUG epoch:233, knn_val_accu: 76.70, contrast_loss: 12.72, contrast_acc: 31.78
2023-08-08 15:35:40,083 DEBUG epoch:234, knn_val_accu: 76.83, contrast_loss: 12.72, contrast_acc: 31.22
2023-08-08 15:35:40,322 DEBUG epoch:234, knn_val_accu: 76.83, contrast_loss: 12.72, contrast_acc: 31.22
2023-08-08 15:36:15,090 DEBUG epoch:235, knn_val_accu: 76.67, contrast_loss: 12.72, contrast_acc: 31.12
2023-08-08 15:36:15,203 DEBUG epoch:235, knn_val_accu: 76.67, contrast_loss: 12.72, contrast_acc: 31.12
2023-08-08 15:36:51,145 DEBUG epoch:236, knn_val_accu: 76.69, contrast_loss: 12.72, contrast_acc: 31.52
2023-08-08 15:36:51,235 DEBUG epoch:236, knn_val_accu: 76.69, contrast_loss: 12.72, contrast_acc: 31.52
2023-08-08 15:37:27,334 DEBUG epoch:237, knn_val_accu: 76.92, contrast_loss: 12.71, contrast_acc: 31.89
2023-08-08 15:37:27,349 DEBUG epoch:237, knn_val_accu: 76.92, contrast_loss: 12.71, contrast_acc: 31.89
2023-08-08 15:38:03,407 DEBUG epoch:238, knn_val_accu: 77.28, contrast_loss: 12.71, contrast_acc: 32.16
2023-08-08 15:38:03,628 DEBUG epoch:238, knn_val_accu: 77.28, contrast_loss: 12.71, contrast_acc: 32.16
2023-08-08 15:38:39,167 DEBUG epoch:239, knn_val_accu: 77.10, contrast_loss: 12.72, contrast_acc: 32.32
2023-08-08 15:38:39,213 DEBUG epoch:239, knn_val_accu: 77.10, contrast_loss: 12.72, contrast_acc: 32.32
2023-08-08 15:39:14,931 DEBUG epoch:240, knn_val_accu: 76.88, contrast_loss: 12.71, contrast_acc: 31.85
2023-08-08 15:39:14,984 DEBUG epoch:240, knn_val_accu: 76.88, contrast_loss: 12.71, contrast_acc: 31.85
2023-08-08 15:39:51,680 DEBUG epoch:241, knn_val_accu: 76.67, contrast_loss: 12.71, contrast_acc: 31.68
2023-08-08 15:39:51,841 DEBUG epoch:241, knn_val_accu: 76.67, contrast_loss: 12.71, contrast_acc: 31.68
2023-08-08 15:40:27,767 DEBUG epoch:242, knn_val_accu: 76.56, contrast_loss: 12.71, contrast_acc: 32.48
2023-08-08 15:40:27,835 DEBUG epoch:242, knn_val_accu: 76.56, contrast_loss: 12.71, contrast_acc: 32.48
2023-08-08 15:41:03,498 DEBUG epoch:243, knn_val_accu: 76.97, contrast_loss: 12.72, contrast_acc: 32.27
2023-08-08 15:41:03,558 DEBUG epoch:243, knn_val_accu: 76.97, contrast_loss: 12.72, contrast_acc: 32.27
2023-08-08 15:41:39,377 DEBUG epoch:244, knn_val_accu: 76.86, contrast_loss: 12.72, contrast_acc: 32.02
2023-08-08 15:41:39,459 DEBUG epoch:244, knn_val_accu: 76.86, contrast_loss: 12.72, contrast_acc: 32.02
2023-08-08 15:42:15,594 DEBUG epoch:245, knn_val_accu: 77.24, contrast_loss: 12.71, contrast_acc: 32.41
2023-08-08 15:42:15,757 DEBUG epoch:245, knn_val_accu: 77.24, contrast_loss: 12.71, contrast_acc: 32.41
2023-08-08 15:42:52,039 DEBUG epoch:246, knn_val_accu: 76.96, contrast_loss: 12.71, contrast_acc: 32.53
2023-08-08 15:42:52,053 DEBUG epoch:246, knn_val_accu: 76.96, contrast_loss: 12.71, contrast_acc: 32.53
2023-08-08 15:43:28,402 DEBUG epoch:247, knn_val_accu: 77.38, contrast_loss: 12.71, contrast_acc: 32.49
2023-08-08 15:43:28,402 DEBUG epoch:247, knn_val_accu: 77.38, contrast_loss: 12.71, contrast_acc: 32.49
2023-08-08 15:44:04,374 DEBUG epoch:248, knn_val_accu: 77.53, contrast_loss: 12.71, contrast_acc: 32.77
2023-08-08 15:44:04,385 DEBUG epoch:248, knn_val_accu: 77.53, contrast_loss: 12.71, contrast_acc: 32.77
2023-08-08 15:44:40,189 DEBUG epoch:249, knn_val_accu: 77.31, contrast_loss: 12.71, contrast_acc: 32.21
2023-08-08 15:44:40,224 DEBUG epoch:249, knn_val_accu: 77.31, contrast_loss: 12.71, contrast_acc: 32.21
2023-08-08 15:45:15,961 DEBUG epoch:250, knn_val_accu: 77.70, contrast_loss: 12.71, contrast_acc: 32.36
2023-08-08 15:45:15,961 DEBUG epoch:250, knn_val_accu: 77.70, contrast_loss: 12.71, contrast_acc: 32.36
2023-08-08 15:45:52,183 DEBUG epoch:251, knn_val_accu: 77.29, contrast_loss: 12.71, contrast_acc: 32.13
2023-08-08 15:45:52,257 DEBUG epoch:251, knn_val_accu: 77.29, contrast_loss: 12.71, contrast_acc: 32.13
2023-08-08 15:46:27,623 DEBUG epoch:252, knn_val_accu: 77.66, contrast_loss: 12.71, contrast_acc: 32.48
2023-08-08 15:46:27,794 DEBUG epoch:252, knn_val_accu: 77.66, contrast_loss: 12.71, contrast_acc: 32.48
2023-08-08 15:47:03,482 DEBUG epoch:253, knn_val_accu: 77.40, contrast_loss: 12.71, contrast_acc: 32.13
2023-08-08 15:47:03,569 DEBUG epoch:253, knn_val_accu: 77.40, contrast_loss: 12.71, contrast_acc: 32.13
2023-08-08 15:47:40,029 DEBUG epoch:254, knn_val_accu: 77.89, contrast_loss: 12.71, contrast_acc: 32.40
2023-08-08 15:47:40,029 DEBUG epoch:254, knn_val_accu: 77.89, contrast_loss: 12.71, contrast_acc: 32.40
2023-08-08 15:48:16,295 DEBUG epoch:255, knn_val_accu: 77.36, contrast_loss: 12.71, contrast_acc: 32.62
2023-08-08 15:48:16,302 DEBUG epoch:255, knn_val_accu: 77.36, contrast_loss: 12.71, contrast_acc: 32.62
2023-08-08 15:48:52,273 DEBUG epoch:256, knn_val_accu: 77.47, contrast_loss: 12.71, contrast_acc: 32.49
2023-08-08 15:48:52,359 DEBUG epoch:256, knn_val_accu: 77.47, contrast_loss: 12.71, contrast_acc: 32.49
2023-08-08 15:49:28,010 DEBUG epoch:257, knn_val_accu: 77.52, contrast_loss: 12.71, contrast_acc: 32.60
2023-08-08 15:49:28,200 DEBUG epoch:257, knn_val_accu: 77.52, contrast_loss: 12.71, contrast_acc: 32.60
2023-08-08 15:50:03,843 DEBUG epoch:258, knn_val_accu: 77.78, contrast_loss: 12.70, contrast_acc: 33.09
2023-08-08 15:50:04,046 DEBUG epoch:258, knn_val_accu: 77.78, contrast_loss: 12.70, contrast_acc: 33.09
2023-08-08 15:50:40,047 DEBUG epoch:259, knn_val_accu: 77.56, contrast_loss: 12.71, contrast_acc: 32.26
2023-08-08 15:50:40,143 DEBUG epoch:259, knn_val_accu: 77.56, contrast_loss: 12.71, contrast_acc: 32.26
2023-08-08 15:51:16,192 DEBUG epoch:260, knn_val_accu: 77.45, contrast_loss: 12.70, contrast_acc: 32.79
2023-08-08 15:51:16,236 DEBUG epoch:260, knn_val_accu: 77.45, contrast_loss: 12.70, contrast_acc: 32.79
2023-08-08 15:51:52,018 DEBUG epoch:261, knn_val_accu: 77.58, contrast_loss: 12.71, contrast_acc: 33.11
2023-08-08 15:51:52,039 DEBUG epoch:261, knn_val_accu: 77.58, contrast_loss: 12.71, contrast_acc: 33.11
2023-08-08 15:52:28,213 DEBUG epoch:262, knn_val_accu: 77.57, contrast_loss: 12.70, contrast_acc: 33.20
2023-08-08 15:52:28,238 DEBUG epoch:262, knn_val_accu: 77.57, contrast_loss: 12.70, contrast_acc: 33.20
2023-08-08 15:53:04,063 DEBUG epoch:263, knn_val_accu: 77.83, contrast_loss: 12.70, contrast_acc: 32.83
2023-08-08 15:53:04,100 DEBUG epoch:263, knn_val_accu: 77.83, contrast_loss: 12.70, contrast_acc: 32.83
2023-08-08 15:53:39,635 DEBUG epoch:264, knn_val_accu: 77.63, contrast_loss: 12.70, contrast_acc: 33.41
2023-08-08 15:53:39,669 DEBUG epoch:264, knn_val_accu: 77.63, contrast_loss: 12.70, contrast_acc: 33.41
2023-08-08 15:54:15,558 DEBUG epoch:265, knn_val_accu: 77.80, contrast_loss: 12.70, contrast_acc: 33.37
2023-08-08 15:54:15,634 DEBUG epoch:265, knn_val_accu: 77.80, contrast_loss: 12.70, contrast_acc: 33.37
2023-08-08 15:54:51,823 DEBUG epoch:266, knn_val_accu: 78.23, contrast_loss: 12.70, contrast_acc: 33.44
2023-08-08 15:54:52,013 DEBUG epoch:266, knn_val_accu: 78.23, contrast_loss: 12.70, contrast_acc: 33.44
2023-08-08 15:55:27,985 DEBUG epoch:267, knn_val_accu: 77.69, contrast_loss: 12.70, contrast_acc: 33.16
2023-08-08 15:55:28,058 DEBUG epoch:267, knn_val_accu: 77.69, contrast_loss: 12.70, contrast_acc: 33.16
2023-08-08 15:56:04,101 DEBUG epoch:268, knn_val_accu: 78.04, contrast_loss: 12.70, contrast_acc: 33.39
2023-08-08 15:56:04,209 DEBUG epoch:268, knn_val_accu: 78.04, contrast_loss: 12.70, contrast_acc: 33.39
2023-08-08 15:56:40,331 DEBUG epoch:269, knn_val_accu: 77.81, contrast_loss: 12.70, contrast_acc: 33.57
2023-08-08 15:56:40,411 DEBUG epoch:269, knn_val_accu: 77.81, contrast_loss: 12.70, contrast_acc: 33.57
2023-08-08 15:57:16,156 DEBUG epoch:270, knn_val_accu: 77.81, contrast_loss: 12.70, contrast_acc: 33.52
2023-08-08 15:57:16,211 DEBUG epoch:270, knn_val_accu: 77.81, contrast_loss: 12.70, contrast_acc: 33.52
2023-08-08 15:57:51,934 DEBUG epoch:271, knn_val_accu: 77.49, contrast_loss: 12.70, contrast_acc: 33.26
2023-08-08 15:57:52,048 DEBUG epoch:271, knn_val_accu: 77.49, contrast_loss: 12.70, contrast_acc: 33.26
2023-08-08 15:58:27,592 DEBUG epoch:272, knn_val_accu: 78.08, contrast_loss: 12.70, contrast_acc: 33.32
2023-08-08 15:58:27,744 DEBUG epoch:272, knn_val_accu: 78.08, contrast_loss: 12.70, contrast_acc: 33.32
2023-08-08 15:59:03,384 DEBUG epoch:273, knn_val_accu: 78.37, contrast_loss: 12.70, contrast_acc: 33.33
2023-08-08 15:59:03,553 DEBUG epoch:273, knn_val_accu: 78.37, contrast_loss: 12.70, contrast_acc: 33.33
2023-08-08 15:59:39,174 DEBUG epoch:274, knn_val_accu: 78.36, contrast_loss: 12.70, contrast_acc: 33.54
2023-08-08 15:59:39,251 DEBUG epoch:274, knn_val_accu: 78.36, contrast_loss: 12.70, contrast_acc: 33.54
2023-08-08 16:00:15,040 DEBUG epoch:275, knn_val_accu: 78.23, contrast_loss: 12.70, contrast_acc: 32.96
2023-08-08 16:00:15,121 DEBUG epoch:275, knn_val_accu: 78.23, contrast_loss: 12.70, contrast_acc: 32.96
2023-08-08 16:00:50,754 DEBUG epoch:276, knn_val_accu: 78.04, contrast_loss: 12.70, contrast_acc: 33.63
2023-08-08 16:00:50,762 DEBUG epoch:276, knn_val_accu: 78.04, contrast_loss: 12.70, contrast_acc: 33.63
2023-08-08 16:01:26,632 DEBUG epoch:277, knn_val_accu: 77.96, contrast_loss: 12.70, contrast_acc: 33.59
2023-08-08 16:01:26,680 DEBUG epoch:277, knn_val_accu: 77.96, contrast_loss: 12.70, contrast_acc: 33.59
2023-08-08 16:02:02,516 DEBUG epoch:278, knn_val_accu: 78.02, contrast_loss: 12.70, contrast_acc: 33.63
2023-08-08 16:02:02,579 DEBUG epoch:278, knn_val_accu: 78.02, contrast_loss: 12.70, contrast_acc: 33.63
2023-08-08 16:02:37,942 DEBUG epoch:279, knn_val_accu: 78.16, contrast_loss: 12.69, contrast_acc: 34.15
2023-08-08 16:02:38,065 DEBUG epoch:279, knn_val_accu: 78.16, contrast_loss: 12.69, contrast_acc: 34.15
2023-08-08 16:03:13,919 DEBUG epoch:280, knn_val_accu: 78.15, contrast_loss: 12.70, contrast_acc: 34.06
2023-08-08 16:03:14,018 DEBUG epoch:280, knn_val_accu: 78.15, contrast_loss: 12.70, contrast_acc: 34.06
2023-08-08 16:03:50,244 DEBUG epoch:281, knn_val_accu: 78.23, contrast_loss: 12.70, contrast_acc: 33.97
2023-08-08 16:03:50,343 DEBUG epoch:281, knn_val_accu: 78.23, contrast_loss: 12.70, contrast_acc: 33.97
2023-08-08 16:04:26,267 DEBUG epoch:282, knn_val_accu: 78.11, contrast_loss: 12.70, contrast_acc: 34.25
2023-08-08 16:04:26,368 DEBUG epoch:282, knn_val_accu: 78.11, contrast_loss: 12.70, contrast_acc: 34.25
2023-08-08 16:05:02,131 DEBUG epoch:283, knn_val_accu: 78.24, contrast_loss: 12.70, contrast_acc: 34.25
2023-08-08 16:05:02,202 DEBUG epoch:283, knn_val_accu: 78.24, contrast_loss: 12.70, contrast_acc: 34.25
2023-08-08 16:05:38,057 DEBUG epoch:284, knn_val_accu: 78.21, contrast_loss: 12.70, contrast_acc: 34.62
2023-08-08 16:05:38,100 DEBUG epoch:284, knn_val_accu: 78.21, contrast_loss: 12.70, contrast_acc: 34.62
2023-08-08 16:06:14,161 DEBUG epoch:285, knn_val_accu: 78.45, contrast_loss: 12.69, contrast_acc: 34.03
2023-08-08 16:06:14,169 DEBUG epoch:285, knn_val_accu: 78.45, contrast_loss: 12.69, contrast_acc: 34.03
2023-08-08 16:06:49,890 DEBUG epoch:286, knn_val_accu: 78.55, contrast_loss: 12.69, contrast_acc: 34.54
2023-08-08 16:06:49,891 DEBUG epoch:286, knn_val_accu: 78.55, contrast_loss: 12.69, contrast_acc: 34.54
2023-08-08 16:07:25,959 DEBUG epoch:287, knn_val_accu: 78.58, contrast_loss: 12.69, contrast_acc: 34.58
2023-08-08 16:07:25,959 DEBUG epoch:287, knn_val_accu: 78.58, contrast_loss: 12.69, contrast_acc: 34.58
2023-08-08 16:08:01,510 DEBUG epoch:288, knn_val_accu: 78.51, contrast_loss: 12.69, contrast_acc: 34.39
2023-08-08 16:08:01,549 DEBUG epoch:288, knn_val_accu: 78.51, contrast_loss: 12.69, contrast_acc: 34.39
2023-08-08 16:08:37,568 DEBUG epoch:289, knn_val_accu: 78.31, contrast_loss: 12.69, contrast_acc: 34.04
2023-08-08 16:08:37,613 DEBUG epoch:289, knn_val_accu: 78.31, contrast_loss: 12.69, contrast_acc: 34.04
2023-08-08 16:09:13,315 DEBUG epoch:290, knn_val_accu: 78.40, contrast_loss: 12.69, contrast_acc: 34.27
2023-08-08 16:09:13,318 DEBUG epoch:290, knn_val_accu: 78.40, contrast_loss: 12.69, contrast_acc: 34.27
2023-08-08 16:09:49,426 DEBUG epoch:291, knn_val_accu: 78.57, contrast_loss: 12.69, contrast_acc: 34.13
2023-08-08 16:09:49,468 DEBUG epoch:291, knn_val_accu: 78.57, contrast_loss: 12.69, contrast_acc: 34.13
2023-08-08 16:10:26,004 DEBUG epoch:292, knn_val_accu: 78.72, contrast_loss: 12.69, contrast_acc: 34.35
2023-08-08 16:10:26,004 DEBUG epoch:292, knn_val_accu: 78.72, contrast_loss: 12.69, contrast_acc: 34.35
2023-08-08 16:11:02,167 DEBUG epoch:293, knn_val_accu: 78.53, contrast_loss: 12.69, contrast_acc: 34.79
2023-08-08 16:11:02,263 DEBUG epoch:293, knn_val_accu: 78.53, contrast_loss: 12.69, contrast_acc: 34.79
2023-08-08 16:11:37,413 DEBUG epoch:294, knn_val_accu: 78.78, contrast_loss: 12.69, contrast_acc: 34.38
2023-08-08 16:11:37,413 DEBUG epoch:294, knn_val_accu: 78.78, contrast_loss: 12.69, contrast_acc: 34.38
2023-08-08 16:12:13,224 DEBUG epoch:295, knn_val_accu: 78.76, contrast_loss: 12.69, contrast_acc: 34.29
2023-08-08 16:12:13,266 DEBUG epoch:295, knn_val_accu: 78.76, contrast_loss: 12.69, contrast_acc: 34.29
2023-08-08 16:12:49,413 DEBUG epoch:296, knn_val_accu: 78.68, contrast_loss: 12.69, contrast_acc: 34.72
2023-08-08 16:12:49,439 DEBUG epoch:296, knn_val_accu: 78.68, contrast_loss: 12.69, contrast_acc: 34.72
2023-08-08 16:13:25,676 DEBUG epoch:297, knn_val_accu: 78.79, contrast_loss: 12.69, contrast_acc: 34.57
2023-08-08 16:13:25,700 DEBUG epoch:297, knn_val_accu: 78.79, contrast_loss: 12.69, contrast_acc: 34.57
2023-08-08 16:14:02,068 DEBUG epoch:298, knn_val_accu: 78.57, contrast_loss: 12.69, contrast_acc: 34.59
2023-08-08 16:14:02,128 DEBUG epoch:298, knn_val_accu: 78.57, contrast_loss: 12.69, contrast_acc: 34.59
2023-08-08 16:14:38,246 DEBUG epoch:299, knn_val_accu: 79.16, contrast_loss: 12.69, contrast_acc: 34.83
2023-08-08 16:14:38,246 DEBUG epoch:299, knn_val_accu: 79.16, contrast_loss: 12.69, contrast_acc: 34.83
2023-08-08 16:15:14,329 DEBUG epoch:300, knn_val_accu: 78.91, contrast_loss: 12.69, contrast_acc: 35.44
2023-08-08 16:15:14,473 DEBUG epoch:300, knn_val_accu: 78.91, contrast_loss: 12.69, contrast_acc: 35.44
2023-08-08 16:15:50,388 DEBUG epoch:301, knn_val_accu: 79.17, contrast_loss: 12.69, contrast_acc: 35.01
2023-08-08 16:15:50,389 DEBUG epoch:301, knn_val_accu: 79.17, contrast_loss: 12.69, contrast_acc: 35.01
2023-08-08 16:16:26,431 DEBUG epoch:302, knn_val_accu: 78.68, contrast_loss: 12.69, contrast_acc: 35.14
2023-08-08 16:16:26,497 DEBUG epoch:302, knn_val_accu: 78.68, contrast_loss: 12.69, contrast_acc: 35.14
2023-08-08 16:17:02,416 DEBUG epoch:303, knn_val_accu: 79.03, contrast_loss: 12.69, contrast_acc: 35.19
2023-08-08 16:17:02,529 DEBUG epoch:303, knn_val_accu: 79.03, contrast_loss: 12.69, contrast_acc: 35.19
2023-08-08 16:17:38,311 DEBUG epoch:304, knn_val_accu: 78.90, contrast_loss: 12.69, contrast_acc: 35.45
2023-08-08 16:17:38,381 DEBUG epoch:304, knn_val_accu: 78.90, contrast_loss: 12.69, contrast_acc: 35.45
2023-08-08 16:18:14,752 DEBUG epoch:305, knn_val_accu: 78.96, contrast_loss: 12.68, contrast_acc: 35.44
2023-08-08 16:18:14,777 DEBUG epoch:305, knn_val_accu: 78.96, contrast_loss: 12.68, contrast_acc: 35.44
2023-08-08 16:18:50,704 DEBUG epoch:306, knn_val_accu: 79.14, contrast_loss: 12.68, contrast_acc: 35.37
2023-08-08 16:18:50,795 DEBUG epoch:306, knn_val_accu: 79.14, contrast_loss: 12.68, contrast_acc: 35.37
2023-08-08 16:19:26,827 DEBUG epoch:307, knn_val_accu: 78.92, contrast_loss: 12.68, contrast_acc: 35.41
2023-08-08 16:19:26,841 DEBUG epoch:307, knn_val_accu: 78.92, contrast_loss: 12.68, contrast_acc: 35.41
2023-08-08 16:20:02,277 DEBUG epoch:308, knn_val_accu: 79.03, contrast_loss: 12.68, contrast_acc: 35.14
2023-08-08 16:20:02,455 DEBUG epoch:308, knn_val_accu: 79.03, contrast_loss: 12.68, contrast_acc: 35.14
2023-08-08 16:20:38,306 DEBUG epoch:309, knn_val_accu: 79.00, contrast_loss: 12.68, contrast_acc: 35.43
2023-08-08 16:20:38,308 DEBUG epoch:309, knn_val_accu: 79.00, contrast_loss: 12.68, contrast_acc: 35.43
2023-08-08 16:21:14,191 DEBUG epoch:310, knn_val_accu: 79.00, contrast_loss: 12.68, contrast_acc: 35.42
2023-08-08 16:21:14,206 DEBUG epoch:310, knn_val_accu: 79.00, contrast_loss: 12.68, contrast_acc: 35.42
2023-08-08 16:21:50,174 DEBUG epoch:311, knn_val_accu: 78.97, contrast_loss: 12.68, contrast_acc: 35.56
2023-08-08 16:21:50,274 DEBUG epoch:311, knn_val_accu: 78.97, contrast_loss: 12.68, contrast_acc: 35.56
2023-08-08 16:22:26,386 DEBUG epoch:312, knn_val_accu: 79.04, contrast_loss: 12.68, contrast_acc: 35.66
2023-08-08 16:22:26,418 DEBUG epoch:312, knn_val_accu: 79.04, contrast_loss: 12.68, contrast_acc: 35.66
2023-08-08 16:23:02,282 DEBUG epoch:313, knn_val_accu: 79.23, contrast_loss: 12.68, contrast_acc: 35.31
2023-08-08 16:23:02,350 DEBUG epoch:313, knn_val_accu: 79.23, contrast_loss: 12.68, contrast_acc: 35.31
2023-08-08 16:23:38,021 DEBUG epoch:314, knn_val_accu: 79.15, contrast_loss: 12.68, contrast_acc: 35.46
2023-08-08 16:23:38,106 DEBUG epoch:314, knn_val_accu: 79.15, contrast_loss: 12.68, contrast_acc: 35.46
2023-08-08 16:24:13,799 DEBUG epoch:315, knn_val_accu: 79.44, contrast_loss: 12.68, contrast_acc: 35.99
2023-08-08 16:24:13,972 DEBUG epoch:315, knn_val_accu: 79.44, contrast_loss: 12.68, contrast_acc: 35.99
2023-08-08 16:24:49,760 DEBUG epoch:316, knn_val_accu: 78.99, contrast_loss: 12.68, contrast_acc: 35.69
2023-08-08 16:24:49,909 DEBUG epoch:316, knn_val_accu: 78.99, contrast_loss: 12.68, contrast_acc: 35.69
2023-08-08 16:25:26,223 DEBUG epoch:317, knn_val_accu: 79.28, contrast_loss: 12.68, contrast_acc: 35.85
2023-08-08 16:25:26,271 DEBUG epoch:317, knn_val_accu: 79.28, contrast_loss: 12.68, contrast_acc: 35.85
2023-08-08 16:26:01,650 DEBUG epoch:318, knn_val_accu: 79.18, contrast_loss: 12.68, contrast_acc: 36.11
2023-08-08 16:26:01,773 DEBUG epoch:318, knn_val_accu: 79.18, contrast_loss: 12.68, contrast_acc: 36.11
2023-08-08 16:26:37,768 DEBUG epoch:319, knn_val_accu: 79.35, contrast_loss: 12.68, contrast_acc: 36.37
2023-08-08 16:26:37,784 DEBUG epoch:319, knn_val_accu: 79.35, contrast_loss: 12.68, contrast_acc: 36.37
2023-08-08 16:27:13,839 DEBUG epoch:320, knn_val_accu: 79.36, contrast_loss: 12.67, contrast_acc: 36.27
2023-08-08 16:27:13,882 DEBUG epoch:320, knn_val_accu: 79.36, contrast_loss: 12.67, contrast_acc: 36.27
2023-08-08 16:27:50,385 DEBUG epoch:321, knn_val_accu: 79.33, contrast_loss: 12.68, contrast_acc: 36.15
2023-08-08 16:27:50,501 DEBUG epoch:321, knn_val_accu: 79.33, contrast_loss: 12.68, contrast_acc: 36.15
2023-08-08 16:28:26,136 DEBUG epoch:322, knn_val_accu: 79.43, contrast_loss: 12.68, contrast_acc: 36.40
2023-08-08 16:28:26,280 DEBUG epoch:322, knn_val_accu: 79.43, contrast_loss: 12.68, contrast_acc: 36.40
2023-08-08 16:29:01,548 DEBUG epoch:323, knn_val_accu: 79.26, contrast_loss: 12.68, contrast_acc: 36.57
2023-08-08 16:29:01,559 DEBUG epoch:323, knn_val_accu: 79.26, contrast_loss: 12.68, contrast_acc: 36.57
2023-08-08 16:29:38,122 DEBUG epoch:324, knn_val_accu: 79.47, contrast_loss: 12.68, contrast_acc: 36.49
2023-08-08 16:29:38,123 DEBUG epoch:324, knn_val_accu: 79.47, contrast_loss: 12.68, contrast_acc: 36.49
2023-08-08 16:30:14,394 DEBUG epoch:325, knn_val_accu: 79.52, contrast_loss: 12.68, contrast_acc: 36.38
2023-08-08 16:30:14,577 DEBUG epoch:325, knn_val_accu: 79.52, contrast_loss: 12.68, contrast_acc: 36.38
2023-08-08 16:30:50,631 DEBUG epoch:326, knn_val_accu: 79.45, contrast_loss: 12.68, contrast_acc: 36.62
2023-08-08 16:30:50,727 DEBUG epoch:326, knn_val_accu: 79.45, contrast_loss: 12.68, contrast_acc: 36.62
2023-08-08 16:31:26,165 DEBUG epoch:327, knn_val_accu: 79.69, contrast_loss: 12.67, contrast_acc: 36.55
2023-08-08 16:31:26,234 DEBUG epoch:327, knn_val_accu: 79.69, contrast_loss: 12.67, contrast_acc: 36.55
2023-08-08 16:32:02,155 DEBUG epoch:328, knn_val_accu: 79.49, contrast_loss: 12.68, contrast_acc: 36.53
2023-08-08 16:32:02,383 DEBUG epoch:328, knn_val_accu: 79.49, contrast_loss: 12.68, contrast_acc: 36.53
2023-08-08 16:32:38,294 DEBUG epoch:329, knn_val_accu: 79.62, contrast_loss: 12.67, contrast_acc: 36.74
2023-08-08 16:32:38,306 DEBUG epoch:329, knn_val_accu: 79.62, contrast_loss: 12.67, contrast_acc: 36.74
2023-08-08 16:33:14,546 DEBUG epoch:330, knn_val_accu: 79.30, contrast_loss: 12.67, contrast_acc: 36.13
2023-08-08 16:33:14,662 DEBUG epoch:330, knn_val_accu: 79.30, contrast_loss: 12.67, contrast_acc: 36.13
2023-08-08 16:33:50,985 DEBUG epoch:331, knn_val_accu: 79.44, contrast_loss: 12.67, contrast_acc: 36.15
2023-08-08 16:33:51,073 DEBUG epoch:331, knn_val_accu: 79.44, contrast_loss: 12.67, contrast_acc: 36.15
2023-08-08 16:34:26,638 DEBUG epoch:332, knn_val_accu: 79.23, contrast_loss: 12.67, contrast_acc: 36.70
2023-08-08 16:34:26,678 DEBUG epoch:332, knn_val_accu: 79.23, contrast_loss: 12.67, contrast_acc: 36.70
2023-08-08 16:35:02,663 DEBUG epoch:333, knn_val_accu: 79.45, contrast_loss: 12.67, contrast_acc: 36.73
2023-08-08 16:35:02,705 DEBUG epoch:333, knn_val_accu: 79.45, contrast_loss: 12.67, contrast_acc: 36.73
2023-08-08 16:35:38,851 DEBUG epoch:334, knn_val_accu: 79.29, contrast_loss: 12.68, contrast_acc: 36.35
2023-08-08 16:35:38,900 DEBUG epoch:334, knn_val_accu: 79.29, contrast_loss: 12.68, contrast_acc: 36.35
2023-08-08 16:36:14,981 DEBUG epoch:335, knn_val_accu: 79.42, contrast_loss: 12.67, contrast_acc: 36.92
2023-08-08 16:36:14,999 DEBUG epoch:335, knn_val_accu: 79.42, contrast_loss: 12.67, contrast_acc: 36.92
2023-08-08 16:36:49,949 DEBUG epoch:336, knn_val_accu: 79.44, contrast_loss: 12.67, contrast_acc: 36.95
2023-08-08 16:36:49,972 DEBUG epoch:336, knn_val_accu: 79.44, contrast_loss: 12.67, contrast_acc: 36.95
2023-08-08 16:37:25,875 DEBUG epoch:337, knn_val_accu: 79.44, contrast_loss: 12.67, contrast_acc: 37.04
2023-08-08 16:37:25,949 DEBUG epoch:337, knn_val_accu: 79.44, contrast_loss: 12.67, contrast_acc: 37.04
2023-08-08 16:38:01,460 DEBUG epoch:338, knn_val_accu: 79.45, contrast_loss: 12.67, contrast_acc: 37.11
2023-08-08 16:38:01,462 DEBUG epoch:338, knn_val_accu: 79.45, contrast_loss: 12.67, contrast_acc: 37.11
2023-08-08 16:38:37,652 DEBUG epoch:339, knn_val_accu: 79.82, contrast_loss: 12.67, contrast_acc: 37.38
2023-08-08 16:38:37,667 DEBUG epoch:339, knn_val_accu: 79.82, contrast_loss: 12.67, contrast_acc: 37.38
2023-08-08 16:39:13,706 DEBUG epoch:340, knn_val_accu: 79.67, contrast_loss: 12.67, contrast_acc: 37.00
2023-08-08 16:39:13,741 DEBUG epoch:340, knn_val_accu: 79.67, contrast_loss: 12.67, contrast_acc: 37.00
2023-08-08 16:39:49,186 DEBUG epoch:341, knn_val_accu: 79.63, contrast_loss: 12.67, contrast_acc: 37.37
2023-08-08 16:39:49,257 DEBUG epoch:341, knn_val_accu: 79.63, contrast_loss: 12.67, contrast_acc: 37.37
2023-08-08 16:40:25,575 DEBUG epoch:342, knn_val_accu: 79.55, contrast_loss: 12.67, contrast_acc: 37.80
2023-08-08 16:40:25,623 DEBUG epoch:342, knn_val_accu: 79.55, contrast_loss: 12.67, contrast_acc: 37.80
2023-08-08 16:41:02,287 DEBUG epoch:343, knn_val_accu: 79.74, contrast_loss: 12.67, contrast_acc: 37.65
2023-08-08 16:41:02,355 DEBUG epoch:343, knn_val_accu: 79.74, contrast_loss: 12.67, contrast_acc: 37.65
2023-08-08 16:41:38,557 DEBUG epoch:344, knn_val_accu: 79.60, contrast_loss: 12.67, contrast_acc: 37.64
2023-08-08 16:41:38,613 DEBUG epoch:344, knn_val_accu: 79.60, contrast_loss: 12.67, contrast_acc: 37.64
2023-08-08 16:42:14,082 DEBUG epoch:345, knn_val_accu: 79.77, contrast_loss: 12.67, contrast_acc: 37.43
2023-08-08 16:42:14,099 DEBUG epoch:345, knn_val_accu: 79.77, contrast_loss: 12.67, contrast_acc: 37.43
2023-08-08 16:42:50,260 DEBUG epoch:346, knn_val_accu: 79.77, contrast_loss: 12.67, contrast_acc: 37.42
2023-08-08 16:42:50,327 DEBUG epoch:346, knn_val_accu: 79.77, contrast_loss: 12.67, contrast_acc: 37.42
2023-08-08 16:43:26,684 DEBUG epoch:347, knn_val_accu: 79.57, contrast_loss: 12.67, contrast_acc: 37.09
2023-08-08 16:43:26,687 DEBUG epoch:347, knn_val_accu: 79.57, contrast_loss: 12.67, contrast_acc: 37.09
2023-08-08 16:44:02,946 DEBUG epoch:348, knn_val_accu: 79.84, contrast_loss: 12.67, contrast_acc: 37.36
2023-08-08 16:44:02,998 DEBUG epoch:348, knn_val_accu: 79.84, contrast_loss: 12.67, contrast_acc: 37.36
2023-08-08 16:44:38,847 DEBUG epoch:349, knn_val_accu: 79.70, contrast_loss: 12.67, contrast_acc: 37.72
2023-08-08 16:44:38,900 DEBUG epoch:349, knn_val_accu: 79.70, contrast_loss: 12.67, contrast_acc: 37.72
2023-08-08 16:45:14,874 DEBUG epoch:350, knn_val_accu: 80.01, contrast_loss: 12.67, contrast_acc: 37.24
2023-08-08 16:45:14,882 DEBUG epoch:350, knn_val_accu: 80.01, contrast_loss: 12.67, contrast_acc: 37.24
2023-08-08 16:45:50,975 DEBUG epoch:351, knn_val_accu: 79.82, contrast_loss: 12.67, contrast_acc: 37.35
2023-08-08 16:45:51,021 DEBUG epoch:351, knn_val_accu: 79.82, contrast_loss: 12.67, contrast_acc: 37.35
2023-08-08 16:46:26,471 DEBUG epoch:352, knn_val_accu: 79.85, contrast_loss: 12.67, contrast_acc: 37.24
2023-08-08 16:46:26,530 DEBUG epoch:352, knn_val_accu: 79.85, contrast_loss: 12.67, contrast_acc: 37.24
2023-08-08 16:47:02,537 DEBUG epoch:353, knn_val_accu: 79.83, contrast_loss: 12.67, contrast_acc: 37.53
2023-08-08 16:47:02,538 DEBUG epoch:353, knn_val_accu: 79.83, contrast_loss: 12.67, contrast_acc: 37.53
2023-08-08 16:47:38,046 DEBUG epoch:354, knn_val_accu: 79.92, contrast_loss: 12.67, contrast_acc: 37.52
2023-08-08 16:47:38,162 DEBUG epoch:354, knn_val_accu: 79.92, contrast_loss: 12.67, contrast_acc: 37.52
2023-08-08 16:48:14,008 DEBUG epoch:355, knn_val_accu: 79.88, contrast_loss: 12.67, contrast_acc: 37.59
2023-08-08 16:48:14,165 DEBUG epoch:355, knn_val_accu: 79.88, contrast_loss: 12.67, contrast_acc: 37.59
2023-08-08 16:48:50,413 DEBUG epoch:356, knn_val_accu: 80.04, contrast_loss: 12.66, contrast_acc: 37.55
2023-08-08 16:48:50,415 DEBUG epoch:356, knn_val_accu: 80.04, contrast_loss: 12.66, contrast_acc: 37.55
2023-08-08 16:49:26,396 DEBUG epoch:357, knn_val_accu: 79.94, contrast_loss: 12.67, contrast_acc: 37.98
2023-08-08 16:49:26,536 DEBUG epoch:357, knn_val_accu: 79.94, contrast_loss: 12.67, contrast_acc: 37.98
2023-08-08 16:50:02,380 DEBUG epoch:358, knn_val_accu: 79.89, contrast_loss: 12.66, contrast_acc: 37.98
2023-08-08 16:50:02,523 DEBUG epoch:358, knn_val_accu: 79.89, contrast_loss: 12.66, contrast_acc: 37.98
2023-08-08 16:50:38,002 DEBUG epoch:359, knn_val_accu: 80.00, contrast_loss: 12.67, contrast_acc: 37.86
2023-08-08 16:50:38,108 DEBUG epoch:359, knn_val_accu: 80.00, contrast_loss: 12.67, contrast_acc: 37.86
2023-08-08 16:51:14,154 DEBUG epoch:360, knn_val_accu: 80.12, contrast_loss: 12.66, contrast_acc: 37.95
2023-08-08 16:51:14,321 DEBUG epoch:360, knn_val_accu: 80.12, contrast_loss: 12.66, contrast_acc: 37.95
2023-08-08 16:51:50,565 DEBUG epoch:361, knn_val_accu: 79.97, contrast_loss: 12.67, contrast_acc: 38.02
2023-08-08 16:51:50,783 DEBUG epoch:361, knn_val_accu: 79.97, contrast_loss: 12.67, contrast_acc: 38.02
2023-08-08 16:52:26,694 DEBUG epoch:362, knn_val_accu: 80.10, contrast_loss: 12.67, contrast_acc: 37.98
2023-08-08 16:52:26,837 DEBUG epoch:362, knn_val_accu: 80.10, contrast_loss: 12.67, contrast_acc: 37.98
2023-08-08 16:53:02,574 DEBUG epoch:363, knn_val_accu: 80.17, contrast_loss: 12.66, contrast_acc: 38.35
2023-08-08 16:53:02,601 DEBUG epoch:363, knn_val_accu: 80.17, contrast_loss: 12.66, contrast_acc: 38.35
2023-08-08 16:53:38,404 DEBUG epoch:364, knn_val_accu: 80.10, contrast_loss: 12.66, contrast_acc: 38.09
2023-08-08 16:53:38,473 DEBUG epoch:364, knn_val_accu: 80.10, contrast_loss: 12.66, contrast_acc: 38.09
2023-08-08 16:54:14,437 DEBUG epoch:365, knn_val_accu: 80.16, contrast_loss: 12.66, contrast_acc: 38.07
2023-08-08 16:54:14,528 DEBUG epoch:365, knn_val_accu: 80.16, contrast_loss: 12.66, contrast_acc: 38.07
2023-08-08 16:54:50,615 DEBUG epoch:366, knn_val_accu: 79.99, contrast_loss: 12.66, contrast_acc: 37.93
2023-08-08 16:54:50,644 DEBUG epoch:366, knn_val_accu: 79.99, contrast_loss: 12.66, contrast_acc: 37.93
2023-08-08 16:55:25,856 DEBUG epoch:367, knn_val_accu: 80.19, contrast_loss: 12.66, contrast_acc: 38.94
2023-08-08 16:55:26,041 DEBUG epoch:367, knn_val_accu: 80.19, contrast_loss: 12.66, contrast_acc: 38.94
2023-08-08 16:56:01,908 DEBUG epoch:368, knn_val_accu: 80.01, contrast_loss: 12.66, contrast_acc: 37.93
2023-08-08 16:56:02,090 DEBUG epoch:368, knn_val_accu: 80.01, contrast_loss: 12.66, contrast_acc: 37.93
2023-08-08 16:56:38,222 DEBUG epoch:369, knn_val_accu: 80.02, contrast_loss: 12.66, contrast_acc: 37.90
2023-08-08 16:56:38,515 DEBUG epoch:369, knn_val_accu: 80.02, contrast_loss: 12.66, contrast_acc: 37.90
2023-08-08 16:57:14,357 DEBUG epoch:370, knn_val_accu: 80.13, contrast_loss: 12.66, contrast_acc: 37.83
2023-08-08 16:57:14,637 DEBUG epoch:370, knn_val_accu: 80.13, contrast_loss: 12.66, contrast_acc: 37.83
2023-08-08 16:57:50,340 DEBUG epoch:371, knn_val_accu: 80.24, contrast_loss: 12.66, contrast_acc: 38.02
2023-08-08 16:57:50,510 DEBUG epoch:371, knn_val_accu: 80.24, contrast_loss: 12.66, contrast_acc: 38.02
2023-08-08 16:58:26,433 DEBUG epoch:372, knn_val_accu: 80.24, contrast_loss: 12.66, contrast_acc: 37.95
2023-08-08 16:58:26,556 DEBUG epoch:372, knn_val_accu: 80.24, contrast_loss: 12.66, contrast_acc: 37.95
2023-08-08 16:59:02,058 DEBUG epoch:373, knn_val_accu: 80.06, contrast_loss: 12.66, contrast_acc: 38.07
2023-08-08 16:59:02,164 DEBUG epoch:373, knn_val_accu: 80.06, contrast_loss: 12.66, contrast_acc: 38.07
2023-08-08 16:59:38,201 DEBUG epoch:374, knn_val_accu: 80.14, contrast_loss: 12.66, contrast_acc: 37.68
2023-08-08 16:59:38,331 DEBUG epoch:374, knn_val_accu: 80.14, contrast_loss: 12.66, contrast_acc: 37.68
2023-08-08 17:00:14,311 DEBUG epoch:375, knn_val_accu: 80.16, contrast_loss: 12.66, contrast_acc: 38.34
2023-08-08 17:00:14,472 DEBUG epoch:375, knn_val_accu: 80.16, contrast_loss: 12.66, contrast_acc: 38.34
2023-08-08 17:00:50,366 DEBUG epoch:376, knn_val_accu: 80.25, contrast_loss: 12.66, contrast_acc: 38.54
2023-08-08 17:00:50,600 DEBUG epoch:376, knn_val_accu: 80.25, contrast_loss: 12.66, contrast_acc: 38.54
2023-08-08 17:01:26,494 DEBUG epoch:377, knn_val_accu: 80.11, contrast_loss: 12.66, contrast_acc: 38.13
2023-08-08 17:01:26,724 DEBUG epoch:377, knn_val_accu: 80.11, contrast_loss: 12.66, contrast_acc: 38.13
2023-08-08 17:02:01,782 DEBUG epoch:378, knn_val_accu: 80.21, contrast_loss: 12.66, contrast_acc: 38.06
2023-08-08 17:02:01,954 DEBUG epoch:378, knn_val_accu: 80.21, contrast_loss: 12.66, contrast_acc: 38.06
2023-08-08 17:02:37,957 DEBUG epoch:379, knn_val_accu: 80.12, contrast_loss: 12.66, contrast_acc: 38.62
2023-08-08 17:02:38,108 DEBUG epoch:379, knn_val_accu: 80.12, contrast_loss: 12.66, contrast_acc: 38.62
2023-08-08 17:03:13,758 DEBUG epoch:380, knn_val_accu: 80.16, contrast_loss: 12.66, contrast_acc: 38.23
2023-08-08 17:03:13,918 DEBUG epoch:380, knn_val_accu: 80.16, contrast_loss: 12.66, contrast_acc: 38.23
2023-08-08 17:03:49,971 DEBUG epoch:381, knn_val_accu: 80.18, contrast_loss: 12.67, contrast_acc: 38.47
2023-08-08 17:03:50,208 DEBUG epoch:381, knn_val_accu: 80.18, contrast_loss: 12.67, contrast_acc: 38.47
2023-08-08 17:04:25,091 DEBUG epoch:382, knn_val_accu: 80.25, contrast_loss: 12.66, contrast_acc: 38.42
2023-08-08 17:04:25,234 DEBUG epoch:382, knn_val_accu: 80.25, contrast_loss: 12.66, contrast_acc: 38.42
2023-08-08 17:05:01,199 DEBUG epoch:383, knn_val_accu: 80.18, contrast_loss: 12.66, contrast_acc: 38.45
2023-08-08 17:05:01,252 DEBUG epoch:383, knn_val_accu: 80.18, contrast_loss: 12.66, contrast_acc: 38.45
2023-08-08 17:05:37,062 DEBUG epoch:384, knn_val_accu: 80.25, contrast_loss: 12.66, contrast_acc: 38.81
2023-08-08 17:05:37,257 DEBUG epoch:384, knn_val_accu: 80.25, contrast_loss: 12.66, contrast_acc: 38.81
2023-08-08 17:06:12,824 DEBUG epoch:385, knn_val_accu: 80.06, contrast_loss: 12.66, contrast_acc: 38.38
2023-08-08 17:06:12,962 DEBUG epoch:385, knn_val_accu: 80.06, contrast_loss: 12.66, contrast_acc: 38.38
2023-08-08 17:06:48,881 DEBUG epoch:386, knn_val_accu: 80.29, contrast_loss: 12.66, contrast_acc: 38.76
2023-08-08 17:06:49,094 DEBUG epoch:386, knn_val_accu: 80.29, contrast_loss: 12.66, contrast_acc: 38.76
2023-08-08 17:07:24,562 DEBUG epoch:387, knn_val_accu: 80.03, contrast_loss: 12.66, contrast_acc: 38.39
2023-08-08 17:07:24,654 DEBUG epoch:387, knn_val_accu: 80.03, contrast_loss: 12.66, contrast_acc: 38.39
2023-08-08 17:08:00,484 DEBUG epoch:388, knn_val_accu: 80.13, contrast_loss: 12.66, contrast_acc: 38.40
2023-08-08 17:08:00,556 DEBUG epoch:388, knn_val_accu: 80.13, contrast_loss: 12.66, contrast_acc: 38.40
2023-08-08 17:08:36,338 DEBUG epoch:389, knn_val_accu: 80.26, contrast_loss: 12.66, contrast_acc: 38.30
2023-08-08 17:08:36,424 DEBUG epoch:389, knn_val_accu: 80.26, contrast_loss: 12.66, contrast_acc: 38.30
2023-08-08 17:09:12,538 DEBUG epoch:390, knn_val_accu: 80.10, contrast_loss: 12.66, contrast_acc: 38.52
2023-08-08 17:09:12,737 DEBUG epoch:390, knn_val_accu: 80.10, contrast_loss: 12.66, contrast_acc: 38.52
2023-08-08 17:09:48,315 DEBUG epoch:391, knn_val_accu: 80.20, contrast_loss: 12.66, contrast_acc: 38.17
2023-08-08 17:09:48,410 DEBUG epoch:391, knn_val_accu: 80.20, contrast_loss: 12.66, contrast_acc: 38.17
2023-08-08 17:10:24,304 DEBUG epoch:392, knn_val_accu: 80.09, contrast_loss: 12.66, contrast_acc: 38.41
2023-08-08 17:10:24,485 DEBUG epoch:392, knn_val_accu: 80.09, contrast_loss: 12.66, contrast_acc: 38.41
2023-08-08 17:11:00,655 DEBUG epoch:393, knn_val_accu: 80.14, contrast_loss: 12.66, contrast_acc: 38.57
2023-08-08 17:11:00,762 DEBUG epoch:393, knn_val_accu: 80.14, contrast_loss: 12.66, contrast_acc: 38.57
2023-08-08 17:11:36,322 DEBUG epoch:394, knn_val_accu: 80.21, contrast_loss: 12.66, contrast_acc: 38.04
2023-08-08 17:11:36,421 DEBUG epoch:394, knn_val_accu: 80.21, contrast_loss: 12.66, contrast_acc: 38.04
2023-08-08 17:12:12,173 DEBUG epoch:395, knn_val_accu: 80.19, contrast_loss: 12.66, contrast_acc: 38.37
2023-08-08 17:12:12,254 DEBUG epoch:395, knn_val_accu: 80.19, contrast_loss: 12.66, contrast_acc: 38.37
2023-08-08 17:12:47,265 DEBUG epoch:396, knn_val_accu: 80.17, contrast_loss: 12.66, contrast_acc: 38.68
2023-08-08 17:12:47,366 DEBUG epoch:396, knn_val_accu: 80.17, contrast_loss: 12.66, contrast_acc: 38.68
2023-08-08 17:13:23,412 DEBUG epoch:397, knn_val_accu: 80.22, contrast_loss: 12.66, contrast_acc: 38.71
2023-08-08 17:13:23,508 DEBUG epoch:397, knn_val_accu: 80.22, contrast_loss: 12.66, contrast_acc: 38.71
2023-08-08 17:13:59,107 DEBUG epoch:398, knn_val_accu: 80.21, contrast_loss: 12.66, contrast_acc: 38.91
2023-08-08 17:13:59,181 DEBUG epoch:398, knn_val_accu: 80.21, contrast_loss: 12.66, contrast_acc: 38.91
2023-08-08 17:14:34,940 DEBUG epoch:399, knn_val_accu: 80.24, contrast_loss: 12.66, contrast_acc: 38.34
2023-08-08 17:14:35,098 DEBUG epoch:399, knn_val_accu: 80.24, contrast_loss: 12.66, contrast_acc: 38.34
2023-08-08 17:15:11,176 DEBUG epoch:400, knn_val_accu: 80.23, contrast_loss: 12.66, contrast_acc: 38.68
2023-08-08 17:15:11,318 DEBUG epoch:400, knn_val_accu: 80.23, contrast_loss: 12.66, contrast_acc: 38.68
2023-08-08 17:15:16,915 DEBUG final knn evaluation accuracy is 80.29
2023-08-08 17:15:16,921 DEBUG final knn evaluation accuracy is 80.29
2023-08-08 17:24:51,617 DEBUG final linear-probe evaluation accuracy is 85.62
2023-08-08 17:24:55,649 DEBUG final linear-probe evaluation accuracy is 85.62
2023-08-08 17:27:55,052 DEBUG final semi-supervised evaluation accuracy with 10% data is 84.41
2023-08-08 17:28:05,915 DEBUG final semi-supervised evaluation accuracy with 10% data is 84.41
2023-08-08 17:30:17,679 DEBUG final semi-supervised evaluation accuracy with 1% data is 80.62
2023-08-08 17:30:36,135 DEBUG final semi-supervised evaluation accuracy with 1% data is 80.62