epoch=200, cos=True, bs=16*4

2023-08-07 18:22:53,177 DEBUG Data statistics: {0: {0: 351, 1: 2517, 4: 1070, 5: 893, 6: 127, 7: 241}, 1: {0: 152, 1: 125, 2: 1323, 3: 973, 4: 941, 5: 406, 7: 474, 8: 1297}, 2: {0: 11, 1: 54, 2: 354, 3: 23, 4: 329, 5: 1474, 6: 65, 7: 59, 8: 278, 9: 126}, 3: {0: 66, 1: 318, 2: 25, 3: 152, 4: 679, 6: 104, 7: 1569, 8: 1034, 9: 917}, 4: {0: 21, 1: 970, 2: 60, 3: 154, 4: 2, 5: 54, 6: 2737, 7: 372, 8: 91, 9: 2398}, 5: {0: 1733, 1: 94, 2: 77, 3: 90, 4: 41, 5: 1007, 6: 63, 7: 57, 8: 1997}, 6: {2: 27, 3: 72, 4: 439, 5: 827, 6: 236, 7: 2025, 8: 276, 9: 1481}, 7: {0: 1350, 1: 801, 2: 302, 4: 254, 5: 1, 6: 8, 7: 202, 8: 27, 9: 78}, 8: {0: 848, 1: 6, 2: 2759, 3: 868, 4: 1237}, 9: {0: 468, 1: 115, 2: 73, 3: 2668, 4: 8, 5: 338, 6: 1660, 7: 1}}
2023-08-07 18:22:53,177 DEBUG Data statistics: {0: {0: 351, 1: 2517, 4: 1070, 5: 893, 6: 127, 7: 241}, 1: {0: 152, 1: 125, 2: 1323, 3: 973, 4: 941, 5: 406, 7: 474, 8: 1297}, 2: {0: 11, 1: 54, 2: 354, 3: 23, 4: 329, 5: 1474, 6: 65, 7: 59, 8: 278, 9: 126}, 3: {0: 66, 1: 318, 2: 25, 3: 152, 4: 679, 6: 104, 7: 1569, 8: 1034, 9: 917}, 4: {0: 21, 1: 970, 2: 60, 3: 154, 4: 2, 5: 54, 6: 2737, 7: 372, 8: 91, 9: 2398}, 5: {0: 1733, 1: 94, 2: 77, 3: 90, 4: 41, 5: 1007, 6: 63, 7: 57, 8: 1997}, 6: {2: 27, 3: 72, 4: 439, 5: 827, 6: 236, 7: 2025, 8: 276, 9: 1481}, 7: {0: 1350, 1: 801, 2: 302, 4: 254, 5: 1, 6: 8, 7: 202, 8: 27, 9: 78}, 8: {0: 848, 1: 6, 2: 2759, 3: 868, 4: 1237}, 9: {0: 468, 1: 115, 2: 73, 3: 2668, 4: 8, 5: 338, 6: 1660, 7: 1}}
2023-08-07 18:22:53,178 DEBUG SFL-Moco-microbatch (Moco-V2, Hetero: True, Sample_Ratio: 1.0) Train on cifar10 with cutlayer 1 and 10 clients with 1.0-data-distribution: total epochs: 200, total number of batches for each client is 325
2023-08-07 18:22:53,178 DEBUG SFL-Moco-microbatch (Moco-V2, Hetero: True, Sample_Ratio: 1.0) Train on cifar10 with cutlayer 1 and 10 clients with 1.0-data-distribution: total epochs: 200, total number of batches for each client is 325
2023-08-07 18:22:53,178 DEBUG Data statistics: {0: {0: 351, 1: 2517, 4: 1070, 5: 893, 6: 127, 7: 241}, 1: {0: 152, 1: 125, 2: 1323, 3: 973, 4: 941, 5: 406, 7: 474, 8: 1297}, 2: {0: 11, 1: 54, 2: 354, 3: 23, 4: 329, 5: 1474, 6: 65, 7: 59, 8: 278, 9: 126}, 3: {0: 66, 1: 318, 2: 25, 3: 152, 4: 679, 6: 104, 7: 1569, 8: 1034, 9: 917}, 4: {0: 21, 1: 970, 2: 60, 3: 154, 4: 2, 5: 54, 6: 2737, 7: 372, 8: 91, 9: 2398}, 5: {0: 1733, 1: 94, 2: 77, 3: 90, 4: 41, 5: 1007, 6: 63, 7: 57, 8: 1997}, 6: {2: 27, 3: 72, 4: 439, 5: 827, 6: 236, 7: 2025, 8: 276, 9: 1481}, 7: {0: 1350, 1: 801, 2: 302, 4: 254, 5: 1, 6: 8, 7: 202, 8: 27, 9: 78}, 8: {0: 848, 1: 6, 2: 2759, 3: 868, 4: 1237}, 9: {0: 468, 1: 115, 2: 73, 3: 2668, 4: 8, 5: 338, 6: 1660, 7: 1}}
2023-08-07 18:22:53,179 DEBUG SFL-Moco-microbatch (Moco-V2, Hetero: True, Sample_Ratio: 1.0) Train on cifar10 with cutlayer 1 and 10 clients with 1.0-data-distribution: total epochs: 200, total number of batches for each client is 325
2023-08-07 18:22:53,179 DEBUG Data statistics: {0: {0: 351, 1: 2517, 4: 1070, 5: 893, 6: 127, 7: 241}, 1: {0: 152, 1: 125, 2: 1323, 3: 973, 4: 941, 5: 406, 7: 474, 8: 1297}, 2: {0: 11, 1: 54, 2: 354, 3: 23, 4: 329, 5: 1474, 6: 65, 7: 59, 8: 278, 9: 126}, 3: {0: 66, 1: 318, 2: 25, 3: 152, 4: 679, 6: 104, 7: 1569, 8: 1034, 9: 917}, 4: {0: 21, 1: 970, 2: 60, 3: 154, 4: 2, 5: 54, 6: 2737, 7: 372, 8: 91, 9: 2398}, 5: {0: 1733, 1: 94, 2: 77, 3: 90, 4: 41, 5: 1007, 6: 63, 7: 57, 8: 1997}, 6: {2: 27, 3: 72, 4: 439, 5: 827, 6: 236, 7: 2025, 8: 276, 9: 1481}, 7: {0: 1350, 1: 801, 2: 302, 4: 254, 5: 1, 6: 8, 7: 202, 8: 27, 9: 78}, 8: {0: 848, 1: 6, 2: 2759, 3: 868, 4: 1237}, 9: {0: 468, 1: 115, 2: 73, 3: 2668, 4: 8, 5: 338, 6: 1660, 7: 1}}
2023-08-07 18:22:53,180 DEBUG SFL-Moco-microbatch (Moco-V2, Hetero: True, Sample_Ratio: 1.0) Train on cifar10 with cutlayer 1 and 10 clients with 1.0-data-distribution: total epochs: 200, total number of batches for each client is 325
2023-08-07 18:23:33,186 DEBUG Data statistics: {0: {0: 351, 1: 2517, 4: 1070, 5: 893, 6: 127, 7: 241}, 1: {0: 152, 1: 125, 2: 1323, 3: 973, 4: 941, 5: 406, 7: 474, 8: 1297}, 2: {0: 11, 1: 54, 2: 354, 3: 23, 4: 329, 5: 1474, 6: 65, 7: 59, 8: 278, 9: 126}, 3: {0: 66, 1: 318, 2: 25, 3: 152, 4: 679, 6: 104, 7: 1569, 8: 1034, 9: 917}, 4: {0: 21, 1: 970, 2: 60, 3: 154, 4: 2, 5: 54, 6: 2737, 7: 372, 8: 91, 9: 2398}, 5: {0: 1733, 1: 94, 2: 77, 3: 90, 4: 41, 5: 1007, 6: 63, 7: 57, 8: 1997}, 6: {2: 27, 3: 72, 4: 439, 5: 827, 6: 236, 7: 2025, 8: 276, 9: 1481}, 7: {0: 1350, 1: 801, 2: 302, 4: 254, 5: 1, 6: 8, 7: 202, 8: 27, 9: 78}, 8: {0: 848, 1: 6, 2: 2759, 3: 868, 4: 1237}, 9: {0: 468, 1: 115, 2: 73, 3: 2668, 4: 8, 5: 338, 6: 1660, 7: 1}}
2023-08-07 18:23:33,186 DEBUG Data statistics: {0: {0: 351, 1: 2517, 4: 1070, 5: 893, 6: 127, 7: 241}, 1: {0: 152, 1: 125, 2: 1323, 3: 973, 4: 941, 5: 406, 7: 474, 8: 1297}, 2: {0: 11, 1: 54, 2: 354, 3: 23, 4: 329, 5: 1474, 6: 65, 7: 59, 8: 278, 9: 126}, 3: {0: 66, 1: 318, 2: 25, 3: 152, 4: 679, 6: 104, 7: 1569, 8: 1034, 9: 917}, 4: {0: 21, 1: 970, 2: 60, 3: 154, 4: 2, 5: 54, 6: 2737, 7: 372, 8: 91, 9: 2398}, 5: {0: 1733, 1: 94, 2: 77, 3: 90, 4: 41, 5: 1007, 6: 63, 7: 57, 8: 1997}, 6: {2: 27, 3: 72, 4: 439, 5: 827, 6: 236, 7: 2025, 8: 276, 9: 1481}, 7: {0: 1350, 1: 801, 2: 302, 4: 254, 5: 1, 6: 8, 7: 202, 8: 27, 9: 78}, 8: {0: 848, 1: 6, 2: 2759, 3: 868, 4: 1237}, 9: {0: 468, 1: 115, 2: 73, 3: 2668, 4: 8, 5: 338, 6: 1660, 7: 1}}
2023-08-07 18:23:33,186 DEBUG SFL-Moco-microbatch (Moco-V2, Hetero: True, Sample_Ratio: 1.0) Train on cifar10 with cutlayer 1 and 10 clients with 1.0-data-distribution: total epochs: 200, total number of batches for each client is 325
2023-08-07 18:23:33,186 DEBUG SFL-Moco-microbatch (Moco-V2, Hetero: True, Sample_Ratio: 1.0) Train on cifar10 with cutlayer 1 and 10 clients with 1.0-data-distribution: total epochs: 200, total number of batches for each client is 325
2023-08-07 18:23:33,186 DEBUG Data statistics: {0: {0: 351, 1: 2517, 4: 1070, 5: 893, 6: 127, 7: 241}, 1: {0: 152, 1: 125, 2: 1323, 3: 973, 4: 941, 5: 406, 7: 474, 8: 1297}, 2: {0: 11, 1: 54, 2: 354, 3: 23, 4: 329, 5: 1474, 6: 65, 7: 59, 8: 278, 9: 126}, 3: {0: 66, 1: 318, 2: 25, 3: 152, 4: 679, 6: 104, 7: 1569, 8: 1034, 9: 917}, 4: {0: 21, 1: 970, 2: 60, 3: 154, 4: 2, 5: 54, 6: 2737, 7: 372, 8: 91, 9: 2398}, 5: {0: 1733, 1: 94, 2: 77, 3: 90, 4: 41, 5: 1007, 6: 63, 7: 57, 8: 1997}, 6: {2: 27, 3: 72, 4: 439, 5: 827, 6: 236, 7: 2025, 8: 276, 9: 1481}, 7: {0: 1350, 1: 801, 2: 302, 4: 254, 5: 1, 6: 8, 7: 202, 8: 27, 9: 78}, 8: {0: 848, 1: 6, 2: 2759, 3: 868, 4: 1237}, 9: {0: 468, 1: 115, 2: 73, 3: 2668, 4: 8, 5: 338, 6: 1660, 7: 1}}
2023-08-07 18:23:33,186 DEBUG SFL-Moco-microbatch (Moco-V2, Hetero: True, Sample_Ratio: 1.0) Train on cifar10 with cutlayer 1 and 10 clients with 1.0-data-distribution: total epochs: 200, total number of batches for each client is 325
2023-08-07 18:23:33,186 DEBUG Data statistics: {0: {0: 351, 1: 2517, 4: 1070, 5: 893, 6: 127, 7: 241}, 1: {0: 152, 1: 125, 2: 1323, 3: 973, 4: 941, 5: 406, 7: 474, 8: 1297}, 2: {0: 11, 1: 54, 2: 354, 3: 23, 4: 329, 5: 1474, 6: 65, 7: 59, 8: 278, 9: 126}, 3: {0: 66, 1: 318, 2: 25, 3: 152, 4: 679, 6: 104, 7: 1569, 8: 1034, 9: 917}, 4: {0: 21, 1: 970, 2: 60, 3: 154, 4: 2, 5: 54, 6: 2737, 7: 372, 8: 91, 9: 2398}, 5: {0: 1733, 1: 94, 2: 77, 3: 90, 4: 41, 5: 1007, 6: 63, 7: 57, 8: 1997}, 6: {2: 27, 3: 72, 4: 439, 5: 827, 6: 236, 7: 2025, 8: 276, 9: 1481}, 7: {0: 1350, 1: 801, 2: 302, 4: 254, 5: 1, 6: 8, 7: 202, 8: 27, 9: 78}, 8: {0: 848, 1: 6, 2: 2759, 3: 868, 4: 1237}, 9: {0: 468, 1: 115, 2: 73, 3: 2668, 4: 8, 5: 338, 6: 1660, 7: 1}}
2023-08-07 18:23:33,187 DEBUG SFL-Moco-microbatch (Moco-V2, Hetero: True, Sample_Ratio: 1.0) Train on cifar10 with cutlayer 1 and 10 clients with 1.0-data-distribution: total epochs: 200, total number of batches for each client is 325
2023-08-07 18:24:29,311 DEBUG Data statistics: {0: {0: 351, 1: 2517, 4: 1070, 5: 893, 6: 127, 7: 241}, 1: {0: 152, 1: 125, 2: 1323, 3: 973, 4: 941, 5: 406, 7: 474, 8: 1297}, 2: {0: 11, 1: 54, 2: 354, 3: 23, 4: 329, 5: 1474, 6: 65, 7: 59, 8: 278, 9: 126}, 3: {0: 66, 1: 318, 2: 25, 3: 152, 4: 679, 6: 104, 7: 1569, 8: 1034, 9: 917}, 4: {0: 21, 1: 970, 2: 60, 3: 154, 4: 2, 5: 54, 6: 2737, 7: 372, 8: 91, 9: 2398}, 5: {0: 1733, 1: 94, 2: 77, 3: 90, 4: 41, 5: 1007, 6: 63, 7: 57, 8: 1997}, 6: {2: 27, 3: 72, 4: 439, 5: 827, 6: 236, 7: 2025, 8: 276, 9: 1481}, 7: {0: 1350, 1: 801, 2: 302, 4: 254, 5: 1, 6: 8, 7: 202, 8: 27, 9: 78}, 8: {0: 848, 1: 6, 2: 2759, 3: 868, 4: 1237}, 9: {0: 468, 1: 115, 2: 73, 3: 2668, 4: 8, 5: 338, 6: 1660, 7: 1}}
2023-08-07 18:24:29,311 DEBUG SFL-Moco-microbatch (Moco-V2, Hetero: True, Sample_Ratio: 1.0) Train on cifar10 with cutlayer 1 and 10 clients with 1.0-data-distribution: total epochs: 200, total number of batches for each client is 325
2023-08-07 18:24:29,311 DEBUG Data statistics: {0: {0: 351, 1: 2517, 4: 1070, 5: 893, 6: 127, 7: 241}, 1: {0: 152, 1: 125, 2: 1323, 3: 973, 4: 941, 5: 406, 7: 474, 8: 1297}, 2: {0: 11, 1: 54, 2: 354, 3: 23, 4: 329, 5: 1474, 6: 65, 7: 59, 8: 278, 9: 126}, 3: {0: 66, 1: 318, 2: 25, 3: 152, 4: 679, 6: 104, 7: 1569, 8: 1034, 9: 917}, 4: {0: 21, 1: 970, 2: 60, 3: 154, 4: 2, 5: 54, 6: 2737, 7: 372, 8: 91, 9: 2398}, 5: {0: 1733, 1: 94, 2: 77, 3: 90, 4: 41, 5: 1007, 6: 63, 7: 57, 8: 1997}, 6: {2: 27, 3: 72, 4: 439, 5: 827, 6: 236, 7: 2025, 8: 276, 9: 1481}, 7: {0: 1350, 1: 801, 2: 302, 4: 254, 5: 1, 6: 8, 7: 202, 8: 27, 9: 78}, 8: {0: 848, 1: 6, 2: 2759, 3: 868, 4: 1237}, 9: {0: 468, 1: 115, 2: 73, 3: 2668, 4: 8, 5: 338, 6: 1660, 7: 1}}
2023-08-07 18:24:29,311 DEBUG SFL-Moco-microbatch (Moco-V2, Hetero: True, Sample_Ratio: 1.0) Train on cifar10 with cutlayer 1 and 10 clients with 1.0-data-distribution: total epochs: 200, total number of batches for each client is 325
2023-08-07 18:24:29,311 DEBUG Data statistics: {0: {0: 351, 1: 2517, 4: 1070, 5: 893, 6: 127, 7: 241}, 1: {0: 152, 1: 125, 2: 1323, 3: 973, 4: 941, 5: 406, 7: 474, 8: 1297}, 2: {0: 11, 1: 54, 2: 354, 3: 23, 4: 329, 5: 1474, 6: 65, 7: 59, 8: 278, 9: 126}, 3: {0: 66, 1: 318, 2: 25, 3: 152, 4: 679, 6: 104, 7: 1569, 8: 1034, 9: 917}, 4: {0: 21, 1: 970, 2: 60, 3: 154, 4: 2, 5: 54, 6: 2737, 7: 372, 8: 91, 9: 2398}, 5: {0: 1733, 1: 94, 2: 77, 3: 90, 4: 41, 5: 1007, 6: 63, 7: 57, 8: 1997}, 6: {2: 27, 3: 72, 4: 439, 5: 827, 6: 236, 7: 2025, 8: 276, 9: 1481}, 7: {0: 1350, 1: 801, 2: 302, 4: 254, 5: 1, 6: 8, 7: 202, 8: 27, 9: 78}, 8: {0: 848, 1: 6, 2: 2759, 3: 868, 4: 1237}, 9: {0: 468, 1: 115, 2: 73, 3: 2668, 4: 8, 5: 338, 6: 1660, 7: 1}}
2023-08-07 18:24:29,312 DEBUG SFL-Moco-microbatch (Moco-V2, Hetero: True, Sample_Ratio: 1.0) Train on cifar10 with cutlayer 1 and 10 clients with 1.0-data-distribution: total epochs: 200, total number of batches for each client is 325
2023-08-07 18:24:29,311 DEBUG Data statistics: {0: {0: 351, 1: 2517, 4: 1070, 5: 893, 6: 127, 7: 241}, 1: {0: 152, 1: 125, 2: 1323, 3: 973, 4: 941, 5: 406, 7: 474, 8: 1297}, 2: {0: 11, 1: 54, 2: 354, 3: 23, 4: 329, 5: 1474, 6: 65, 7: 59, 8: 278, 9: 126}, 3: {0: 66, 1: 318, 2: 25, 3: 152, 4: 679, 6: 104, 7: 1569, 8: 1034, 9: 917}, 4: {0: 21, 1: 970, 2: 60, 3: 154, 4: 2, 5: 54, 6: 2737, 7: 372, 8: 91, 9: 2398}, 5: {0: 1733, 1: 94, 2: 77, 3: 90, 4: 41, 5: 1007, 6: 63, 7: 57, 8: 1997}, 6: {2: 27, 3: 72, 4: 439, 5: 827, 6: 236, 7: 2025, 8: 276, 9: 1481}, 7: {0: 1350, 1: 801, 2: 302, 4: 254, 5: 1, 6: 8, 7: 202, 8: 27, 9: 78}, 8: {0: 848, 1: 6, 2: 2759, 3: 868, 4: 1237}, 9: {0: 468, 1: 115, 2: 73, 3: 2668, 4: 8, 5: 338, 6: 1660, 7: 1}}
2023-08-07 18:24:29,312 DEBUG SFL-Moco-microbatch (Moco-V2, Hetero: True, Sample_Ratio: 1.0) Train on cifar10 with cutlayer 1 and 10 clients with 1.0-data-distribution: total epochs: 200, total number of batches for each client is 325
2023-08-07 18:26:10,563 DEBUG epoch:1, knn_val_accu: 36.20, contrast_loss: 9.52, contrast_acc: 6.38
2023-08-07 18:26:12,536 DEBUG epoch:1, knn_val_accu: 36.20, contrast_loss: 9.52, contrast_acc: 6.38
2023-08-07 18:26:13,473 DEBUG epoch:1, knn_val_accu: 36.20, contrast_loss: 9.52, contrast_acc: 6.38
2023-08-07 18:26:16,068 DEBUG epoch:1, knn_val_accu: 36.20, contrast_loss: 9.52, contrast_acc: 6.38
2023-08-07 18:27:56,353 DEBUG epoch:2, knn_val_accu: 39.05, contrast_loss: 9.11, contrast_acc: 13.72
2023-08-07 18:27:56,732 DEBUG epoch:2, knn_val_accu: 39.05, contrast_loss: 9.11, contrast_acc: 13.72
2023-08-07 18:27:58,304 DEBUG epoch:2, knn_val_accu: 39.05, contrast_loss: 9.11, contrast_acc: 13.72
2023-08-07 18:28:01,881 DEBUG epoch:2, knn_val_accu: 39.05, contrast_loss: 9.11, contrast_acc: 13.72
2023-08-07 18:29:42,640 DEBUG epoch:3, knn_val_accu: 40.37, contrast_loss: 9.00, contrast_acc: 18.47
2023-08-07 18:29:44,111 DEBUG epoch:3, knn_val_accu: 40.37, contrast_loss: 9.00, contrast_acc: 18.47
2023-08-07 18:29:45,693 DEBUG epoch:3, knn_val_accu: 40.37, contrast_loss: 9.00, contrast_acc: 18.47
2023-08-07 18:29:47,219 DEBUG epoch:3, knn_val_accu: 40.37, contrast_loss: 9.00, contrast_acc: 18.47
2023-08-07 18:31:26,299 DEBUG epoch:4, knn_val_accu: 42.74, contrast_loss: 8.96, contrast_acc: 21.61
2023-08-07 18:31:28,238 DEBUG epoch:4, knn_val_accu: 42.74, contrast_loss: 8.96, contrast_acc: 21.61
2023-08-07 18:31:29,335 DEBUG epoch:4, knn_val_accu: 42.74, contrast_loss: 8.96, contrast_acc: 21.61
2023-08-07 18:31:31,705 DEBUG epoch:4, knn_val_accu: 42.74, contrast_loss: 8.96, contrast_acc: 21.61
2023-08-07 18:33:09,198 DEBUG epoch:5, knn_val_accu: 44.29, contrast_loss: 8.91, contrast_acc: 24.59
2023-08-07 18:33:09,685 DEBUG epoch:5, knn_val_accu: 44.29, contrast_loss: 8.91, contrast_acc: 24.59
2023-08-07 18:33:12,220 DEBUG epoch:5, knn_val_accu: 44.29, contrast_loss: 8.91, contrast_acc: 24.59
2023-08-07 18:33:14,595 DEBUG epoch:5, knn_val_accu: 44.29, contrast_loss: 8.91, contrast_acc: 24.59
2023-08-07 18:34:52,384 DEBUG epoch:6, knn_val_accu: 45.78, contrast_loss: 8.89, contrast_acc: 26.93
2023-08-07 18:34:54,465 DEBUG epoch:6, knn_val_accu: 45.78, contrast_loss: 8.89, contrast_acc: 26.93
2023-08-07 18:34:55,545 DEBUG epoch:6, knn_val_accu: 45.78, contrast_loss: 8.89, contrast_acc: 26.93
2023-08-07 18:34:57,924 DEBUG epoch:6, knn_val_accu: 45.78, contrast_loss: 8.89, contrast_acc: 26.93
2023-08-07 18:36:36,010 DEBUG epoch:7, knn_val_accu: 47.13, contrast_loss: 8.87, contrast_acc: 29.02
2023-08-07 18:36:38,006 DEBUG epoch:7, knn_val_accu: 47.13, contrast_loss: 8.87, contrast_acc: 29.02
2023-08-07 18:36:38,924 DEBUG epoch:7, knn_val_accu: 47.13, contrast_loss: 8.87, contrast_acc: 29.02
2023-08-07 18:36:41,501 DEBUG epoch:7, knn_val_accu: 47.13, contrast_loss: 8.87, contrast_acc: 29.02
2023-08-07 18:38:19,797 DEBUG epoch:8, knn_val_accu: 47.69, contrast_loss: 8.85, contrast_acc: 30.42
2023-08-07 18:38:21,647 DEBUG epoch:8, knn_val_accu: 47.69, contrast_loss: 8.85, contrast_acc: 30.42
2023-08-07 18:38:22,635 DEBUG epoch:8, knn_val_accu: 47.69, contrast_loss: 8.85, contrast_acc: 30.42
2023-08-07 18:38:25,248 DEBUG epoch:8, knn_val_accu: 47.69, contrast_loss: 8.85, contrast_acc: 30.42
2023-08-07 18:40:03,810 DEBUG epoch:9, knn_val_accu: 48.79, contrast_loss: 8.84, contrast_acc: 31.33
2023-08-07 18:40:05,793 DEBUG epoch:9, knn_val_accu: 48.79, contrast_loss: 8.84, contrast_acc: 31.33
2023-08-07 18:40:06,840 DEBUG epoch:9, knn_val_accu: 48.79, contrast_loss: 8.84, contrast_acc: 31.33
2023-08-07 18:40:09,294 DEBUG epoch:9, knn_val_accu: 48.79, contrast_loss: 8.84, contrast_acc: 31.33
2023-08-07 18:41:47,844 DEBUG epoch:10, knn_val_accu: 50.17, contrast_loss: 8.82, contrast_acc: 32.22
2023-08-07 18:41:49,781 DEBUG epoch:10, knn_val_accu: 50.17, contrast_loss: 8.82, contrast_acc: 32.22
2023-08-07 18:41:50,836 DEBUG epoch:10, knn_val_accu: 50.17, contrast_loss: 8.82, contrast_acc: 32.22
2023-08-07 18:41:52,880 DEBUG epoch:10, knn_val_accu: 50.17, contrast_loss: 8.82, contrast_acc: 32.22
2023-08-07 18:43:31,281 DEBUG epoch:11, knn_val_accu: 50.97, contrast_loss: 8.81, contrast_acc: 32.78
2023-08-07 18:43:33,167 DEBUG epoch:11, knn_val_accu: 50.97, contrast_loss: 8.81, contrast_acc: 32.78
2023-08-07 18:43:34,110 DEBUG epoch:11, knn_val_accu: 50.97, contrast_loss: 8.81, contrast_acc: 32.78
2023-08-07 18:43:36,769 DEBUG epoch:11, knn_val_accu: 50.97, contrast_loss: 8.81, contrast_acc: 32.78
2023-08-07 18:45:16,184 DEBUG epoch:12, knn_val_accu: 52.36, contrast_loss: 8.81, contrast_acc: 33.75
2023-08-07 18:45:18,122 DEBUG epoch:12, knn_val_accu: 52.36, contrast_loss: 8.81, contrast_acc: 33.75
2023-08-07 18:45:18,861 DEBUG epoch:12, knn_val_accu: 52.36, contrast_loss: 8.81, contrast_acc: 33.75
2023-08-07 18:45:21,465 DEBUG epoch:12, knn_val_accu: 52.36, contrast_loss: 8.81, contrast_acc: 33.75
2023-08-07 18:47:01,016 DEBUG epoch:13, knn_val_accu: 53.68, contrast_loss: 8.80, contrast_acc: 34.57
2023-08-07 18:47:02,985 DEBUG epoch:13, knn_val_accu: 53.68, contrast_loss: 8.80, contrast_acc: 34.57
2023-08-07 18:47:03,856 DEBUG epoch:13, knn_val_accu: 53.68, contrast_loss: 8.80, contrast_acc: 34.57
2023-08-07 18:47:06,427 DEBUG epoch:13, knn_val_accu: 53.68, contrast_loss: 8.80, contrast_acc: 34.57
2023-08-07 18:48:48,066 DEBUG epoch:14, knn_val_accu: 53.92, contrast_loss: 8.80, contrast_acc: 34.31
2023-08-07 18:48:49,932 DEBUG epoch:14, knn_val_accu: 53.92, contrast_loss: 8.80, contrast_acc: 34.31
2023-08-07 18:48:50,945 DEBUG epoch:14, knn_val_accu: 53.92, contrast_loss: 8.80, contrast_acc: 34.31
2023-08-07 18:48:53,452 DEBUG epoch:14, knn_val_accu: 53.92, contrast_loss: 8.80, contrast_acc: 34.31
2023-08-07 18:50:30,852 DEBUG epoch:15, knn_val_accu: 55.41, contrast_loss: 8.79, contrast_acc: 35.10
2023-08-07 18:50:32,915 DEBUG epoch:15, knn_val_accu: 55.41, contrast_loss: 8.79, contrast_acc: 35.10
2023-08-07 18:50:33,726 DEBUG epoch:15, knn_val_accu: 55.41, contrast_loss: 8.79, contrast_acc: 35.10
2023-08-07 18:50:36,319 DEBUG epoch:15, knn_val_accu: 55.41, contrast_loss: 8.79, contrast_acc: 35.10
2023-08-07 18:52:12,147 DEBUG epoch:16, knn_val_accu: 55.70, contrast_loss: 8.78, contrast_acc: 34.92
2023-08-07 18:52:12,637 DEBUG epoch:16, knn_val_accu: 55.70, contrast_loss: 8.78, contrast_acc: 34.92
2023-08-07 18:52:14,057 DEBUG epoch:16, knn_val_accu: 55.70, contrast_loss: 8.78, contrast_acc: 34.92
2023-08-07 18:52:17,371 DEBUG epoch:16, knn_val_accu: 55.70, contrast_loss: 8.78, contrast_acc: 34.92
2023-08-07 18:53:54,634 DEBUG epoch:17, knn_val_accu: 56.02, contrast_loss: 8.78, contrast_acc: 35.11
2023-08-07 18:53:56,463 DEBUG epoch:17, knn_val_accu: 56.02, contrast_loss: 8.78, contrast_acc: 35.11
2023-08-07 18:53:57,440 DEBUG epoch:17, knn_val_accu: 56.02, contrast_loss: 8.78, contrast_acc: 35.11
2023-08-07 18:53:59,241 DEBUG epoch:17, knn_val_accu: 56.02, contrast_loss: 8.78, contrast_acc: 35.11
2023-08-07 18:55:35,379 DEBUG epoch:18, knn_val_accu: 56.35, contrast_loss: 8.77, contrast_acc: 34.61
2023-08-07 18:55:37,446 DEBUG epoch:18, knn_val_accu: 56.35, contrast_loss: 8.77, contrast_acc: 34.61
2023-08-07 18:55:38,389 DEBUG epoch:18, knn_val_accu: 56.35, contrast_loss: 8.77, contrast_acc: 34.61
2023-08-07 18:55:40,829 DEBUG epoch:18, knn_val_accu: 56.35, contrast_loss: 8.77, contrast_acc: 34.61
2023-08-07 18:57:16,485 DEBUG epoch:19, knn_val_accu: 56.72, contrast_loss: 8.76, contrast_acc: 35.65
2023-08-07 18:57:18,523 DEBUG epoch:19, knn_val_accu: 56.72, contrast_loss: 8.76, contrast_acc: 35.65
2023-08-07 18:57:19,501 DEBUG epoch:19, knn_val_accu: 56.72, contrast_loss: 8.76, contrast_acc: 35.65
2023-08-07 18:57:21,921 DEBUG epoch:19, knn_val_accu: 56.72, contrast_loss: 8.76, contrast_acc: 35.65
2023-08-07 18:58:58,951 DEBUG epoch:20, knn_val_accu: 57.57, contrast_loss: 8.77, contrast_acc: 34.58
2023-08-07 18:59:00,931 DEBUG epoch:20, knn_val_accu: 57.57, contrast_loss: 8.77, contrast_acc: 34.58
2023-08-07 18:59:01,833 DEBUG epoch:20, knn_val_accu: 57.57, contrast_loss: 8.77, contrast_acc: 34.58
2023-08-07 18:59:03,945 DEBUG epoch:20, knn_val_accu: 57.57, contrast_loss: 8.77, contrast_acc: 34.58
2023-08-07 19:00:40,000 DEBUG epoch:21, knn_val_accu: 57.27, contrast_loss: 8.77, contrast_acc: 34.65
2023-08-07 19:00:42,123 DEBUG epoch:21, knn_val_accu: 57.27, contrast_loss: 8.77, contrast_acc: 34.65
2023-08-07 19:00:43,075 DEBUG epoch:21, knn_val_accu: 57.27, contrast_loss: 8.77, contrast_acc: 34.65
2023-08-07 19:00:45,510 DEBUG epoch:21, knn_val_accu: 57.27, contrast_loss: 8.77, contrast_acc: 34.65
2023-08-07 19:02:20,863 DEBUG epoch:22, knn_val_accu: 58.43, contrast_loss: 8.76, contrast_acc: 34.64
2023-08-07 19:02:21,360 DEBUG epoch:22, knn_val_accu: 58.43, contrast_loss: 8.76, contrast_acc: 34.64
2023-08-07 19:02:23,894 DEBUG epoch:22, knn_val_accu: 58.43, contrast_loss: 8.76, contrast_acc: 34.64
2023-08-07 19:02:26,306 DEBUG epoch:22, knn_val_accu: 58.43, contrast_loss: 8.76, contrast_acc: 34.64
2023-08-07 19:04:02,638 DEBUG epoch:23, knn_val_accu: 59.35, contrast_loss: 8.76, contrast_acc: 34.58
2023-08-07 19:04:04,710 DEBUG epoch:23, knn_val_accu: 59.35, contrast_loss: 8.76, contrast_acc: 34.58
2023-08-07 19:04:05,587 DEBUG epoch:23, knn_val_accu: 59.35, contrast_loss: 8.76, contrast_acc: 34.58
2023-08-07 19:04:07,485 DEBUG epoch:23, knn_val_accu: 59.35, contrast_loss: 8.76, contrast_acc: 34.58
2023-08-07 19:05:44,619 DEBUG epoch:24, knn_val_accu: 58.78, contrast_loss: 8.76, contrast_acc: 35.32
2023-08-07 19:05:46,648 DEBUG epoch:24, knn_val_accu: 58.78, contrast_loss: 8.76, contrast_acc: 35.32
2023-08-07 19:05:47,641 DEBUG epoch:24, knn_val_accu: 58.78, contrast_loss: 8.76, contrast_acc: 35.32
2023-08-07 19:05:50,136 DEBUG epoch:24, knn_val_accu: 58.78, contrast_loss: 8.76, contrast_acc: 35.32
2023-08-07 19:07:31,045 DEBUG epoch:25, knn_val_accu: 59.86, contrast_loss: 8.75, contrast_acc: 34.78
2023-08-07 19:07:34,403 DEBUG epoch:25, knn_val_accu: 59.86, contrast_loss: 8.75, contrast_acc: 34.78
2023-08-07 19:07:34,403 DEBUG epoch:25, knn_val_accu: 59.86, contrast_loss: 8.75, contrast_acc: 34.78
2023-08-07 19:07:37,249 DEBUG epoch:25, knn_val_accu: 59.86, contrast_loss: 8.75, contrast_acc: 34.78
2023-08-07 19:09:18,721 DEBUG epoch:26, knn_val_accu: 59.64, contrast_loss: 8.76, contrast_acc: 35.05
2023-08-07 19:09:20,801 DEBUG epoch:26, knn_val_accu: 59.64, contrast_loss: 8.76, contrast_acc: 35.05
2023-08-07 19:09:21,628 DEBUG epoch:26, knn_val_accu: 59.64, contrast_loss: 8.76, contrast_acc: 35.05
2023-08-07 19:09:24,128 DEBUG epoch:26, knn_val_accu: 59.64, contrast_loss: 8.76, contrast_acc: 35.05
2023-08-07 19:11:09,578 DEBUG epoch:27, knn_val_accu: 59.48, contrast_loss: 8.75, contrast_acc: 34.77
2023-08-07 19:11:11,134 DEBUG epoch:27, knn_val_accu: 59.48, contrast_loss: 8.75, contrast_acc: 34.77
2023-08-07 19:11:12,456 DEBUG epoch:27, knn_val_accu: 59.48, contrast_loss: 8.75, contrast_acc: 34.77
2023-08-07 19:11:14,983 DEBUG epoch:27, knn_val_accu: 59.48, contrast_loss: 8.75, contrast_acc: 34.77
2023-08-07 19:12:52,300 DEBUG epoch:28, knn_val_accu: 60.22, contrast_loss: 8.75, contrast_acc: 35.08
2023-08-07 19:12:54,241 DEBUG epoch:28, knn_val_accu: 60.22, contrast_loss: 8.75, contrast_acc: 35.08
2023-08-07 19:12:55,053 DEBUG epoch:28, knn_val_accu: 60.22, contrast_loss: 8.75, contrast_acc: 35.08
2023-08-07 19:12:57,535 DEBUG epoch:28, knn_val_accu: 60.22, contrast_loss: 8.75, contrast_acc: 35.08
2023-08-07 19:14:41,306 DEBUG epoch:29, knn_val_accu: 60.44, contrast_loss: 8.75, contrast_acc: 35.32
2023-08-07 19:14:44,638 DEBUG epoch:29, knn_val_accu: 60.44, contrast_loss: 8.75, contrast_acc: 35.32
2023-08-07 19:14:44,651 DEBUG epoch:29, knn_val_accu: 60.44, contrast_loss: 8.75, contrast_acc: 35.32
2023-08-07 19:14:47,574 DEBUG epoch:29, knn_val_accu: 60.44, contrast_loss: 8.75, contrast_acc: 35.32
2023-08-07 19:16:47,361 DEBUG epoch:30, knn_val_accu: 60.74, contrast_loss: 8.74, contrast_acc: 35.40
2023-08-07 19:16:49,354 DEBUG epoch:30, knn_val_accu: 60.74, contrast_loss: 8.74, contrast_acc: 35.40
2023-08-07 19:16:50,397 DEBUG epoch:30, knn_val_accu: 60.74, contrast_loss: 8.74, contrast_acc: 35.40
2023-08-07 19:16:52,928 DEBUG epoch:30, knn_val_accu: 60.74, contrast_loss: 8.74, contrast_acc: 35.40
2023-08-07 19:18:29,017 DEBUG epoch:31, knn_val_accu: 60.85, contrast_loss: 8.75, contrast_acc: 35.31
2023-08-07 19:18:29,563 DEBUG epoch:31, knn_val_accu: 60.85, contrast_loss: 8.75, contrast_acc: 35.31
2023-08-07 19:18:31,073 DEBUG epoch:31, knn_val_accu: 60.85, contrast_loss: 8.75, contrast_acc: 35.31
2023-08-07 19:18:34,482 DEBUG epoch:31, knn_val_accu: 60.85, contrast_loss: 8.75, contrast_acc: 35.31
2023-08-07 19:20:09,816 DEBUG epoch:32, knn_val_accu: 60.91, contrast_loss: 8.74, contrast_acc: 35.88
2023-08-07 19:20:11,909 DEBUG epoch:32, knn_val_accu: 60.91, contrast_loss: 8.74, contrast_acc: 35.88
2023-08-07 19:20:12,855 DEBUG epoch:32, knn_val_accu: 60.91, contrast_loss: 8.74, contrast_acc: 35.88
2023-08-07 19:20:15,366 DEBUG epoch:32, knn_val_accu: 60.91, contrast_loss: 8.74, contrast_acc: 35.88
2023-08-07 19:21:51,796 DEBUG epoch:33, knn_val_accu: 61.30, contrast_loss: 8.74, contrast_acc: 35.52
2023-08-07 19:21:53,685 DEBUG epoch:33, knn_val_accu: 61.30, contrast_loss: 8.74, contrast_acc: 35.52
2023-08-07 19:21:54,782 DEBUG epoch:33, knn_val_accu: 61.30, contrast_loss: 8.74, contrast_acc: 35.52
2023-08-07 19:21:57,166 DEBUG epoch:33, knn_val_accu: 61.30, contrast_loss: 8.74, contrast_acc: 35.52
2023-08-07 19:23:34,950 DEBUG epoch:34, knn_val_accu: 61.53, contrast_loss: 8.74, contrast_acc: 35.63
2023-08-07 19:23:35,373 DEBUG epoch:34, knn_val_accu: 61.53, contrast_loss: 8.74, contrast_acc: 35.63
2023-08-07 19:23:36,369 DEBUG epoch:34, knn_val_accu: 61.53, contrast_loss: 8.74, contrast_acc: 35.63
2023-08-07 19:23:38,795 DEBUG epoch:34, knn_val_accu: 61.53, contrast_loss: 8.74, contrast_acc: 35.63
2023-08-07 19:25:15,570 DEBUG epoch:35, knn_val_accu: 61.76, contrast_loss: 8.73, contrast_acc: 36.15
2023-08-07 19:25:15,570 DEBUG epoch:35, knn_val_accu: 61.76, contrast_loss: 8.73, contrast_acc: 36.15
2023-08-07 19:25:16,517 DEBUG epoch:35, knn_val_accu: 61.76, contrast_loss: 8.73, contrast_acc: 36.15
2023-08-07 19:25:18,956 DEBUG epoch:35, knn_val_accu: 61.76, contrast_loss: 8.73, contrast_acc: 36.15
2023-08-07 19:26:53,579 DEBUG epoch:36, knn_val_accu: 61.42, contrast_loss: 8.73, contrast_acc: 35.96
2023-08-07 19:26:55,665 DEBUG epoch:36, knn_val_accu: 61.42, contrast_loss: 8.73, contrast_acc: 35.96
2023-08-07 19:26:56,495 DEBUG epoch:36, knn_val_accu: 61.42, contrast_loss: 8.73, contrast_acc: 35.96
2023-08-07 19:26:59,022 DEBUG epoch:36, knn_val_accu: 61.42, contrast_loss: 8.73, contrast_acc: 35.96
2023-08-07 19:28:35,108 DEBUG epoch:37, knn_val_accu: 62.20, contrast_loss: 8.73, contrast_acc: 35.74
2023-08-07 19:28:37,076 DEBUG epoch:37, knn_val_accu: 62.20, contrast_loss: 8.73, contrast_acc: 35.74
2023-08-07 19:28:37,883 DEBUG epoch:37, knn_val_accu: 62.20, contrast_loss: 8.73, contrast_acc: 35.74
2023-08-07 19:28:40,421 DEBUG epoch:37, knn_val_accu: 62.20, contrast_loss: 8.73, contrast_acc: 35.74
2023-08-07 19:30:15,779 DEBUG epoch:38, knn_val_accu: 62.55, contrast_loss: 8.73, contrast_acc: 36.01
2023-08-07 19:30:17,843 DEBUG epoch:38, knn_val_accu: 62.55, contrast_loss: 8.73, contrast_acc: 36.01
2023-08-07 19:30:18,823 DEBUG epoch:38, knn_val_accu: 62.55, contrast_loss: 8.73, contrast_acc: 36.01
2023-08-07 19:30:21,213 DEBUG epoch:38, knn_val_accu: 62.55, contrast_loss: 8.73, contrast_acc: 36.01
2023-08-07 19:31:56,854 DEBUG epoch:39, knn_val_accu: 62.59, contrast_loss: 8.73, contrast_acc: 36.58
2023-08-07 19:31:57,405 DEBUG epoch:39, knn_val_accu: 62.59, contrast_loss: 8.73, contrast_acc: 36.58
2023-08-07 19:31:59,915 DEBUG epoch:39, knn_val_accu: 62.59, contrast_loss: 8.73, contrast_acc: 36.58
2023-08-07 19:32:02,263 DEBUG epoch:39, knn_val_accu: 62.59, contrast_loss: 8.73, contrast_acc: 36.58
2023-08-07 19:33:38,663 DEBUG epoch:40, knn_val_accu: 63.02, contrast_loss: 8.73, contrast_acc: 36.10
2023-08-07 19:33:40,757 DEBUG epoch:40, knn_val_accu: 63.02, contrast_loss: 8.73, contrast_acc: 36.10
2023-08-07 19:33:41,747 DEBUG epoch:40, knn_val_accu: 63.02, contrast_loss: 8.73, contrast_acc: 36.10
2023-08-07 19:33:44,170 DEBUG epoch:40, knn_val_accu: 63.02, contrast_loss: 8.73, contrast_acc: 36.10
2023-08-07 19:35:18,890 DEBUG epoch:41, knn_val_accu: 62.36, contrast_loss: 8.72, contrast_acc: 36.70
2023-08-07 19:35:20,949 DEBUG epoch:41, knn_val_accu: 62.36, contrast_loss: 8.72, contrast_acc: 36.70
2023-08-07 19:35:21,898 DEBUG epoch:41, knn_val_accu: 62.36, contrast_loss: 8.72, contrast_acc: 36.70
2023-08-07 19:35:24,340 DEBUG epoch:41, knn_val_accu: 62.36, contrast_loss: 8.72, contrast_acc: 36.70
2023-08-07 19:37:00,598 DEBUG epoch:42, knn_val_accu: 62.70, contrast_loss: 8.73, contrast_acc: 35.86
2023-08-07 19:37:02,134 DEBUG epoch:42, knn_val_accu: 62.70, contrast_loss: 8.73, contrast_acc: 35.86
2023-08-07 19:37:03,027 DEBUG epoch:42, knn_val_accu: 62.70, contrast_loss: 8.73, contrast_acc: 35.86
2023-08-07 19:37:05,560 DEBUG epoch:42, knn_val_accu: 62.70, contrast_loss: 8.73, contrast_acc: 35.86
2023-08-07 19:38:43,146 DEBUG epoch:43, knn_val_accu: 63.19, contrast_loss: 8.72, contrast_acc: 36.69
2023-08-07 19:38:43,146 DEBUG epoch:43, knn_val_accu: 63.19, contrast_loss: 8.72, contrast_acc: 36.69
2023-08-07 19:38:44,181 DEBUG epoch:43, knn_val_accu: 63.19, contrast_loss: 8.72, contrast_acc: 36.69
2023-08-07 19:38:46,009 DEBUG epoch:43, knn_val_accu: 63.19, contrast_loss: 8.72, contrast_acc: 36.69
2023-08-07 19:40:21,953 DEBUG epoch:44, knn_val_accu: 63.87, contrast_loss: 8.72, contrast_acc: 36.92
2023-08-07 19:40:23,982 DEBUG epoch:44, knn_val_accu: 63.87, contrast_loss: 8.72, contrast_acc: 36.92
2023-08-07 19:40:24,901 DEBUG epoch:44, knn_val_accu: 63.87, contrast_loss: 8.72, contrast_acc: 36.92
2023-08-07 19:40:27,369 DEBUG epoch:44, knn_val_accu: 63.87, contrast_loss: 8.72, contrast_acc: 36.92
2023-08-07 19:42:02,851 DEBUG epoch:45, knn_val_accu: 63.76, contrast_loss: 8.72, contrast_acc: 37.03
2023-08-07 19:42:04,879 DEBUG epoch:45, knn_val_accu: 63.76, contrast_loss: 8.72, contrast_acc: 37.03
2023-08-07 19:42:05,760 DEBUG epoch:45, knn_val_accu: 63.76, contrast_loss: 8.72, contrast_acc: 37.03
2023-08-07 19:42:08,178 DEBUG epoch:45, knn_val_accu: 63.76, contrast_loss: 8.72, contrast_acc: 37.03
2023-08-07 19:43:43,479 DEBUG epoch:46, knn_val_accu: 63.32, contrast_loss: 8.72, contrast_acc: 36.57
2023-08-07 19:43:43,818 DEBUG epoch:46, knn_val_accu: 63.32, contrast_loss: 8.72, contrast_acc: 36.57
2023-08-07 19:43:45,411 DEBUG epoch:46, knn_val_accu: 63.32, contrast_loss: 8.72, contrast_acc: 36.57
2023-08-07 19:43:48,319 DEBUG epoch:46, knn_val_accu: 63.32, contrast_loss: 8.72, contrast_acc: 36.57
2023-08-07 19:45:23,557 DEBUG epoch:47, knn_val_accu: 63.65, contrast_loss: 8.71, contrast_acc: 37.44
2023-08-07 19:45:25,606 DEBUG epoch:47, knn_val_accu: 63.65, contrast_loss: 8.71, contrast_acc: 37.44
2023-08-07 19:45:26,552 DEBUG epoch:47, knn_val_accu: 63.65, contrast_loss: 8.71, contrast_acc: 37.44
2023-08-07 19:45:29,020 DEBUG epoch:47, knn_val_accu: 63.65, contrast_loss: 8.71, contrast_acc: 37.44
2023-08-07 19:47:04,423 DEBUG epoch:48, knn_val_accu: 63.97, contrast_loss: 8.72, contrast_acc: 36.75
2023-08-07 19:47:06,333 DEBUG epoch:48, knn_val_accu: 63.97, contrast_loss: 8.72, contrast_acc: 36.75
2023-08-07 19:47:07,341 DEBUG epoch:48, knn_val_accu: 63.97, contrast_loss: 8.72, contrast_acc: 36.75
2023-08-07 19:47:09,751 DEBUG epoch:48, knn_val_accu: 63.97, contrast_loss: 8.72, contrast_acc: 36.75
2023-08-07 19:48:45,217 DEBUG epoch:49, knn_val_accu: 63.93, contrast_loss: 8.72, contrast_acc: 37.11
2023-08-07 19:48:47,344 DEBUG epoch:49, knn_val_accu: 63.93, contrast_loss: 8.72, contrast_acc: 37.11
2023-08-07 19:48:48,376 DEBUG epoch:49, knn_val_accu: 63.93, contrast_loss: 8.72, contrast_acc: 37.11
2023-08-07 19:48:49,954 DEBUG epoch:49, knn_val_accu: 63.93, contrast_loss: 8.72, contrast_acc: 37.11
2023-08-07 19:50:29,494 DEBUG epoch:50, knn_val_accu: 64.31, contrast_loss: 8.72, contrast_acc: 36.84
2023-08-07 19:50:31,715 DEBUG epoch:50, knn_val_accu: 64.31, contrast_loss: 8.72, contrast_acc: 36.84
2023-08-07 19:50:32,426 DEBUG epoch:50, knn_val_accu: 64.31, contrast_loss: 8.72, contrast_acc: 36.84
2023-08-07 19:50:34,942 DEBUG epoch:50, knn_val_accu: 64.31, contrast_loss: 8.72, contrast_acc: 36.84
2023-08-07 19:52:16,126 DEBUG epoch:51, knn_val_accu: 64.51, contrast_loss: 8.71, contrast_acc: 36.93
2023-08-07 19:52:18,099 DEBUG epoch:51, knn_val_accu: 64.51, contrast_loss: 8.71, contrast_acc: 36.93
2023-08-07 19:52:19,023 DEBUG epoch:51, knn_val_accu: 64.51, contrast_loss: 8.71, contrast_acc: 36.93
2023-08-07 19:52:21,618 DEBUG epoch:51, knn_val_accu: 64.51, contrast_loss: 8.71, contrast_acc: 36.93
2023-08-07 19:54:00,797 DEBUG epoch:52, knn_val_accu: 64.58, contrast_loss: 8.71, contrast_acc: 37.35
2023-08-07 19:54:02,811 DEBUG epoch:52, knn_val_accu: 64.58, contrast_loss: 8.71, contrast_acc: 37.35
2023-08-07 19:54:03,609 DEBUG epoch:52, knn_val_accu: 64.58, contrast_loss: 8.71, contrast_acc: 37.35
2023-08-07 19:54:06,200 DEBUG epoch:52, knn_val_accu: 64.58, contrast_loss: 8.71, contrast_acc: 37.35
2023-08-07 19:55:46,298 DEBUG epoch:53, knn_val_accu: 64.37, contrast_loss: 8.71, contrast_acc: 37.35
2023-08-07 19:55:48,235 DEBUG epoch:53, knn_val_accu: 64.37, contrast_loss: 8.71, contrast_acc: 37.35
2023-08-07 19:55:49,188 DEBUG epoch:53, knn_val_accu: 64.37, contrast_loss: 8.71, contrast_acc: 37.35
2023-08-07 19:55:51,808 DEBUG epoch:53, knn_val_accu: 64.37, contrast_loss: 8.71, contrast_acc: 37.35
2023-08-07 19:57:32,038 DEBUG epoch:54, knn_val_accu: 65.24, contrast_loss: 8.71, contrast_acc: 37.56
2023-08-07 19:57:34,101 DEBUG epoch:54, knn_val_accu: 65.24, contrast_loss: 8.71, contrast_acc: 37.56
2023-08-07 19:57:35,181 DEBUG epoch:54, knn_val_accu: 65.24, contrast_loss: 8.71, contrast_acc: 37.56
2023-08-07 19:57:37,611 DEBUG epoch:54, knn_val_accu: 65.24, contrast_loss: 8.71, contrast_acc: 37.56
2023-08-07 19:59:17,353 DEBUG epoch:55, knn_val_accu: 64.97, contrast_loss: 8.71, contrast_acc: 37.14
2023-08-07 19:59:19,502 DEBUG epoch:55, knn_val_accu: 64.97, contrast_loss: 8.71, contrast_acc: 37.14
2023-08-07 19:59:20,284 DEBUG epoch:55, knn_val_accu: 64.97, contrast_loss: 8.71, contrast_acc: 37.14
2023-08-07 19:59:22,844 DEBUG epoch:55, knn_val_accu: 64.97, contrast_loss: 8.71, contrast_acc: 37.14
2023-08-07 20:01:05,477 DEBUG epoch:56, knn_val_accu: 65.23, contrast_loss: 8.71, contrast_acc: 37.05
2023-08-07 20:01:05,987 DEBUG epoch:56, knn_val_accu: 65.23, contrast_loss: 8.71, contrast_acc: 37.05
2023-08-07 20:01:08,449 DEBUG epoch:56, knn_val_accu: 65.23, contrast_loss: 8.71, contrast_acc: 37.05
2023-08-07 20:01:10,994 DEBUG epoch:56, knn_val_accu: 65.23, contrast_loss: 8.71, contrast_acc: 37.05
2023-08-07 20:02:53,840 DEBUG epoch:57, knn_val_accu: 65.76, contrast_loss: 8.71, contrast_acc: 37.53
2023-08-07 20:02:55,878 DEBUG epoch:57, knn_val_accu: 65.76, contrast_loss: 8.71, contrast_acc: 37.53
2023-08-07 20:02:56,694 DEBUG epoch:57, knn_val_accu: 65.76, contrast_loss: 8.71, contrast_acc: 37.53
2023-08-07 20:02:59,272 DEBUG epoch:57, knn_val_accu: 65.76, contrast_loss: 8.71, contrast_acc: 37.53
2023-08-07 20:04:40,477 DEBUG epoch:58, knn_val_accu: 65.05, contrast_loss: 8.71, contrast_acc: 38.03
2023-08-07 20:04:41,939 DEBUG epoch:58, knn_val_accu: 65.05, contrast_loss: 8.71, contrast_acc: 38.03
2023-08-07 20:04:43,515 DEBUG epoch:58, knn_val_accu: 65.05, contrast_loss: 8.71, contrast_acc: 38.03
2023-08-07 20:04:46,128 DEBUG epoch:58, knn_val_accu: 65.05, contrast_loss: 8.71, contrast_acc: 38.03
2023-08-07 20:06:24,219 DEBUG epoch:59, knn_val_accu: 66.32, contrast_loss: 8.71, contrast_acc: 37.95
2023-08-07 20:06:26,267 DEBUG epoch:59, knn_val_accu: 66.32, contrast_loss: 8.71, contrast_acc: 37.95
2023-08-07 20:06:27,311 DEBUG epoch:59, knn_val_accu: 66.32, contrast_loss: 8.71, contrast_acc: 37.95
2023-08-07 20:06:29,629 DEBUG epoch:59, knn_val_accu: 66.32, contrast_loss: 8.71, contrast_acc: 37.95
2023-08-07 20:08:05,482 DEBUG epoch:60, knn_val_accu: 65.67, contrast_loss: 8.71, contrast_acc: 37.42
2023-08-07 20:08:06,102 DEBUG epoch:60, knn_val_accu: 65.67, contrast_loss: 8.71, contrast_acc: 37.42
2023-08-07 20:08:07,516 DEBUG epoch:60, knn_val_accu: 65.67, contrast_loss: 8.71, contrast_acc: 37.42
2023-08-07 20:08:10,472 DEBUG epoch:60, knn_val_accu: 65.67, contrast_loss: 8.71, contrast_acc: 37.42
2023-08-07 20:09:51,649 DEBUG epoch:61, knn_val_accu: 67.01, contrast_loss: 8.70, contrast_acc: 38.04
2023-08-07 20:09:53,735 DEBUG epoch:61, knn_val_accu: 67.01, contrast_loss: 8.70, contrast_acc: 38.04
2023-08-07 20:09:54,696 DEBUG epoch:61, knn_val_accu: 67.01, contrast_loss: 8.70, contrast_acc: 38.04
2023-08-07 20:09:57,328 DEBUG epoch:61, knn_val_accu: 67.01, contrast_loss: 8.70, contrast_acc: 38.04
2023-08-07 20:11:37,263 DEBUG epoch:62, knn_val_accu: 65.96, contrast_loss: 8.71, contrast_acc: 37.70
2023-08-07 20:11:39,297 DEBUG epoch:62, knn_val_accu: 65.96, contrast_loss: 8.71, contrast_acc: 37.70
2023-08-07 20:11:40,267 DEBUG epoch:62, knn_val_accu: 65.96, contrast_loss: 8.71, contrast_acc: 37.70
2023-08-07 20:11:42,854 DEBUG epoch:62, knn_val_accu: 65.96, contrast_loss: 8.71, contrast_acc: 37.70
2023-08-07 20:13:17,888 DEBUG epoch:63, knn_val_accu: 66.21, contrast_loss: 8.70, contrast_acc: 38.33
2023-08-07 20:13:19,871 DEBUG epoch:63, knn_val_accu: 66.21, contrast_loss: 8.70, contrast_acc: 38.33
2023-08-07 20:13:20,968 DEBUG epoch:63, knn_val_accu: 66.21, contrast_loss: 8.70, contrast_acc: 38.33
2023-08-07 20:13:23,384 DEBUG epoch:63, knn_val_accu: 66.21, contrast_loss: 8.70, contrast_acc: 38.33
2023-08-07 20:14:59,668 DEBUG epoch:64, knn_val_accu: 66.44, contrast_loss: 8.70, contrast_acc: 37.57
2023-08-07 20:15:01,820 DEBUG epoch:64, knn_val_accu: 66.44, contrast_loss: 8.70, contrast_acc: 37.57
2023-08-07 20:15:02,830 DEBUG epoch:64, knn_val_accu: 66.44, contrast_loss: 8.70, contrast_acc: 37.57
2023-08-07 20:15:05,203 DEBUG epoch:64, knn_val_accu: 66.44, contrast_loss: 8.70, contrast_acc: 37.57
2023-08-07 20:16:40,371 DEBUG epoch:65, knn_val_accu: 66.62, contrast_loss: 8.70, contrast_acc: 38.06
2023-08-07 20:16:42,472 DEBUG epoch:65, knn_val_accu: 66.62, contrast_loss: 8.70, contrast_acc: 38.06
2023-08-07 20:16:43,444 DEBUG epoch:65, knn_val_accu: 66.62, contrast_loss: 8.70, contrast_acc: 38.06
2023-08-07 20:16:45,841 DEBUG epoch:65, knn_val_accu: 66.62, contrast_loss: 8.70, contrast_acc: 38.06
2023-08-07 20:18:20,928 DEBUG epoch:66, knn_val_accu: 66.38, contrast_loss: 8.70, contrast_acc: 38.02
2023-08-07 20:18:22,976 DEBUG epoch:66, knn_val_accu: 66.38, contrast_loss: 8.70, contrast_acc: 38.02
2023-08-07 20:18:24,004 DEBUG epoch:66, knn_val_accu: 66.38, contrast_loss: 8.70, contrast_acc: 38.02
2023-08-07 20:18:26,461 DEBUG epoch:66, knn_val_accu: 66.38, contrast_loss: 8.70, contrast_acc: 38.02
2023-08-07 20:20:07,068 DEBUG epoch:67, knn_val_accu: 66.68, contrast_loss: 8.70, contrast_acc: 38.30
2023-08-07 20:20:08,999 DEBUG epoch:67, knn_val_accu: 66.68, contrast_loss: 8.70, contrast_acc: 38.30
2023-08-07 20:20:10,036 DEBUG epoch:67, knn_val_accu: 66.68, contrast_loss: 8.70, contrast_acc: 38.30
2023-08-07 20:20:12,452 DEBUG epoch:67, knn_val_accu: 66.68, contrast_loss: 8.70, contrast_acc: 38.30
2023-08-07 20:21:50,856 DEBUG epoch:68, knn_val_accu: 66.35, contrast_loss: 8.70, contrast_acc: 37.92
2023-08-07 20:21:52,881 DEBUG epoch:68, knn_val_accu: 66.35, contrast_loss: 8.70, contrast_acc: 37.92
2023-08-07 20:21:53,843 DEBUG epoch:68, knn_val_accu: 66.35, contrast_loss: 8.70, contrast_acc: 37.92
2023-08-07 20:21:56,322 DEBUG epoch:68, knn_val_accu: 66.35, contrast_loss: 8.70, contrast_acc: 37.92
2023-08-07 20:23:33,479 DEBUG epoch:69, knn_val_accu: 66.87, contrast_loss: 8.69, contrast_acc: 38.45
2023-08-07 20:23:35,584 DEBUG epoch:69, knn_val_accu: 66.87, contrast_loss: 8.69, contrast_acc: 38.45
2023-08-07 20:23:36,580 DEBUG epoch:69, knn_val_accu: 66.87, contrast_loss: 8.69, contrast_acc: 38.45
2023-08-07 20:23:39,020 DEBUG epoch:69, knn_val_accu: 66.87, contrast_loss: 8.69, contrast_acc: 38.45
2023-08-07 20:25:18,726 DEBUG epoch:70, knn_val_accu: 67.09, contrast_loss: 8.69, contrast_acc: 38.87
2023-08-07 20:25:20,777 DEBUG epoch:70, knn_val_accu: 67.09, contrast_loss: 8.69, contrast_acc: 38.87
2023-08-07 20:25:21,857 DEBUG epoch:70, knn_val_accu: 67.09, contrast_loss: 8.69, contrast_acc: 38.87
2023-08-07 20:25:23,397 DEBUG epoch:70, knn_val_accu: 67.09, contrast_loss: 8.69, contrast_acc: 38.87
2023-08-07 20:27:02,518 DEBUG epoch:71, knn_val_accu: 67.55, contrast_loss: 8.70, contrast_acc: 38.44
2023-08-07 20:27:04,454 DEBUG epoch:71, knn_val_accu: 67.55, contrast_loss: 8.70, contrast_acc: 38.44
2023-08-07 20:27:05,517 DEBUG epoch:71, knn_val_accu: 67.55, contrast_loss: 8.70, contrast_acc: 38.44
2023-08-07 20:27:08,017 DEBUG epoch:71, knn_val_accu: 67.55, contrast_loss: 8.70, contrast_acc: 38.44
2023-08-07 20:28:46,579 DEBUG epoch:72, knn_val_accu: 66.94, contrast_loss: 8.70, contrast_acc: 38.44
2023-08-07 20:28:48,579 DEBUG epoch:72, knn_val_accu: 66.94, contrast_loss: 8.70, contrast_acc: 38.44
2023-08-07 20:28:49,705 DEBUG epoch:72, knn_val_accu: 66.94, contrast_loss: 8.70, contrast_acc: 38.44
2023-08-07 20:28:52,093 DEBUG epoch:72, knn_val_accu: 66.94, contrast_loss: 8.70, contrast_acc: 38.44
2023-08-07 20:30:30,645 DEBUG epoch:73, knn_val_accu: 67.35, contrast_loss: 8.70, contrast_acc: 38.42
2023-08-07 20:30:32,553 DEBUG epoch:73, knn_val_accu: 67.35, contrast_loss: 8.70, contrast_acc: 38.42
2023-08-07 20:30:33,539 DEBUG epoch:73, knn_val_accu: 67.35, contrast_loss: 8.70, contrast_acc: 38.42
2023-08-07 20:30:36,068 DEBUG epoch:73, knn_val_accu: 67.35, contrast_loss: 8.70, contrast_acc: 38.42
2023-08-07 20:32:14,873 DEBUG epoch:74, knn_val_accu: 67.14, contrast_loss: 8.69, contrast_acc: 38.89
2023-08-07 20:32:15,354 DEBUG epoch:74, knn_val_accu: 67.14, contrast_loss: 8.69, contrast_acc: 38.89
2023-08-07 20:32:16,864 DEBUG epoch:74, knn_val_accu: 67.14, contrast_loss: 8.69, contrast_acc: 38.89
2023-08-07 20:32:20,267 DEBUG epoch:74, knn_val_accu: 67.14, contrast_loss: 8.69, contrast_acc: 38.89
2023-08-07 20:33:59,890 DEBUG epoch:75, knn_val_accu: 67.75, contrast_loss: 8.69, contrast_acc: 39.08
2023-08-07 20:34:02,013 DEBUG epoch:75, knn_val_accu: 67.75, contrast_loss: 8.69, contrast_acc: 39.08
2023-08-07 20:34:03,018 DEBUG epoch:75, knn_val_accu: 67.75, contrast_loss: 8.69, contrast_acc: 39.08
2023-08-07 20:34:05,476 DEBUG epoch:75, knn_val_accu: 67.75, contrast_loss: 8.69, contrast_acc: 39.08
2023-08-07 20:35:45,360 DEBUG epoch:76, knn_val_accu: 67.26, contrast_loss: 8.69, contrast_acc: 39.63
2023-08-07 20:35:47,295 DEBUG epoch:76, knn_val_accu: 67.26, contrast_loss: 8.69, contrast_acc: 39.63
2023-08-07 20:35:48,364 DEBUG epoch:76, knn_val_accu: 67.26, contrast_loss: 8.69, contrast_acc: 39.63
2023-08-07 20:35:50,754 DEBUG epoch:76, knn_val_accu: 67.26, contrast_loss: 8.69, contrast_acc: 39.63
2023-08-07 20:37:30,555 DEBUG epoch:77, knn_val_accu: 67.27, contrast_loss: 8.69, contrast_acc: 38.92
2023-08-07 20:37:32,594 DEBUG epoch:77, knn_val_accu: 67.27, contrast_loss: 8.69, contrast_acc: 38.92
2023-08-07 20:37:33,678 DEBUG epoch:77, knn_val_accu: 67.27, contrast_loss: 8.69, contrast_acc: 38.92
2023-08-07 20:37:35,323 DEBUG epoch:77, knn_val_accu: 67.27, contrast_loss: 8.69, contrast_acc: 38.92
2023-08-07 20:39:14,851 DEBUG epoch:78, knn_val_accu: 67.16, contrast_loss: 8.68, contrast_acc: 39.70
2023-08-07 20:39:16,808 DEBUG epoch:78, knn_val_accu: 67.16, contrast_loss: 8.68, contrast_acc: 39.70
2023-08-07 20:39:17,921 DEBUG epoch:78, knn_val_accu: 67.16, contrast_loss: 8.68, contrast_acc: 39.70
2023-08-07 20:39:20,375 DEBUG epoch:78, knn_val_accu: 67.16, contrast_loss: 8.68, contrast_acc: 39.70
2023-08-07 20:40:59,621 DEBUG epoch:79, knn_val_accu: 68.42, contrast_loss: 8.69, contrast_acc: 39.53
2023-08-07 20:41:01,490 DEBUG epoch:79, knn_val_accu: 68.42, contrast_loss: 8.69, contrast_acc: 39.53
2023-08-07 20:41:02,503 DEBUG epoch:79, knn_val_accu: 68.42, contrast_loss: 8.69, contrast_acc: 39.53
2023-08-07 20:41:05,071 DEBUG epoch:79, knn_val_accu: 68.42, contrast_loss: 8.69, contrast_acc: 39.53
2023-08-07 20:42:45,121 DEBUG epoch:80, knn_val_accu: 66.99, contrast_loss: 8.69, contrast_acc: 39.83
2023-08-07 20:42:47,216 DEBUG epoch:80, knn_val_accu: 66.99, contrast_loss: 8.69, contrast_acc: 39.83
2023-08-07 20:42:48,286 DEBUG epoch:80, knn_val_accu: 66.99, contrast_loss: 8.69, contrast_acc: 39.83
2023-08-07 20:42:50,748 DEBUG epoch:80, knn_val_accu: 66.99, contrast_loss: 8.69, contrast_acc: 39.83
2023-08-07 20:44:31,720 DEBUG epoch:81, knn_val_accu: 67.67, contrast_loss: 8.69, contrast_acc: 39.54
2023-08-07 20:44:33,643 DEBUG epoch:81, knn_val_accu: 67.67, contrast_loss: 8.69, contrast_acc: 39.54
2023-08-07 20:44:34,747 DEBUG epoch:81, knn_val_accu: 67.67, contrast_loss: 8.69, contrast_acc: 39.54
2023-08-07 20:44:36,515 DEBUG epoch:81, knn_val_accu: 67.67, contrast_loss: 8.69, contrast_acc: 39.54
2023-08-07 20:46:15,610 DEBUG epoch:82, knn_val_accu: 68.13, contrast_loss: 8.69, contrast_acc: 39.53
2023-08-07 20:46:16,040 DEBUG epoch:82, knn_val_accu: 68.13, contrast_loss: 8.69, contrast_acc: 39.53
2023-08-07 20:46:18,671 DEBUG epoch:82, knn_val_accu: 68.13, contrast_loss: 8.69, contrast_acc: 39.53
2023-08-07 20:46:21,137 DEBUG epoch:82, knn_val_accu: 68.13, contrast_loss: 8.69, contrast_acc: 39.53
2023-08-07 20:47:59,731 DEBUG epoch:83, knn_val_accu: 67.96, contrast_loss: 8.68, contrast_acc: 40.00
2023-08-07 20:48:01,578 DEBUG epoch:83, knn_val_accu: 67.96, contrast_loss: 8.68, contrast_acc: 40.00
2023-08-07 20:48:02,672 DEBUG epoch:83, knn_val_accu: 67.96, contrast_loss: 8.68, contrast_acc: 40.00
2023-08-07 20:48:05,040 DEBUG epoch:83, knn_val_accu: 67.96, contrast_loss: 8.68, contrast_acc: 40.00
2023-08-07 20:49:40,711 DEBUG epoch:84, knn_val_accu: 68.48, contrast_loss: 8.68, contrast_acc: 40.52
2023-08-07 20:49:42,663 DEBUG epoch:84, knn_val_accu: 68.48, contrast_loss: 8.68, contrast_acc: 40.52
2023-08-07 20:49:43,718 DEBUG epoch:84, knn_val_accu: 68.48, contrast_loss: 8.68, contrast_acc: 40.52
2023-08-07 20:49:45,493 DEBUG epoch:84, knn_val_accu: 68.48, contrast_loss: 8.68, contrast_acc: 40.52
2023-08-07 20:51:21,455 DEBUG epoch:85, knn_val_accu: 67.99, contrast_loss: 8.68, contrast_acc: 40.18
2023-08-07 20:51:23,242 DEBUG epoch:85, knn_val_accu: 67.99, contrast_loss: 8.68, contrast_acc: 40.18
2023-08-07 20:51:24,363 DEBUG epoch:85, knn_val_accu: 67.99, contrast_loss: 8.68, contrast_acc: 40.18
2023-08-07 20:51:26,778 DEBUG epoch:85, knn_val_accu: 67.99, contrast_loss: 8.68, contrast_acc: 40.18
2023-08-07 20:53:03,855 DEBUG epoch:86, knn_val_accu: 68.53, contrast_loss: 8.68, contrast_acc: 39.94
2023-08-07 20:53:05,696 DEBUG epoch:86, knn_val_accu: 68.53, contrast_loss: 8.68, contrast_acc: 39.94
2023-08-07 20:53:06,823 DEBUG epoch:86, knn_val_accu: 68.53, contrast_loss: 8.68, contrast_acc: 39.94
2023-08-07 20:53:09,202 DEBUG epoch:86, knn_val_accu: 68.53, contrast_loss: 8.68, contrast_acc: 39.94
2023-08-07 20:54:43,974 DEBUG epoch:87, knn_val_accu: 68.31, contrast_loss: 8.68, contrast_acc: 40.18
2023-08-07 20:54:45,926 DEBUG epoch:87, knn_val_accu: 68.31, contrast_loss: 8.68, contrast_acc: 40.18
2023-08-07 20:54:47,056 DEBUG epoch:87, knn_val_accu: 68.31, contrast_loss: 8.68, contrast_acc: 40.18
2023-08-07 20:54:49,408 DEBUG epoch:87, knn_val_accu: 68.31, contrast_loss: 8.68, contrast_acc: 40.18
2023-08-07 20:56:25,482 DEBUG epoch:88, knn_val_accu: 68.09, contrast_loss: 8.68, contrast_acc: 39.94
2023-08-07 20:56:25,878 DEBUG epoch:88, knn_val_accu: 68.09, contrast_loss: 8.68, contrast_acc: 39.94
2023-08-07 20:56:27,298 DEBUG epoch:88, knn_val_accu: 68.09, contrast_loss: 8.68, contrast_acc: 39.94
2023-08-07 20:56:30,908 DEBUG epoch:88, knn_val_accu: 68.09, contrast_loss: 8.68, contrast_acc: 39.94
2023-08-07 20:58:06,779 DEBUG epoch:89, knn_val_accu: 68.13, contrast_loss: 8.68, contrast_acc: 40.20
2023-08-07 20:58:08,661 DEBUG epoch:89, knn_val_accu: 68.13, contrast_loss: 8.68, contrast_acc: 40.20
2023-08-07 20:58:09,625 DEBUG epoch:89, knn_val_accu: 68.13, contrast_loss: 8.68, contrast_acc: 40.20
2023-08-07 20:58:12,331 DEBUG epoch:89, knn_val_accu: 68.13, contrast_loss: 8.68, contrast_acc: 40.20
2023-08-07 20:59:51,212 DEBUG epoch:90, knn_val_accu: 68.43, contrast_loss: 8.68, contrast_acc: 40.91
2023-08-07 20:59:53,040 DEBUG epoch:90, knn_val_accu: 68.43, contrast_loss: 8.68, contrast_acc: 40.91
2023-08-07 20:59:54,157 DEBUG epoch:90, knn_val_accu: 68.43, contrast_loss: 8.68, contrast_acc: 40.91
2023-08-07 20:59:56,588 DEBUG epoch:90, knn_val_accu: 68.43, contrast_loss: 8.68, contrast_acc: 40.91
2023-08-07 21:01:33,013 DEBUG epoch:91, knn_val_accu: 68.23, contrast_loss: 8.68, contrast_acc: 40.74
2023-08-07 21:01:34,922 DEBUG epoch:91, knn_val_accu: 68.23, contrast_loss: 8.68, contrast_acc: 40.74
2023-08-07 21:01:35,957 DEBUG epoch:91, knn_val_accu: 68.23, contrast_loss: 8.68, contrast_acc: 40.74
2023-08-07 21:01:38,407 DEBUG epoch:91, knn_val_accu: 68.23, contrast_loss: 8.68, contrast_acc: 40.74
2023-08-07 21:03:18,855 DEBUG epoch:92, knn_val_accu: 68.74, contrast_loss: 8.68, contrast_acc: 40.56
2023-08-07 21:03:20,903 DEBUG epoch:92, knn_val_accu: 68.74, contrast_loss: 8.68, contrast_acc: 40.56
2023-08-07 21:03:21,954 DEBUG epoch:92, knn_val_accu: 68.74, contrast_loss: 8.68, contrast_acc: 40.56
2023-08-07 21:03:24,444 DEBUG epoch:92, knn_val_accu: 68.74, contrast_loss: 8.68, contrast_acc: 40.56
2023-08-07 21:05:03,413 DEBUG epoch:93, knn_val_accu: 69.06, contrast_loss: 8.68, contrast_acc: 40.36
2023-08-07 21:05:05,466 DEBUG epoch:93, knn_val_accu: 69.06, contrast_loss: 8.68, contrast_acc: 40.36
2023-08-07 21:05:06,536 DEBUG epoch:93, knn_val_accu: 69.06, contrast_loss: 8.68, contrast_acc: 40.36
2023-08-07 21:05:08,947 DEBUG epoch:93, knn_val_accu: 69.06, contrast_loss: 8.68, contrast_acc: 40.36
2023-08-07 21:06:47,271 DEBUG epoch:94, knn_val_accu: 68.71, contrast_loss: 8.67, contrast_acc: 41.02
2023-08-07 21:06:49,173 DEBUG epoch:94, knn_val_accu: 68.71, contrast_loss: 8.67, contrast_acc: 41.02
2023-08-07 21:06:49,599 DEBUG epoch:94, knn_val_accu: 68.71, contrast_loss: 8.67, contrast_acc: 41.02
2023-08-07 21:06:51,879 DEBUG epoch:94, knn_val_accu: 68.71, contrast_loss: 8.67, contrast_acc: 41.02
2023-08-07 21:08:30,031 DEBUG epoch:95, knn_val_accu: 69.71, contrast_loss: 8.67, contrast_acc: 40.78
2023-08-07 21:08:31,998 DEBUG epoch:95, knn_val_accu: 69.71, contrast_loss: 8.67, contrast_acc: 40.78
2023-08-07 21:08:33,096 DEBUG epoch:95, knn_val_accu: 69.71, contrast_loss: 8.67, contrast_acc: 40.78
2023-08-07 21:08:35,485 DEBUG epoch:95, knn_val_accu: 69.71, contrast_loss: 8.67, contrast_acc: 40.78
2023-08-07 21:10:11,794 DEBUG epoch:96, knn_val_accu: 68.66, contrast_loss: 8.68, contrast_acc: 40.60
2023-08-07 21:10:13,785 DEBUG epoch:96, knn_val_accu: 68.66, contrast_loss: 8.68, contrast_acc: 40.60
2023-08-07 21:10:14,847 DEBUG epoch:96, knn_val_accu: 68.66, contrast_loss: 8.68, contrast_acc: 40.60
2023-08-07 21:10:17,303 DEBUG epoch:96, knn_val_accu: 68.66, contrast_loss: 8.68, contrast_acc: 40.60
2023-08-07 21:11:53,689 DEBUG epoch:97, knn_val_accu: 69.12, contrast_loss: 8.67, contrast_acc: 40.94
2023-08-07 21:11:55,763 DEBUG epoch:97, knn_val_accu: 69.12, contrast_loss: 8.67, contrast_acc: 40.94
2023-08-07 21:11:56,722 DEBUG epoch:97, knn_val_accu: 69.12, contrast_loss: 8.67, contrast_acc: 40.94
2023-08-07 21:11:59,256 DEBUG epoch:97, knn_val_accu: 69.12, contrast_loss: 8.67, contrast_acc: 40.94
2023-08-07 21:13:36,900 DEBUG epoch:98, knn_val_accu: 69.30, contrast_loss: 8.67, contrast_acc: 40.72
2023-08-07 21:13:38,853 DEBUG epoch:98, knn_val_accu: 69.30, contrast_loss: 8.67, contrast_acc: 40.72
2023-08-07 21:13:40,045 DEBUG epoch:98, knn_val_accu: 69.30, contrast_loss: 8.67, contrast_acc: 40.72
2023-08-07 21:13:42,464 DEBUG epoch:98, knn_val_accu: 69.30, contrast_loss: 8.67, contrast_acc: 40.72
2023-08-07 21:15:19,529 DEBUG epoch:99, knn_val_accu: 69.85, contrast_loss: 8.67, contrast_acc: 40.74
2023-08-07 21:15:21,418 DEBUG epoch:99, knn_val_accu: 69.85, contrast_loss: 8.67, contrast_acc: 40.74
2023-08-07 21:15:22,538 DEBUG epoch:99, knn_val_accu: 69.85, contrast_loss: 8.67, contrast_acc: 40.74
2023-08-07 21:15:24,918 DEBUG epoch:99, knn_val_accu: 69.85, contrast_loss: 8.67, contrast_acc: 40.74
2023-08-07 21:17:01,494 DEBUG epoch:100, knn_val_accu: 69.38, contrast_loss: 8.67, contrast_acc: 41.47
2023-08-07 21:17:03,616 DEBUG epoch:100, knn_val_accu: 69.38, contrast_loss: 8.67, contrast_acc: 41.47
2023-08-07 21:17:04,555 DEBUG epoch:100, knn_val_accu: 69.38, contrast_loss: 8.67, contrast_acc: 41.47
2023-08-07 21:17:07,134 DEBUG epoch:100, knn_val_accu: 69.38, contrast_loss: 8.67, contrast_acc: 41.47
2023-08-07 21:18:45,763 DEBUG epoch:101, knn_val_accu: 69.48, contrast_loss: 8.67, contrast_acc: 41.52
2023-08-07 21:18:47,709 DEBUG epoch:101, knn_val_accu: 69.48, contrast_loss: 8.67, contrast_acc: 41.52
2023-08-07 21:18:48,759 DEBUG epoch:101, knn_val_accu: 69.48, contrast_loss: 8.67, contrast_acc: 41.52
2023-08-07 21:18:51,144 DEBUG epoch:101, knn_val_accu: 69.48, contrast_loss: 8.67, contrast_acc: 41.52
2023-08-07 21:20:31,935 DEBUG epoch:102, knn_val_accu: 69.02, contrast_loss: 8.66, contrast_acc: 41.44
2023-08-07 21:20:33,946 DEBUG epoch:102, knn_val_accu: 69.02, contrast_loss: 8.66, contrast_acc: 41.44
2023-08-07 21:20:35,066 DEBUG epoch:102, knn_val_accu: 69.02, contrast_loss: 8.66, contrast_acc: 41.44
2023-08-07 21:20:37,528 DEBUG epoch:102, knn_val_accu: 69.02, contrast_loss: 8.66, contrast_acc: 41.44
2023-08-07 21:22:16,504 DEBUG epoch:103, knn_val_accu: 70.36, contrast_loss: 8.67, contrast_acc: 41.32
2023-08-07 21:22:18,399 DEBUG epoch:103, knn_val_accu: 70.36, contrast_loss: 8.67, contrast_acc: 41.32
2023-08-07 21:22:19,405 DEBUG epoch:103, knn_val_accu: 70.36, contrast_loss: 8.67, contrast_acc: 41.32
2023-08-07 21:22:21,957 DEBUG epoch:103, knn_val_accu: 70.36, contrast_loss: 8.67, contrast_acc: 41.32
2023-08-07 21:23:57,595 DEBUG epoch:104, knn_val_accu: 69.38, contrast_loss: 8.66, contrast_acc: 41.68
2023-08-07 21:23:59,579 DEBUG epoch:104, knn_val_accu: 69.38, contrast_loss: 8.66, contrast_acc: 41.68
2023-08-07 21:24:00,666 DEBUG epoch:104, knn_val_accu: 69.38, contrast_loss: 8.66, contrast_acc: 41.68
2023-08-07 21:24:02,191 DEBUG epoch:104, knn_val_accu: 69.38, contrast_loss: 8.66, contrast_acc: 41.68
2023-08-07 21:25:38,483 DEBUG epoch:105, knn_val_accu: 70.27, contrast_loss: 8.67, contrast_acc: 41.72
2023-08-07 21:25:40,334 DEBUG epoch:105, knn_val_accu: 70.27, contrast_loss: 8.67, contrast_acc: 41.72
2023-08-07 21:25:41,350 DEBUG epoch:105, knn_val_accu: 70.27, contrast_loss: 8.67, contrast_acc: 41.72
2023-08-07 21:25:43,814 DEBUG epoch:105, knn_val_accu: 70.27, contrast_loss: 8.67, contrast_acc: 41.72
2023-08-07 21:27:19,286 DEBUG epoch:106, knn_val_accu: 70.43, contrast_loss: 8.67, contrast_acc: 41.77
2023-08-07 21:27:21,279 DEBUG epoch:106, knn_val_accu: 70.43, contrast_loss: 8.67, contrast_acc: 41.77
2023-08-07 21:27:22,270 DEBUG epoch:106, knn_val_accu: 70.43, contrast_loss: 8.67, contrast_acc: 41.77
2023-08-07 21:27:24,668 DEBUG epoch:106, knn_val_accu: 70.43, contrast_loss: 8.67, contrast_acc: 41.77
2023-08-07 21:28:59,791 DEBUG epoch:107, knn_val_accu: 70.15, contrast_loss: 8.66, contrast_acc: 42.52
2023-08-07 21:29:01,888 DEBUG epoch:107, knn_val_accu: 70.15, contrast_loss: 8.66, contrast_acc: 42.52
2023-08-07 21:29:02,904 DEBUG epoch:107, knn_val_accu: 70.15, contrast_loss: 8.66, contrast_acc: 42.52
2023-08-07 21:29:04,488 DEBUG epoch:107, knn_val_accu: 70.15, contrast_loss: 8.66, contrast_acc: 42.52
2023-08-07 21:30:40,066 DEBUG epoch:108, knn_val_accu: 70.39, contrast_loss: 8.66, contrast_acc: 42.18
2023-08-07 21:30:40,615 DEBUG epoch:108, knn_val_accu: 70.39, contrast_loss: 8.66, contrast_acc: 42.18
2023-08-07 21:30:43,083 DEBUG epoch:108, knn_val_accu: 70.39, contrast_loss: 8.66, contrast_acc: 42.18
2023-08-07 21:30:45,397 DEBUG epoch:108, knn_val_accu: 70.39, contrast_loss: 8.66, contrast_acc: 42.18
2023-08-07 21:32:20,635 DEBUG epoch:109, knn_val_accu: 69.76, contrast_loss: 8.66, contrast_acc: 41.93
2023-08-07 21:32:22,672 DEBUG epoch:109, knn_val_accu: 69.76, contrast_loss: 8.66, contrast_acc: 41.93
2023-08-07 21:32:23,521 DEBUG epoch:109, knn_val_accu: 69.76, contrast_loss: 8.66, contrast_acc: 41.93
2023-08-07 21:32:26,144 DEBUG epoch:109, knn_val_accu: 69.76, contrast_loss: 8.66, contrast_acc: 41.93
2023-08-07 21:34:01,825 DEBUG epoch:110, knn_val_accu: 70.76, contrast_loss: 8.66, contrast_acc: 43.21
2023-08-07 21:34:03,782 DEBUG epoch:110, knn_val_accu: 70.76, contrast_loss: 8.66, contrast_acc: 43.21
2023-08-07 21:34:04,730 DEBUG epoch:110, knn_val_accu: 70.76, contrast_loss: 8.66, contrast_acc: 43.21
2023-08-07 21:34:06,945 DEBUG epoch:110, knn_val_accu: 70.76, contrast_loss: 8.66, contrast_acc: 43.21
2023-08-07 21:35:47,939 DEBUG epoch:111, knn_val_accu: 70.69, contrast_loss: 8.66, contrast_acc: 42.65
2023-08-07 21:35:50,023 DEBUG epoch:111, knn_val_accu: 70.69, contrast_loss: 8.66, contrast_acc: 42.65
2023-08-07 21:35:50,952 DEBUG epoch:111, knn_val_accu: 70.69, contrast_loss: 8.66, contrast_acc: 42.65
2023-08-07 21:35:53,519 DEBUG epoch:111, knn_val_accu: 70.69, contrast_loss: 8.66, contrast_acc: 42.65
2023-08-07 21:37:35,751 DEBUG epoch:112, knn_val_accu: 70.74, contrast_loss: 8.66, contrast_acc: 42.77
2023-08-07 21:37:37,728 DEBUG epoch:112, knn_val_accu: 70.74, contrast_loss: 8.66, contrast_acc: 42.77
2023-08-07 21:37:38,816 DEBUG epoch:112, knn_val_accu: 70.74, contrast_loss: 8.66, contrast_acc: 42.77
2023-08-07 21:37:41,226 DEBUG epoch:112, knn_val_accu: 70.74, contrast_loss: 8.66, contrast_acc: 42.77
2023-08-07 21:39:17,887 DEBUG epoch:113, knn_val_accu: 70.82, contrast_loss: 8.65, contrast_acc: 43.46
2023-08-07 21:39:19,658 DEBUG epoch:113, knn_val_accu: 70.82, contrast_loss: 8.65, contrast_acc: 43.46
2023-08-07 21:39:20,897 DEBUG epoch:113, knn_val_accu: 70.82, contrast_loss: 8.65, contrast_acc: 43.46
2023-08-07 21:39:23,357 DEBUG epoch:113, knn_val_accu: 70.82, contrast_loss: 8.65, contrast_acc: 43.46
2023-08-07 21:40:58,878 DEBUG epoch:114, knn_val_accu: 70.90, contrast_loss: 8.66, contrast_acc: 42.97
2023-08-07 21:41:01,005 DEBUG epoch:114, knn_val_accu: 70.90, contrast_loss: 8.66, contrast_acc: 42.97
2023-08-07 21:41:01,944 DEBUG epoch:114, knn_val_accu: 70.90, contrast_loss: 8.66, contrast_acc: 42.97
2023-08-07 21:41:03,839 DEBUG epoch:114, knn_val_accu: 70.90, contrast_loss: 8.66, contrast_acc: 42.97
2023-08-07 21:42:39,127 DEBUG epoch:115, knn_val_accu: 71.13, contrast_loss: 8.65, contrast_acc: 42.89
2023-08-07 21:42:41,258 DEBUG epoch:115, knn_val_accu: 71.13, contrast_loss: 8.65, contrast_acc: 42.89
2023-08-07 21:42:42,217 DEBUG epoch:115, knn_val_accu: 71.13, contrast_loss: 8.65, contrast_acc: 42.89
2023-08-07 21:42:44,594 DEBUG epoch:115, knn_val_accu: 71.13, contrast_loss: 8.65, contrast_acc: 42.89
2023-08-07 21:44:19,948 DEBUG epoch:116, knn_val_accu: 70.42, contrast_loss: 8.65, contrast_acc: 43.24
2023-08-07 21:44:22,078 DEBUG epoch:116, knn_val_accu: 70.42, contrast_loss: 8.65, contrast_acc: 43.24
2023-08-07 21:44:23,030 DEBUG epoch:116, knn_val_accu: 70.42, contrast_loss: 8.65, contrast_acc: 43.24
2023-08-07 21:44:25,437 DEBUG epoch:116, knn_val_accu: 70.42, contrast_loss: 8.65, contrast_acc: 43.24
2023-08-07 21:46:02,547 DEBUG epoch:117, knn_val_accu: 71.48, contrast_loss: 8.65, contrast_acc: 43.56
2023-08-07 21:46:03,056 DEBUG epoch:117, knn_val_accu: 71.48, contrast_loss: 8.65, contrast_acc: 43.56
2023-08-07 21:46:04,497 DEBUG epoch:117, knn_val_accu: 71.48, contrast_loss: 8.65, contrast_acc: 43.56
2023-08-07 21:46:07,472 DEBUG epoch:117, knn_val_accu: 71.48, contrast_loss: 8.65, contrast_acc: 43.56
2023-08-07 21:47:43,864 DEBUG epoch:118, knn_val_accu: 70.86, contrast_loss: 8.65, contrast_acc: 44.04
2023-08-07 21:47:45,976 DEBUG epoch:118, knn_val_accu: 70.86, contrast_loss: 8.65, contrast_acc: 44.04
2023-08-07 21:47:46,959 DEBUG epoch:118, knn_val_accu: 70.86, contrast_loss: 8.65, contrast_acc: 44.04
2023-08-07 21:47:49,434 DEBUG epoch:118, knn_val_accu: 70.86, contrast_loss: 8.65, contrast_acc: 44.04
2023-08-07 21:49:25,481 DEBUG epoch:119, knn_val_accu: 71.82, contrast_loss: 8.65, contrast_acc: 43.84
2023-08-07 21:49:27,550 DEBUG epoch:119, knn_val_accu: 71.82, contrast_loss: 8.65, contrast_acc: 43.84
2023-08-07 21:49:28,477 DEBUG epoch:119, knn_val_accu: 71.82, contrast_loss: 8.65, contrast_acc: 43.84
2023-08-07 21:49:30,979 DEBUG epoch:119, knn_val_accu: 71.82, contrast_loss: 8.65, contrast_acc: 43.84
2023-08-07 21:51:06,624 DEBUG epoch:120, knn_val_accu: 71.79, contrast_loss: 8.65, contrast_acc: 43.17
2023-08-07 21:51:08,584 DEBUG epoch:120, knn_val_accu: 71.79, contrast_loss: 8.65, contrast_acc: 43.17
2023-08-07 21:51:09,344 DEBUG epoch:120, knn_val_accu: 71.79, contrast_loss: 8.65, contrast_acc: 43.17
2023-08-07 21:51:11,217 DEBUG epoch:120, knn_val_accu: 71.79, contrast_loss: 8.65, contrast_acc: 43.17
2023-08-07 21:52:51,882 DEBUG epoch:121, knn_val_accu: 72.07, contrast_loss: 8.65, contrast_acc: 43.47
2023-08-07 21:52:54,014 DEBUG epoch:121, knn_val_accu: 72.07, contrast_loss: 8.65, contrast_acc: 43.47
2023-08-07 21:52:54,873 DEBUG epoch:121, knn_val_accu: 72.07, contrast_loss: 8.65, contrast_acc: 43.47
2023-08-07 21:52:57,485 DEBUG epoch:121, knn_val_accu: 72.07, contrast_loss: 8.65, contrast_acc: 43.47
2023-08-07 21:54:36,385 DEBUG epoch:122, knn_val_accu: 71.19, contrast_loss: 8.65, contrast_acc: 43.48
2023-08-07 21:54:38,505 DEBUG epoch:122, knn_val_accu: 71.19, contrast_loss: 8.65, contrast_acc: 43.48
2023-08-07 21:54:39,434 DEBUG epoch:122, knn_val_accu: 71.19, contrast_loss: 8.65, contrast_acc: 43.48
2023-08-07 21:54:42,067 DEBUG epoch:122, knn_val_accu: 71.19, contrast_loss: 8.65, contrast_acc: 43.48
2023-08-07 21:56:22,881 DEBUG epoch:123, knn_val_accu: 71.79, contrast_loss: 8.64, contrast_acc: 44.14
2023-08-07 21:56:24,916 DEBUG epoch:123, knn_val_accu: 71.79, contrast_loss: 8.64, contrast_acc: 44.14
2023-08-07 21:56:25,855 DEBUG epoch:123, knn_val_accu: 71.79, contrast_loss: 8.64, contrast_acc: 44.14
2023-08-07 21:56:28,414 DEBUG epoch:123, knn_val_accu: 71.79, contrast_loss: 8.64, contrast_acc: 44.14
2023-08-07 21:58:07,472 DEBUG epoch:124, knn_val_accu: 71.53, contrast_loss: 8.64, contrast_acc: 44.77
2023-08-07 21:58:09,504 DEBUG epoch:124, knn_val_accu: 71.53, contrast_loss: 8.64, contrast_acc: 44.77
2023-08-07 21:58:10,496 DEBUG epoch:124, knn_val_accu: 71.53, contrast_loss: 8.64, contrast_acc: 44.77
2023-08-07 21:58:12,687 DEBUG epoch:124, knn_val_accu: 71.53, contrast_loss: 8.64, contrast_acc: 44.77
2023-08-07 21:59:55,066 DEBUG epoch:125, knn_val_accu: 71.22, contrast_loss: 8.64, contrast_acc: 44.15
2023-08-07 21:59:55,567 DEBUG epoch:125, knn_val_accu: 71.22, contrast_loss: 8.64, contrast_acc: 44.15
2023-08-07 21:59:58,050 DEBUG epoch:125, knn_val_accu: 71.22, contrast_loss: 8.64, contrast_acc: 44.15
2023-08-07 22:00:00,574 DEBUG epoch:125, knn_val_accu: 71.22, contrast_loss: 8.64, contrast_acc: 44.15
2023-08-07 22:01:38,982 DEBUG epoch:126, knn_val_accu: 71.79, contrast_loss: 8.64, contrast_acc: 44.63
2023-08-07 22:01:41,051 DEBUG epoch:126, knn_val_accu: 71.79, contrast_loss: 8.64, contrast_acc: 44.63
2023-08-07 22:01:41,971 DEBUG epoch:126, knn_val_accu: 71.79, contrast_loss: 8.64, contrast_acc: 44.63
2023-08-07 22:01:44,458 DEBUG epoch:126, knn_val_accu: 71.79, contrast_loss: 8.64, contrast_acc: 44.63
2023-08-07 22:03:24,885 DEBUG epoch:127, knn_val_accu: 72.18, contrast_loss: 8.64, contrast_acc: 45.10
2023-08-07 22:03:26,902 DEBUG epoch:127, knn_val_accu: 72.18, contrast_loss: 8.64, contrast_acc: 45.10
2023-08-07 22:03:27,857 DEBUG epoch:127, knn_val_accu: 72.18, contrast_loss: 8.64, contrast_acc: 45.10
2023-08-07 22:03:30,415 DEBUG epoch:127, knn_val_accu: 72.18, contrast_loss: 8.64, contrast_acc: 45.10
2023-08-07 22:04:57,773 DEBUG epoch:128, knn_val_accu: 72.42, contrast_loss: 8.64, contrast_acc: 45.28
2023-08-07 22:04:57,773 DEBUG epoch:128, knn_val_accu: 72.42, contrast_loss: 8.64, contrast_acc: 45.28
2023-08-07 22:04:59,711 DEBUG epoch:128, knn_val_accu: 72.42, contrast_loss: 8.64, contrast_acc: 45.28
2023-08-07 22:05:00,653 DEBUG epoch:128, knn_val_accu: 72.42, contrast_loss: 8.64, contrast_acc: 45.28
2023-08-07 22:06:23,721 DEBUG epoch:129, knn_val_accu: 72.22, contrast_loss: 8.64, contrast_acc: 45.06
2023-08-07 22:06:23,743 DEBUG epoch:129, knn_val_accu: 72.22, contrast_loss: 8.64, contrast_acc: 45.06
2023-08-07 22:06:25,781 DEBUG epoch:129, knn_val_accu: 72.22, contrast_loss: 8.64, contrast_acc: 45.06
2023-08-07 22:06:26,715 DEBUG epoch:129, knn_val_accu: 72.22, contrast_loss: 8.64, contrast_acc: 45.06
2023-08-07 22:07:50,346 DEBUG epoch:130, knn_val_accu: 72.24, contrast_loss: 8.64, contrast_acc: 44.86
2023-08-07 22:07:50,498 DEBUG epoch:130, knn_val_accu: 72.24, contrast_loss: 8.64, contrast_acc: 44.86
2023-08-07 22:07:52,446 DEBUG epoch:130, knn_val_accu: 72.24, contrast_loss: 8.64, contrast_acc: 44.86
2023-08-07 22:07:53,417 DEBUG epoch:130, knn_val_accu: 72.24, contrast_loss: 8.64, contrast_acc: 44.86
2023-08-07 22:09:14,168 DEBUG epoch:131, knn_val_accu: 72.79, contrast_loss: 8.63, contrast_acc: 45.04
2023-08-07 22:09:14,174 DEBUG epoch:131, knn_val_accu: 72.79, contrast_loss: 8.63, contrast_acc: 45.04
2023-08-07 22:09:14,490 DEBUG epoch:131, knn_val_accu: 72.79, contrast_loss: 8.63, contrast_acc: 45.04
2023-08-07 22:09:16,150 DEBUG epoch:131, knn_val_accu: 72.79, contrast_loss: 8.63, contrast_acc: 45.04
2023-08-07 22:10:36,614 DEBUG epoch:132, knn_val_accu: 72.65, contrast_loss: 8.63, contrast_acc: 45.18
2023-08-07 22:10:36,699 DEBUG epoch:132, knn_val_accu: 72.65, contrast_loss: 8.63, contrast_acc: 45.18
2023-08-07 22:10:38,764 DEBUG epoch:132, knn_val_accu: 72.65, contrast_loss: 8.63, contrast_acc: 45.18
2023-08-07 22:10:39,603 DEBUG epoch:132, knn_val_accu: 72.65, contrast_loss: 8.63, contrast_acc: 45.18
2023-08-07 22:12:02,253 DEBUG epoch:133, knn_val_accu: 73.41, contrast_loss: 8.63, contrast_acc: 45.77
2023-08-07 22:12:02,271 DEBUG epoch:133, knn_val_accu: 73.41, contrast_loss: 8.63, contrast_acc: 45.77
2023-08-07 22:12:04,332 DEBUG epoch:133, knn_val_accu: 73.41, contrast_loss: 8.63, contrast_acc: 45.77
2023-08-07 22:12:05,237 DEBUG epoch:133, knn_val_accu: 73.41, contrast_loss: 8.63, contrast_acc: 45.77
2023-08-07 22:13:28,060 DEBUG epoch:134, knn_val_accu: 73.58, contrast_loss: 8.63, contrast_acc: 45.93
2023-08-07 22:13:28,060 DEBUG epoch:134, knn_val_accu: 73.58, contrast_loss: 8.63, contrast_acc: 45.93
2023-08-07 22:13:30,067 DEBUG epoch:134, knn_val_accu: 73.58, contrast_loss: 8.63, contrast_acc: 45.93
2023-08-07 22:13:31,009 DEBUG epoch:134, knn_val_accu: 73.58, contrast_loss: 8.63, contrast_acc: 45.93
2023-08-07 22:14:52,959 DEBUG epoch:135, knn_val_accu: 73.34, contrast_loss: 8.63, contrast_acc: 45.35
2023-08-07 22:14:53,015 DEBUG epoch:135, knn_val_accu: 73.34, contrast_loss: 8.63, contrast_acc: 45.35
2023-08-07 22:14:54,998 DEBUG epoch:135, knn_val_accu: 73.34, contrast_loss: 8.63, contrast_acc: 45.35
2023-08-07 22:14:56,063 DEBUG epoch:135, knn_val_accu: 73.34, contrast_loss: 8.63, contrast_acc: 45.35
2023-08-07 22:16:19,495 DEBUG epoch:136, knn_val_accu: 73.80, contrast_loss: 8.63, contrast_acc: 46.11
2023-08-07 22:16:19,669 DEBUG epoch:136, knn_val_accu: 73.80, contrast_loss: 8.63, contrast_acc: 46.11
2023-08-07 22:16:21,633 DEBUG epoch:136, knn_val_accu: 73.80, contrast_loss: 8.63, contrast_acc: 46.11
2023-08-07 22:16:22,625 DEBUG epoch:136, knn_val_accu: 73.80, contrast_loss: 8.63, contrast_acc: 46.11
2023-08-07 22:17:45,326 DEBUG epoch:137, knn_val_accu: 73.22, contrast_loss: 8.63, contrast_acc: 46.07
2023-08-07 22:17:45,417 DEBUG epoch:137, knn_val_accu: 73.22, contrast_loss: 8.63, contrast_acc: 46.07
2023-08-07 22:17:47,405 DEBUG epoch:137, knn_val_accu: 73.22, contrast_loss: 8.63, contrast_acc: 46.07
2023-08-07 22:17:48,414 DEBUG epoch:137, knn_val_accu: 73.22, contrast_loss: 8.63, contrast_acc: 46.07
2023-08-07 22:19:11,105 DEBUG epoch:138, knn_val_accu: 73.27, contrast_loss: 8.63, contrast_acc: 46.08
2023-08-07 22:19:11,317 DEBUG epoch:138, knn_val_accu: 73.27, contrast_loss: 8.63, contrast_acc: 46.08
2023-08-07 22:19:13,088 DEBUG epoch:138, knn_val_accu: 73.27, contrast_loss: 8.63, contrast_acc: 46.08
2023-08-07 22:19:14,072 DEBUG epoch:138, knn_val_accu: 73.27, contrast_loss: 8.63, contrast_acc: 46.08
2023-08-07 22:20:36,133 DEBUG epoch:139, knn_val_accu: 73.31, contrast_loss: 8.63, contrast_acc: 46.59
2023-08-07 22:20:36,313 DEBUG epoch:139, knn_val_accu: 73.31, contrast_loss: 8.63, contrast_acc: 46.59
2023-08-07 22:20:38,197 DEBUG epoch:139, knn_val_accu: 73.31, contrast_loss: 8.63, contrast_acc: 46.59
2023-08-07 22:20:39,149 DEBUG epoch:139, knn_val_accu: 73.31, contrast_loss: 8.63, contrast_acc: 46.59
2023-08-07 22:22:01,628 DEBUG epoch:140, knn_val_accu: 73.23, contrast_loss: 8.62, contrast_acc: 47.09
2023-08-07 22:22:01,795 DEBUG epoch:140, knn_val_accu: 73.23, contrast_loss: 8.62, contrast_acc: 47.09
2023-08-07 22:22:03,770 DEBUG epoch:140, knn_val_accu: 73.23, contrast_loss: 8.62, contrast_acc: 47.09
2023-08-07 22:22:04,261 DEBUG epoch:140, knn_val_accu: 73.23, contrast_loss: 8.62, contrast_acc: 47.09
2023-08-07 22:23:26,979 DEBUG epoch:141, knn_val_accu: 73.08, contrast_loss: 8.62, contrast_acc: 47.01
2023-08-07 22:23:27,015 DEBUG epoch:141, knn_val_accu: 73.08, contrast_loss: 8.62, contrast_acc: 47.01
2023-08-07 22:23:29,099 DEBUG epoch:141, knn_val_accu: 73.08, contrast_loss: 8.62, contrast_acc: 47.01
2023-08-07 22:23:29,969 DEBUG epoch:141, knn_val_accu: 73.08, contrast_loss: 8.62, contrast_acc: 47.01
2023-08-07 22:24:52,820 DEBUG epoch:142, knn_val_accu: 73.33, contrast_loss: 8.62, contrast_acc: 47.00
2023-08-07 22:24:53,016 DEBUG epoch:142, knn_val_accu: 73.33, contrast_loss: 8.62, contrast_acc: 47.00
2023-08-07 22:24:54,257 DEBUG epoch:142, knn_val_accu: 73.33, contrast_loss: 8.62, contrast_acc: 47.00
2023-08-07 22:24:55,848 DEBUG epoch:142, knn_val_accu: 73.33, contrast_loss: 8.62, contrast_acc: 47.00
2023-08-07 22:26:17,969 DEBUG epoch:143, knn_val_accu: 73.84, contrast_loss: 8.62, contrast_acc: 47.13
2023-08-07 22:26:17,970 DEBUG epoch:143, knn_val_accu: 73.84, contrast_loss: 8.62, contrast_acc: 47.13
2023-08-07 22:26:20,005 DEBUG epoch:143, knn_val_accu: 73.84, contrast_loss: 8.62, contrast_acc: 47.13
2023-08-07 22:26:21,003 DEBUG epoch:143, knn_val_accu: 73.84, contrast_loss: 8.62, contrast_acc: 47.13
2023-08-07 22:27:43,095 DEBUG epoch:144, knn_val_accu: 73.46, contrast_loss: 8.62, contrast_acc: 47.11
2023-08-07 22:27:43,166 DEBUG epoch:144, knn_val_accu: 73.46, contrast_loss: 8.62, contrast_acc: 47.11
2023-08-07 22:27:43,667 DEBUG epoch:144, knn_val_accu: 73.46, contrast_loss: 8.62, contrast_acc: 47.11
2023-08-07 22:27:46,095 DEBUG epoch:144, knn_val_accu: 73.46, contrast_loss: 8.62, contrast_acc: 47.11
2023-08-07 22:29:08,755 DEBUG epoch:145, knn_val_accu: 73.90, contrast_loss: 8.62, contrast_acc: 47.58
2023-08-07 22:29:08,940 DEBUG epoch:145, knn_val_accu: 73.90, contrast_loss: 8.62, contrast_acc: 47.58
2023-08-07 22:29:10,869 DEBUG epoch:145, knn_val_accu: 73.90, contrast_loss: 8.62, contrast_acc: 47.58
2023-08-07 22:29:11,805 DEBUG epoch:145, knn_val_accu: 73.90, contrast_loss: 8.62, contrast_acc: 47.58
2023-08-07 22:30:32,151 DEBUG epoch:146, knn_val_accu: 73.44, contrast_loss: 8.62, contrast_acc: 47.71
2023-08-07 22:30:32,214 DEBUG epoch:146, knn_val_accu: 73.44, contrast_loss: 8.62, contrast_acc: 47.71
2023-08-07 22:30:32,609 DEBUG epoch:146, knn_val_accu: 73.44, contrast_loss: 8.62, contrast_acc: 47.71
2023-08-07 22:30:33,925 DEBUG epoch:146, knn_val_accu: 73.44, contrast_loss: 8.62, contrast_acc: 47.71
2023-08-07 22:31:56,131 DEBUG epoch:147, knn_val_accu: 74.50, contrast_loss: 8.61, contrast_acc: 47.31
2023-08-07 22:31:56,132 DEBUG epoch:147, knn_val_accu: 74.50, contrast_loss: 8.61, contrast_acc: 47.31
2023-08-07 22:31:58,197 DEBUG epoch:147, knn_val_accu: 74.50, contrast_loss: 8.61, contrast_acc: 47.31
2023-08-07 22:31:59,090 DEBUG epoch:147, knn_val_accu: 74.50, contrast_loss: 8.61, contrast_acc: 47.31
2023-08-07 22:33:21,663 DEBUG epoch:148, knn_val_accu: 74.30, contrast_loss: 8.62, contrast_acc: 47.65
2023-08-07 22:33:21,757 DEBUG epoch:148, knn_val_accu: 74.30, contrast_loss: 8.62, contrast_acc: 47.65
2023-08-07 22:33:23,642 DEBUG epoch:148, knn_val_accu: 74.30, contrast_loss: 8.62, contrast_acc: 47.65
2023-08-07 22:33:24,598 DEBUG epoch:148, knn_val_accu: 74.30, contrast_loss: 8.62, contrast_acc: 47.65
2023-08-07 22:34:47,696 DEBUG epoch:149, knn_val_accu: 74.33, contrast_loss: 8.61, contrast_acc: 48.09
2023-08-07 22:34:47,737 DEBUG epoch:149, knn_val_accu: 74.33, contrast_loss: 8.61, contrast_acc: 48.09
2023-08-07 22:34:49,702 DEBUG epoch:149, knn_val_accu: 74.33, contrast_loss: 8.61, contrast_acc: 48.09
2023-08-07 22:34:50,679 DEBUG epoch:149, knn_val_accu: 74.33, contrast_loss: 8.61, contrast_acc: 48.09
2023-08-07 22:36:13,477 DEBUG epoch:150, knn_val_accu: 74.89, contrast_loss: 8.61, contrast_acc: 48.51
2023-08-07 22:36:13,537 DEBUG epoch:150, knn_val_accu: 74.89, contrast_loss: 8.61, contrast_acc: 48.51
2023-08-07 22:36:15,548 DEBUG epoch:150, knn_val_accu: 74.89, contrast_loss: 8.61, contrast_acc: 48.51
2023-08-07 22:36:16,468 DEBUG epoch:150, knn_val_accu: 74.89, contrast_loss: 8.61, contrast_acc: 48.51
2023-08-07 22:37:38,903 DEBUG epoch:151, knn_val_accu: 74.91, contrast_loss: 8.61, contrast_acc: 48.32
2023-08-07 22:37:38,903 DEBUG epoch:151, knn_val_accu: 74.91, contrast_loss: 8.61, contrast_acc: 48.32
2023-08-07 22:37:41,030 DEBUG epoch:151, knn_val_accu: 74.91, contrast_loss: 8.61, contrast_acc: 48.32
2023-08-07 22:37:42,033 DEBUG epoch:151, knn_val_accu: 74.91, contrast_loss: 8.61, contrast_acc: 48.32
2023-08-07 22:39:04,217 DEBUG epoch:152, knn_val_accu: 74.77, contrast_loss: 8.61, contrast_acc: 48.53
2023-08-07 22:39:04,304 DEBUG epoch:152, knn_val_accu: 74.77, contrast_loss: 8.61, contrast_acc: 48.53
2023-08-07 22:39:06,289 DEBUG epoch:152, knn_val_accu: 74.77, contrast_loss: 8.61, contrast_acc: 48.53
2023-08-07 22:39:07,313 DEBUG epoch:152, knn_val_accu: 74.77, contrast_loss: 8.61, contrast_acc: 48.53
2023-08-07 22:40:29,520 DEBUG epoch:153, knn_val_accu: 74.84, contrast_loss: 8.61, contrast_acc: 48.71
2023-08-07 22:40:29,640 DEBUG epoch:153, knn_val_accu: 74.84, contrast_loss: 8.61, contrast_acc: 48.71
2023-08-07 22:40:31,607 DEBUG epoch:153, knn_val_accu: 74.84, contrast_loss: 8.61, contrast_acc: 48.71
2023-08-07 22:40:32,508 DEBUG epoch:153, knn_val_accu: 74.84, contrast_loss: 8.61, contrast_acc: 48.71
2023-08-07 22:41:54,913 DEBUG epoch:154, knn_val_accu: 75.11, contrast_loss: 8.60, contrast_acc: 49.15
2023-08-07 22:41:55,084 DEBUG epoch:154, knn_val_accu: 75.11, contrast_loss: 8.60, contrast_acc: 49.15
2023-08-07 22:41:57,046 DEBUG epoch:154, knn_val_accu: 75.11, contrast_loss: 8.60, contrast_acc: 49.15
2023-08-07 22:41:57,963 DEBUG epoch:154, knn_val_accu: 75.11, contrast_loss: 8.60, contrast_acc: 49.15
2023-08-07 22:43:20,346 DEBUG epoch:155, knn_val_accu: 75.10, contrast_loss: 8.60, contrast_acc: 49.32
2023-08-07 22:43:20,409 DEBUG epoch:155, knn_val_accu: 75.10, contrast_loss: 8.60, contrast_acc: 49.32
2023-08-07 22:43:22,415 DEBUG epoch:155, knn_val_accu: 75.10, contrast_loss: 8.60, contrast_acc: 49.32
2023-08-07 22:43:23,195 DEBUG epoch:155, knn_val_accu: 75.10, contrast_loss: 8.60, contrast_acc: 49.32
2023-08-07 22:44:44,931 DEBUG epoch:156, knn_val_accu: 75.18, contrast_loss: 8.60, contrast_acc: 49.83
2023-08-07 22:44:44,935 DEBUG epoch:156, knn_val_accu: 75.18, contrast_loss: 8.60, contrast_acc: 49.83
2023-08-07 22:44:46,988 DEBUG epoch:156, knn_val_accu: 75.18, contrast_loss: 8.60, contrast_acc: 49.83
2023-08-07 22:44:47,862 DEBUG epoch:156, knn_val_accu: 75.18, contrast_loss: 8.60, contrast_acc: 49.83
2023-08-07 22:46:11,029 DEBUG epoch:157, knn_val_accu: 75.57, contrast_loss: 8.60, contrast_acc: 49.37
2023-08-07 22:46:11,202 DEBUG epoch:157, knn_val_accu: 75.57, contrast_loss: 8.60, contrast_acc: 49.37
2023-08-07 22:46:13,162 DEBUG epoch:157, knn_val_accu: 75.57, contrast_loss: 8.60, contrast_acc: 49.37
2023-08-07 22:46:14,099 DEBUG epoch:157, knn_val_accu: 75.57, contrast_loss: 8.60, contrast_acc: 49.37
2023-08-07 22:47:36,604 DEBUG epoch:158, knn_val_accu: 75.47, contrast_loss: 8.60, contrast_acc: 50.10
2023-08-07 22:47:36,653 DEBUG epoch:158, knn_val_accu: 75.47, contrast_loss: 8.60, contrast_acc: 50.10
2023-08-07 22:47:38,553 DEBUG epoch:158, knn_val_accu: 75.47, contrast_loss: 8.60, contrast_acc: 50.10
2023-08-07 22:47:39,526 DEBUG epoch:158, knn_val_accu: 75.47, contrast_loss: 8.60, contrast_acc: 50.10
2023-08-07 22:49:02,370 DEBUG epoch:159, knn_val_accu: 75.44, contrast_loss: 8.60, contrast_acc: 50.43
2023-08-07 22:49:02,454 DEBUG epoch:159, knn_val_accu: 75.44, contrast_loss: 8.60, contrast_acc: 50.43
2023-08-07 22:49:04,191 DEBUG epoch:159, knn_val_accu: 75.44, contrast_loss: 8.60, contrast_acc: 50.43
2023-08-07 22:49:05,422 DEBUG epoch:159, knn_val_accu: 75.44, contrast_loss: 8.60, contrast_acc: 50.43
2023-08-07 22:50:29,021 DEBUG epoch:160, knn_val_accu: 75.66, contrast_loss: 8.60, contrast_acc: 50.87
2023-08-07 22:50:29,021 DEBUG epoch:160, knn_val_accu: 75.66, contrast_loss: 8.60, contrast_acc: 50.87
2023-08-07 22:50:30,805 DEBUG epoch:160, knn_val_accu: 75.66, contrast_loss: 8.60, contrast_acc: 50.87
2023-08-07 22:50:31,861 DEBUG epoch:160, knn_val_accu: 75.66, contrast_loss: 8.60, contrast_acc: 50.87
2023-08-07 22:51:52,428 DEBUG epoch:161, knn_val_accu: 75.71, contrast_loss: 8.59, contrast_acc: 51.08
2023-08-07 22:51:52,472 DEBUG epoch:161, knn_val_accu: 75.71, contrast_loss: 8.59, contrast_acc: 51.08
2023-08-07 22:51:53,043 DEBUG epoch:161, knn_val_accu: 75.71, contrast_loss: 8.59, contrast_acc: 51.08
2023-08-07 22:51:54,488 DEBUG epoch:161, knn_val_accu: 75.71, contrast_loss: 8.59, contrast_acc: 51.08
2023-08-07 22:53:14,730 DEBUG epoch:162, knn_val_accu: 75.61, contrast_loss: 8.59, contrast_acc: 50.61
2023-08-07 22:53:14,816 DEBUG epoch:162, knn_val_accu: 75.61, contrast_loss: 8.59, contrast_acc: 50.61
2023-08-07 22:53:16,732 DEBUG epoch:162, knn_val_accu: 75.61, contrast_loss: 8.59, contrast_acc: 50.61
2023-08-07 22:53:17,577 DEBUG epoch:162, knn_val_accu: 75.61, contrast_loss: 8.59, contrast_acc: 50.61
2023-08-07 22:54:40,079 DEBUG epoch:163, knn_val_accu: 75.45, contrast_loss: 8.59, contrast_acc: 51.03
2023-08-07 22:54:40,178 DEBUG epoch:163, knn_val_accu: 75.45, contrast_loss: 8.59, contrast_acc: 51.03
2023-08-07 22:54:41,699 DEBUG epoch:163, knn_val_accu: 75.45, contrast_loss: 8.59, contrast_acc: 51.03
2023-08-07 22:54:43,116 DEBUG epoch:163, knn_val_accu: 75.45, contrast_loss: 8.59, contrast_acc: 51.03
2023-08-07 22:56:07,136 DEBUG epoch:164, knn_val_accu: 75.83, contrast_loss: 8.59, contrast_acc: 50.96
2023-08-07 22:56:07,309 DEBUG epoch:164, knn_val_accu: 75.83, contrast_loss: 8.59, contrast_acc: 50.96
2023-08-07 22:56:09,188 DEBUG epoch:164, knn_val_accu: 75.83, contrast_loss: 8.59, contrast_acc: 50.96
2023-08-07 22:56:10,166 DEBUG epoch:164, knn_val_accu: 75.83, contrast_loss: 8.59, contrast_acc: 50.96
2023-08-07 22:57:32,362 DEBUG epoch:165, knn_val_accu: 75.57, contrast_loss: 8.58, contrast_acc: 51.79
2023-08-07 22:57:32,467 DEBUG epoch:165, knn_val_accu: 75.57, contrast_loss: 8.58, contrast_acc: 51.79
2023-08-07 22:57:34,410 DEBUG epoch:165, knn_val_accu: 75.57, contrast_loss: 8.58, contrast_acc: 51.79
2023-08-07 22:57:35,264 DEBUG epoch:165, knn_val_accu: 75.57, contrast_loss: 8.58, contrast_acc: 51.79
2023-08-07 22:58:58,569 DEBUG epoch:166, knn_val_accu: 76.00, contrast_loss: 8.58, contrast_acc: 51.76
2023-08-07 22:58:58,792 DEBUG epoch:166, knn_val_accu: 76.00, contrast_loss: 8.58, contrast_acc: 51.76
2023-08-07 22:59:00,567 DEBUG epoch:166, knn_val_accu: 76.00, contrast_loss: 8.58, contrast_acc: 51.76
2023-08-07 22:59:01,617 DEBUG epoch:166, knn_val_accu: 76.00, contrast_loss: 8.58, contrast_acc: 51.76
2023-08-07 23:00:24,228 DEBUG epoch:167, knn_val_accu: 75.91, contrast_loss: 8.58, contrast_acc: 51.61
2023-08-07 23:00:24,293 DEBUG epoch:167, knn_val_accu: 75.91, contrast_loss: 8.58, contrast_acc: 51.61
2023-08-07 23:00:25,941 DEBUG epoch:167, knn_val_accu: 75.91, contrast_loss: 8.58, contrast_acc: 51.61
2023-08-07 23:00:26,272 DEBUG epoch:167, knn_val_accu: 75.91, contrast_loss: 8.58, contrast_acc: 51.61
2023-08-07 23:01:49,054 DEBUG epoch:168, knn_val_accu: 76.08, contrast_loss: 8.59, contrast_acc: 51.55
2023-08-07 23:01:49,054 DEBUG epoch:168, knn_val_accu: 76.08, contrast_loss: 8.59, contrast_acc: 51.55
2023-08-07 23:01:50,999 DEBUG epoch:168, knn_val_accu: 76.08, contrast_loss: 8.59, contrast_acc: 51.55
2023-08-07 23:01:51,987 DEBUG epoch:168, knn_val_accu: 76.08, contrast_loss: 8.59, contrast_acc: 51.55
2023-08-07 23:03:15,361 DEBUG epoch:169, knn_val_accu: 76.33, contrast_loss: 8.59, contrast_acc: 51.80
2023-08-07 23:03:15,568 DEBUG epoch:169, knn_val_accu: 76.33, contrast_loss: 8.59, contrast_acc: 51.80
2023-08-07 23:03:17,392 DEBUG epoch:169, knn_val_accu: 76.33, contrast_loss: 8.59, contrast_acc: 51.80
2023-08-07 23:03:18,463 DEBUG epoch:169, knn_val_accu: 76.33, contrast_loss: 8.59, contrast_acc: 51.80
2023-08-07 23:04:41,797 DEBUG epoch:170, knn_val_accu: 76.00, contrast_loss: 8.58, contrast_acc: 51.97
2023-08-07 23:04:41,813 DEBUG epoch:170, knn_val_accu: 76.00, contrast_loss: 8.58, contrast_acc: 51.97
2023-08-07 23:04:43,823 DEBUG epoch:170, knn_val_accu: 76.00, contrast_loss: 8.58, contrast_acc: 51.97
2023-08-07 23:04:44,816 DEBUG epoch:170, knn_val_accu: 76.00, contrast_loss: 8.58, contrast_acc: 51.97
2023-08-07 23:06:07,277 DEBUG epoch:171, knn_val_accu: 76.45, contrast_loss: 8.58, contrast_acc: 52.54
2023-08-07 23:06:07,291 DEBUG epoch:171, knn_val_accu: 76.45, contrast_loss: 8.58, contrast_acc: 52.54
2023-08-07 23:06:09,297 DEBUG epoch:171, knn_val_accu: 76.45, contrast_loss: 8.58, contrast_acc: 52.54
2023-08-07 23:06:10,336 DEBUG epoch:171, knn_val_accu: 76.45, contrast_loss: 8.58, contrast_acc: 52.54
2023-08-07 23:07:33,481 DEBUG epoch:172, knn_val_accu: 76.15, contrast_loss: 8.58, contrast_acc: 52.72
2023-08-07 23:07:33,507 DEBUG epoch:172, knn_val_accu: 76.15, contrast_loss: 8.58, contrast_acc: 52.72
2023-08-07 23:07:35,496 DEBUG epoch:172, knn_val_accu: 76.15, contrast_loss: 8.58, contrast_acc: 52.72
2023-08-07 23:07:36,502 DEBUG epoch:172, knn_val_accu: 76.15, contrast_loss: 8.58, contrast_acc: 52.72
2023-08-07 23:08:59,589 DEBUG epoch:173, knn_val_accu: 76.54, contrast_loss: 8.58, contrast_acc: 52.88
2023-08-07 23:08:59,589 DEBUG epoch:173, knn_val_accu: 76.54, contrast_loss: 8.58, contrast_acc: 52.88
2023-08-07 23:09:01,538 DEBUG epoch:173, knn_val_accu: 76.54, contrast_loss: 8.58, contrast_acc: 52.88
2023-08-07 23:09:02,593 DEBUG epoch:173, knn_val_accu: 76.54, contrast_loss: 8.58, contrast_acc: 52.88
2023-08-07 23:10:26,591 DEBUG epoch:174, knn_val_accu: 76.76, contrast_loss: 8.58, contrast_acc: 52.87
2023-08-07 23:10:26,591 DEBUG epoch:174, knn_val_accu: 76.76, contrast_loss: 8.58, contrast_acc: 52.87
2023-08-07 23:10:28,623 DEBUG epoch:174, knn_val_accu: 76.76, contrast_loss: 8.58, contrast_acc: 52.87
2023-08-07 23:10:29,623 DEBUG epoch:174, knn_val_accu: 76.76, contrast_loss: 8.58, contrast_acc: 52.87
2023-08-07 23:11:52,979 DEBUG epoch:175, knn_val_accu: 76.56, contrast_loss: 8.58, contrast_acc: 52.97
2023-08-07 23:11:53,030 DEBUG epoch:175, knn_val_accu: 76.56, contrast_loss: 8.58, contrast_acc: 52.97
2023-08-07 23:11:55,022 DEBUG epoch:175, knn_val_accu: 76.56, contrast_loss: 8.58, contrast_acc: 52.97
2023-08-07 23:11:55,849 DEBUG epoch:175, knn_val_accu: 76.56, contrast_loss: 8.58, contrast_acc: 52.97
2023-08-07 23:13:15,777 DEBUG epoch:176, knn_val_accu: 76.91, contrast_loss: 8.57, contrast_acc: 53.49
2023-08-07 23:13:15,965 DEBUG epoch:176, knn_val_accu: 76.91, contrast_loss: 8.57, contrast_acc: 53.49
2023-08-07 23:13:16,155 DEBUG epoch:176, knn_val_accu: 76.91, contrast_loss: 8.57, contrast_acc: 53.49
2023-08-07 23:13:17,862 DEBUG epoch:176, knn_val_accu: 76.91, contrast_loss: 8.57, contrast_acc: 53.49
2023-08-07 23:14:39,328 DEBUG epoch:177, knn_val_accu: 76.65, contrast_loss: 8.57, contrast_acc: 53.48
2023-08-07 23:14:39,424 DEBUG epoch:177, knn_val_accu: 76.65, contrast_loss: 8.57, contrast_acc: 53.48
2023-08-07 23:14:41,429 DEBUG epoch:177, knn_val_accu: 76.65, contrast_loss: 8.57, contrast_acc: 53.48
2023-08-07 23:14:42,322 DEBUG epoch:177, knn_val_accu: 76.65, contrast_loss: 8.57, contrast_acc: 53.48
2023-08-07 23:16:05,489 DEBUG epoch:178, knn_val_accu: 76.89, contrast_loss: 8.57, contrast_acc: 53.94
2023-08-07 23:16:05,508 DEBUG epoch:178, knn_val_accu: 76.89, contrast_loss: 8.57, contrast_acc: 53.94
2023-08-07 23:16:07,453 DEBUG epoch:178, knn_val_accu: 76.89, contrast_loss: 8.57, contrast_acc: 53.94
2023-08-07 23:16:08,397 DEBUG epoch:178, knn_val_accu: 76.89, contrast_loss: 8.57, contrast_acc: 53.94
2023-08-07 23:17:32,329 DEBUG epoch:179, knn_val_accu: 77.23, contrast_loss: 8.57, contrast_acc: 53.30
2023-08-07 23:17:32,571 DEBUG epoch:179, knn_val_accu: 77.23, contrast_loss: 8.57, contrast_acc: 53.30
2023-08-07 23:17:34,033 DEBUG epoch:179, knn_val_accu: 77.23, contrast_loss: 8.57, contrast_acc: 53.30
2023-08-07 23:17:34,544 DEBUG epoch:179, knn_val_accu: 77.23, contrast_loss: 8.57, contrast_acc: 53.30
2023-08-07 23:18:59,132 DEBUG epoch:180, knn_val_accu: 77.20, contrast_loss: 8.57, contrast_acc: 54.00
2023-08-07 23:18:59,154 DEBUG epoch:180, knn_val_accu: 77.20, contrast_loss: 8.57, contrast_acc: 54.00
2023-08-07 23:19:01,061 DEBUG epoch:180, knn_val_accu: 77.20, contrast_loss: 8.57, contrast_acc: 54.00
2023-08-07 23:19:02,056 DEBUG epoch:180, knn_val_accu: 77.20, contrast_loss: 8.57, contrast_acc: 54.00
2023-08-07 23:20:24,345 DEBUG epoch:181, knn_val_accu: 77.16, contrast_loss: 8.57, contrast_acc: 54.10
2023-08-07 23:20:24,480 DEBUG epoch:181, knn_val_accu: 77.16, contrast_loss: 8.57, contrast_acc: 54.10
2023-08-07 23:20:26,242 DEBUG epoch:181, knn_val_accu: 77.16, contrast_loss: 8.57, contrast_acc: 54.10
2023-08-07 23:20:27,212 DEBUG epoch:181, knn_val_accu: 77.16, contrast_loss: 8.57, contrast_acc: 54.10
2023-08-07 23:21:48,825 DEBUG epoch:182, knn_val_accu: 77.28, contrast_loss: 8.56, contrast_acc: 54.46
2023-08-07 23:21:48,825 DEBUG epoch:182, knn_val_accu: 77.28, contrast_loss: 8.56, contrast_acc: 54.46
2023-08-07 23:21:50,709 DEBUG epoch:182, knn_val_accu: 77.28, contrast_loss: 8.56, contrast_acc: 54.46
2023-08-07 23:21:51,590 DEBUG epoch:182, knn_val_accu: 77.28, contrast_loss: 8.56, contrast_acc: 54.46
2023-08-07 23:23:14,343 DEBUG epoch:183, knn_val_accu: 77.14, contrast_loss: 8.57, contrast_acc: 54.59
2023-08-07 23:23:14,384 DEBUG epoch:183, knn_val_accu: 77.14, contrast_loss: 8.57, contrast_acc: 54.59
2023-08-07 23:23:16,374 DEBUG epoch:183, knn_val_accu: 77.14, contrast_loss: 8.57, contrast_acc: 54.59
2023-08-07 23:23:17,390 DEBUG epoch:183, knn_val_accu: 77.14, contrast_loss: 8.57, contrast_acc: 54.59
2023-08-07 23:24:41,499 DEBUG epoch:184, knn_val_accu: 77.18, contrast_loss: 8.56, contrast_acc: 54.71
2023-08-07 23:24:41,741 DEBUG epoch:184, knn_val_accu: 77.18, contrast_loss: 8.56, contrast_acc: 54.71
2023-08-07 23:24:43,570 DEBUG epoch:184, knn_val_accu: 77.18, contrast_loss: 8.56, contrast_acc: 54.71
2023-08-07 23:24:44,598 DEBUG epoch:184, knn_val_accu: 77.18, contrast_loss: 8.56, contrast_acc: 54.71
2023-08-07 23:26:08,186 DEBUG epoch:185, knn_val_accu: 77.51, contrast_loss: 8.56, contrast_acc: 54.99
2023-08-07 23:26:08,364 DEBUG epoch:185, knn_val_accu: 77.51, contrast_loss: 8.56, contrast_acc: 54.99
2023-08-07 23:26:10,368 DEBUG epoch:185, knn_val_accu: 77.51, contrast_loss: 8.56, contrast_acc: 54.99
2023-08-07 23:26:11,225 DEBUG epoch:185, knn_val_accu: 77.51, contrast_loss: 8.56, contrast_acc: 54.99
2023-08-07 23:27:33,893 DEBUG epoch:186, knn_val_accu: 77.50, contrast_loss: 8.56, contrast_acc: 55.12
2023-08-07 23:27:34,026 DEBUG epoch:186, knn_val_accu: 77.50, contrast_loss: 8.56, contrast_acc: 55.12
2023-08-07 23:27:35,861 DEBUG epoch:186, knn_val_accu: 77.50, contrast_loss: 8.56, contrast_acc: 55.12
2023-08-07 23:27:36,835 DEBUG epoch:186, knn_val_accu: 77.50, contrast_loss: 8.56, contrast_acc: 55.12
2023-08-07 23:29:04,777 DEBUG epoch:187, knn_val_accu: 77.66, contrast_loss: 8.56, contrast_acc: 54.96
2023-08-07 23:29:04,967 DEBUG epoch:187, knn_val_accu: 77.66, contrast_loss: 8.56, contrast_acc: 54.96
2023-08-07 23:29:06,789 DEBUG epoch:187, knn_val_accu: 77.66, contrast_loss: 8.56, contrast_acc: 54.96
2023-08-07 23:29:07,873 DEBUG epoch:187, knn_val_accu: 77.66, contrast_loss: 8.56, contrast_acc: 54.96
2023-08-07 23:30:30,736 DEBUG epoch:188, knn_val_accu: 77.39, contrast_loss: 8.56, contrast_acc: 55.39
2023-08-07 23:30:30,779 DEBUG epoch:188, knn_val_accu: 77.39, contrast_loss: 8.56, contrast_acc: 55.39
2023-08-07 23:30:32,695 DEBUG epoch:188, knn_val_accu: 77.39, contrast_loss: 8.56, contrast_acc: 55.39
2023-08-07 23:30:33,595 DEBUG epoch:188, knn_val_accu: 77.39, contrast_loss: 8.56, contrast_acc: 55.39
2023-08-07 23:31:56,721 DEBUG epoch:189, knn_val_accu: 77.50, contrast_loss: 8.56, contrast_acc: 54.75
2023-08-07 23:31:56,811 DEBUG epoch:189, knn_val_accu: 77.50, contrast_loss: 8.56, contrast_acc: 54.75
2023-08-07 23:31:58,735 DEBUG epoch:189, knn_val_accu: 77.50, contrast_loss: 8.56, contrast_acc: 54.75
2023-08-07 23:31:59,596 DEBUG epoch:189, knn_val_accu: 77.50, contrast_loss: 8.56, contrast_acc: 54.75
2023-08-07 23:33:22,741 DEBUG epoch:190, knn_val_accu: 77.67, contrast_loss: 8.56, contrast_acc: 54.98
2023-08-07 23:33:23,016 DEBUG epoch:190, knn_val_accu: 77.67, contrast_loss: 8.56, contrast_acc: 54.98
2023-08-07 23:33:24,949 DEBUG epoch:190, knn_val_accu: 77.67, contrast_loss: 8.56, contrast_acc: 54.98
2023-08-07 23:33:25,738 DEBUG epoch:190, knn_val_accu: 77.67, contrast_loss: 8.56, contrast_acc: 54.98
2023-08-07 23:34:42,242 DEBUG epoch:191, knn_val_accu: 77.37, contrast_loss: 8.56, contrast_acc: 55.32
2023-08-07 23:34:42,363 DEBUG epoch:191, knn_val_accu: 77.37, contrast_loss: 8.56, contrast_acc: 55.32
2023-08-07 23:34:42,635 DEBUG epoch:191, knn_val_accu: 77.37, contrast_loss: 8.56, contrast_acc: 55.32
2023-08-07 23:34:43,727 DEBUG epoch:191, knn_val_accu: 77.37, contrast_loss: 8.56, contrast_acc: 55.32
2023-08-07 23:36:06,502 DEBUG epoch:192, knn_val_accu: 77.59, contrast_loss: 8.56, contrast_acc: 55.52
2023-08-07 23:36:06,520 DEBUG epoch:192, knn_val_accu: 77.59, contrast_loss: 8.56, contrast_acc: 55.52
2023-08-07 23:36:08,464 DEBUG epoch:192, knn_val_accu: 77.59, contrast_loss: 8.56, contrast_acc: 55.52
2023-08-07 23:36:09,483 DEBUG epoch:192, knn_val_accu: 77.59, contrast_loss: 8.56, contrast_acc: 55.52
2023-08-07 23:37:33,075 DEBUG epoch:193, knn_val_accu: 77.62, contrast_loss: 8.56, contrast_acc: 55.49
2023-08-07 23:37:33,149 DEBUG epoch:193, knn_val_accu: 77.62, contrast_loss: 8.56, contrast_acc: 55.49
2023-08-07 23:37:35,060 DEBUG epoch:193, knn_val_accu: 77.62, contrast_loss: 8.56, contrast_acc: 55.49
2023-08-07 23:37:36,111 DEBUG epoch:193, knn_val_accu: 77.62, contrast_loss: 8.56, contrast_acc: 55.49
2023-08-07 23:38:58,998 DEBUG epoch:194, knn_val_accu: 77.68, contrast_loss: 8.56, contrast_acc: 55.61
2023-08-07 23:38:59,193 DEBUG epoch:194, knn_val_accu: 77.68, contrast_loss: 8.56, contrast_acc: 55.61
2023-08-07 23:39:01,068 DEBUG epoch:194, knn_val_accu: 77.68, contrast_loss: 8.56, contrast_acc: 55.61
2023-08-07 23:39:01,973 DEBUG epoch:194, knn_val_accu: 77.68, contrast_loss: 8.56, contrast_acc: 55.61
2023-08-07 23:40:25,383 DEBUG epoch:195, knn_val_accu: 77.64, contrast_loss: 8.55, contrast_acc: 55.71
2023-08-07 23:40:25,407 DEBUG epoch:195, knn_val_accu: 77.64, contrast_loss: 8.55, contrast_acc: 55.71
2023-08-07 23:40:27,392 DEBUG epoch:195, knn_val_accu: 77.64, contrast_loss: 8.55, contrast_acc: 55.71
2023-08-07 23:40:28,387 DEBUG epoch:195, knn_val_accu: 77.64, contrast_loss: 8.55, contrast_acc: 55.71
2023-08-07 23:41:51,311 DEBUG epoch:196, knn_val_accu: 77.65, contrast_loss: 8.55, contrast_acc: 55.68
2023-08-07 23:41:51,424 DEBUG epoch:196, knn_val_accu: 77.65, contrast_loss: 8.55, contrast_acc: 55.68
2023-08-07 23:41:53,304 DEBUG epoch:196, knn_val_accu: 77.65, contrast_loss: 8.55, contrast_acc: 55.68
2023-08-07 23:41:54,336 DEBUG epoch:196, knn_val_accu: 77.65, contrast_loss: 8.55, contrast_acc: 55.68
2023-08-07 23:43:16,617 DEBUG epoch:197, knn_val_accu: 77.63, contrast_loss: 8.56, contrast_acc: 55.40
2023-08-07 23:43:16,688 DEBUG epoch:197, knn_val_accu: 77.63, contrast_loss: 8.56, contrast_acc: 55.40
2023-08-07 23:43:18,737 DEBUG epoch:197, knn_val_accu: 77.63, contrast_loss: 8.56, contrast_acc: 55.40
2023-08-07 23:43:19,547 DEBUG epoch:197, knn_val_accu: 77.63, contrast_loss: 8.56, contrast_acc: 55.40
2023-08-07 23:44:43,145 DEBUG epoch:198, knn_val_accu: 77.61, contrast_loss: 8.56, contrast_acc: 55.40
2023-08-07 23:44:43,330 DEBUG epoch:198, knn_val_accu: 77.61, contrast_loss: 8.56, contrast_acc: 55.40
2023-08-07 23:44:45,223 DEBUG epoch:198, knn_val_accu: 77.61, contrast_loss: 8.56, contrast_acc: 55.40
2023-08-07 23:44:46,241 DEBUG epoch:198, knn_val_accu: 77.61, contrast_loss: 8.56, contrast_acc: 55.40
2023-08-07 23:46:09,609 DEBUG epoch:199, knn_val_accu: 77.63, contrast_loss: 8.56, contrast_acc: 56.05
2023-08-07 23:46:09,709 DEBUG epoch:199, knn_val_accu: 77.63, contrast_loss: 8.56, contrast_acc: 56.05
2023-08-07 23:46:11,707 DEBUG epoch:199, knn_val_accu: 77.63, contrast_loss: 8.56, contrast_acc: 56.05
2023-08-07 23:46:12,661 DEBUG epoch:199, knn_val_accu: 77.63, contrast_loss: 8.56, contrast_acc: 56.05
2023-08-07 23:47:36,965 DEBUG epoch:200, knn_val_accu: 77.73, contrast_loss: 8.56, contrast_acc: 55.69
2023-08-07 23:47:36,977 DEBUG epoch:200, knn_val_accu: 77.73, contrast_loss: 8.56, contrast_acc: 55.69
2023-08-07 23:47:37,302 DEBUG epoch:200, knn_val_accu: 77.73, contrast_loss: 8.56, contrast_acc: 55.69
2023-08-07 23:47:39,970 DEBUG epoch:200, knn_val_accu: 77.73, contrast_loss: 8.56, contrast_acc: 55.69
2023-08-07 23:47:42,621 DEBUG final knn evaluation accuracy is 77.73
2023-08-07 23:47:43,288 DEBUG final knn evaluation accuracy is 77.73
2023-08-07 23:47:48,480 DEBUG final knn evaluation accuracy is 77.73

2023-08-08 12:39:09,908 DEBUG final knn evaluation accuracy is 77.73
2023-08-08 12:39:10,058 DEBUG final knn evaluation accuracy is 77.73
2023-08-08 12:39:12,682 DEBUG final knn evaluation accuracy is 77.73
2023-08-08 12:39:15,626 DEBUG final knn evaluation accuracy is 77.73
2023-08-08 12:48:36,144 DEBUG final linear-probe evaluation accuracy is 84.17
2023-08-08 12:48:37,813 DEBUG final linear-probe evaluation accuracy is 84.17
2023-08-08 12:51:35,446 DEBUG final semi-supervised evaluation accuracy with 10% data is 83.32
2023-08-08 12:51:40,538 DEBUG final semi-supervised evaluation accuracy with 10% data is 83.32
2023-08-08 12:53:24,424 DEBUG final linear-probe evaluation accuracy is 84.17
2023-08-08 12:53:54,298 DEBUG final semi-supervised evaluation accuracy with 1% data is 80.82
2023-08-08 12:54:01,743 DEBUG final semi-supervised evaluation accuracy with 1% data is 80.82
2023-08-08 12:57:48,404 DEBUG final semi-supervised evaluation accuracy with 10% data is 83.32
2023-08-08 12:58:20,391 DEBUG final linear-probe evaluation accuracy is 84.17
2023-08-08 13:01:08,295 DEBUG final semi-supervised evaluation accuracy with 1% data is 80.82
2023-08-08 13:03:55,234 DEBUG final semi-supervised evaluation accuracy with 10% data is 83.32
2023-08-08 13:07:58,845 DEBUG final semi-supervised evaluation accuracy with 1% data is 80.82
